        -:    0:Source:C:/Users/User/ILYABO~1/PROGRA~2/MINGW-~1/I686-8~1.0-P/mingw32/lib/gcc/i686-w64-mingw32/8.1.0/include/c++/ext/aligned_buffer.h
        -:    0:Graph:C:\Users\User\CLionProjects\untitled\cmake-build-debug-coverage\CMakeFiles\untitled.dir\main.cpp.gcno
        -:    0:Data:C:\Users\User\CLionProjects\untitled\cmake-build-debug-coverage\CMakeFiles\untitled.dir\main.cpp.gcda
        -:    0:Runs:1
        -:    0:Programs:1
        -:    1:// Aligned memory buffer -*- C++ -*-
        -:    2:
        -:    3:// Copyright (C) 2013-2018 Free Software Foundation, Inc.
        -:    4://
        -:    5:// This file is part of the GNU ISO C++ Library.  This library is free
        -:    6:// software; you can redistribute it and/or modify it under the
        -:    7:// terms of the GNU General Public License as published by the
        -:    8:// Free Software Foundation; either version 3, or (at your option)
        -:    9:// any later version.
        -:   10:
        -:   11:// This library is distributed in the hope that it will be useful,
        -:   12:// but WITHOUT ANY WARRANTY; without even the implied warranty of
        -:   13:// MERCHANTABILITY or FITNESS FOR A PARTICULAR PURPOSE.  See the
        -:   14:// GNU General Public License for more details.
        -:   15:
        -:   16:// Under Section 7 of GPL version 3, you are granted additional
        -:   17:// permissions described in the GCC Runtime Library Exception, version
        -:   18:// 3.1, as published by the Free Software Foundation.
        -:   19:
        -:   20:// You should have received a copy of the GNU General Public License and
        -:   21:// a copy of the GCC Runtime Library Exception along with this program;
        -:   22:// see the files COPYING3 and COPYING.RUNTIME respectively.  If not, see
        -:   23:// <http://www.gnu.org/licenses/>.
        -:   24:
        -:   25:/** @file ext/aligned_buffer.h
        -:   26: *  This file is a GNU extension to the Standard C++ Library.
        -:   27: */
        -:   28:
        -:   29:#ifndef _ALIGNED_BUFFER_H
        -:   30:#define _ALIGNED_BUFFER_H 1
        -:   31:
        -:   32:#pragma GCC system_header
        -:   33:
        -:   34:#if __cplusplus >= 201103L
        -:   35:# include <type_traits>
        -:   36:#else
        -:   37:# include <bits/c++0x_warning.h>
        -:   38:#endif
        -:   39:
        -:   40:namespace __gnu_cxx
        -:   41:{
        -:   42:  // A utility type containing a POD object that can hold an object of type
        -:   43:  // _Tp initialized via placement new or allocator_traits::construct.
        -:   44:  // Intended for use as a data member subobject, use __aligned_buffer for
        -:   45:  // complete objects.
        -:   46:  template<typename _Tp>
        -:   47:    struct __aligned_membuf
        -:   48:    {
        -:   49:      // Target macro ADJUST_FIELD_ALIGN can produce different alignment for
        -:   50:      // types when used as class members. __aligned_membuf is intended
        -:   51:      // for use as a class member, so align the buffer as for a class member.
        -:   52:      struct _Tp2 { _Tp _M_t; };
        -:   53:
        -:   54:      alignas(__alignof__(_Tp2::_M_t)) unsigned char _M_storage[sizeof(_Tp)];
        -:   55:
        -:   56:      __aligned_membuf() = default;
        -:   57:
        -:   58:      // Can be used to avoid value-initialization zeroing _M_storage.
        -:   59:      __aligned_membuf(std::nullptr_t) { }
        -:   60:
        -:   61:      void*
      64*:   62:      _M_addr() noexcept
      64*:   63:      { return static_cast<void*>(&_M_storage); }
------------------
_ZN9__gnu_cxx16__aligned_membufISt4pairIKllEE7_M_addrEv:
function _ZN9__gnu_cxx16__aligned_membufISt4pairIKllEE7_M_addrEv called 0 returned 0% blocks executed 0%
    #####:   62:      _M_addr() noexcept
    #####:   63:      { return static_cast<void*>(&_M_storage); }
    %%%%%:   63-block  0
------------------
_ZN9__gnu_cxx16__aligned_membufISt8functionIFbcEEE7_M_addrEv:
function _ZN9__gnu_cxx16__aligned_membufISt8functionIFbcEEE7_M_addrEv called 0 returned 0% blocks executed 0%
    #####:   62:      _M_addr() noexcept
    #####:   63:      { return static_cast<void*>(&_M_storage); }
    %%%%%:   63-block  0
------------------
_ZN9__gnu_cxx16__aligned_membufIN5Catch9VerbosityEE7_M_addrEv:
function _ZN9__gnu_cxx16__aligned_membufIN5Catch9VerbosityEE7_M_addrEv called 2 returned 100% blocks executed 100%
        2:   62:      _M_addr() noexcept
        2:   63:      { return static_cast<void*>(&_M_storage); }
        2:   63-block  0
------------------
_ZN9__gnu_cxx16__aligned_membufIN5Catch8TestCaseEE7_M_addrEv:
function _ZN9__gnu_cxx16__aligned_membufIN5Catch8TestCaseEE7_M_addrEv called 16 returned 100% blocks executed 100%
       16:   62:      _M_addr() noexcept
       16:   63:      { return static_cast<void*>(&_M_storage); }
       16:   63-block  0
------------------
_ZN9__gnu_cxx16__aligned_membufISt4pairIKNSt7__cxx1112basic_stringIcSt11char_traitsIcESaIcEEEN5Catch8TagAliasEEE7_M_addrEv:
function _ZN9__gnu_cxx16__aligned_membufISt4pairIKNSt7__cxx1112basic_stringIcSt11char_traitsIcESaIcEEEN5Catch8TagAliasEEE7_M_addrEv called 0 returned 0% blocks executed 0%
    #####:   62:      _M_addr() noexcept
    #####:   63:      { return static_cast<void*>(&_M_storage); }
    %%%%%:   63-block  0
------------------
_ZN9__gnu_cxx16__aligned_membufIPKN5Catch8TestCaseEE7_M_addrEv:
function _ZN9__gnu_cxx16__aligned_membufIPKN5Catch8TestCaseEE7_M_addrEv called 16 returned 100% blocks executed 100%
       16:   62:      _M_addr() noexcept
       16:   63:      { return static_cast<void*>(&_M_storage); }
       16:   63-block  0
------------------
_ZN9__gnu_cxx16__aligned_membufISt4pairIKNSt7__cxx1112basic_stringIcSt11char_traitsIcESaIcEEESt10shared_ptrIN5Catch16IReporterFactoryEEEE7_M_addrEv:
function _ZN9__gnu_cxx16__aligned_membufISt4pairIKNSt7__cxx1112basic_stringIcSt11char_traitsIcESaIcEEESt10shared_ptrIN5Catch16IReporterFactoryEEEE7_M_addrEv called 8 returned 100% blocks executed 100%
        8:   62:      _M_addr() noexcept
        8:   63:      { return static_cast<void*>(&_M_storage); }
        8:   63-block  0
------------------
_ZN9__gnu_cxx16__aligned_membufINSt7__cxx1112basic_stringIcSt11char_traitsIcESaIcEEEE7_M_addrEv:
function _ZN9__gnu_cxx16__aligned_membufINSt7__cxx1112basic_stringIcSt11char_traitsIcESaIcEEEE7_M_addrEv called 0 returned 0% blocks executed 0%
    #####:   62:      _M_addr() noexcept
    #####:   63:      { return static_cast<void*>(&_M_storage); }
    %%%%%:   63-block  0
------------------
_ZN9__gnu_cxx16__aligned_membufIiE7_M_addrEv:
function _ZN9__gnu_cxx16__aligned_membufIiE7_M_addrEv called 22 returned 100% blocks executed 100%
       22:   62:      _M_addr() noexcept
       22:   63:      { return static_cast<void*>(&_M_storage); }
       22:   63-block  0
------------------
_ZN9__gnu_cxx16__aligned_membufISt4pairIKNSt7__cxx1112basic_stringIcSt11char_traitsIcESaIcEEEN5Catch7TagInfoEEE7_M_addrEv:
function _ZN9__gnu_cxx16__aligned_membufISt4pairIKNSt7__cxx1112basic_stringIcSt11char_traitsIcESaIcEEEN5Catch7TagInfoEEE7_M_addrEv called 0 returned 0% blocks executed 0%
    #####:   62:      _M_addr() noexcept
    #####:   63:      { return static_cast<void*>(&_M_storage); }
    %%%%%:   63-block  0
------------------
        -:   64:
        -:   65:      const void*
     109*:   66:      _M_addr() const noexcept
     109*:   67:      { return static_cast<const void*>(&_M_storage); }
------------------
_ZNK9__gnu_cxx16__aligned_membufISt4pairIKllEE7_M_addrEv:
function _ZNK9__gnu_cxx16__aligned_membufISt4pairIKllEE7_M_addrEv called 0 returned 0% blocks executed 0%
    #####:   66:      _M_addr() const noexcept
    #####:   67:      { return static_cast<const void*>(&_M_storage); }
    %%%%%:   67-block  0
------------------
_ZNK9__gnu_cxx16__aligned_membufISt8functionIFbcEEE7_M_addrEv:
function _ZNK9__gnu_cxx16__aligned_membufISt8functionIFbcEEE7_M_addrEv called 0 returned 0% blocks executed 0%
    #####:   66:      _M_addr() const noexcept
    #####:   67:      { return static_cast<const void*>(&_M_storage); }
    %%%%%:   67-block  0
------------------
_ZNK9__gnu_cxx16__aligned_membufIN5Catch9VerbosityEE7_M_addrEv:
function _ZNK9__gnu_cxx16__aligned_membufIN5Catch9VerbosityEE7_M_addrEv called 2 returned 100% blocks executed 100%
        2:   66:      _M_addr() const noexcept
        2:   67:      { return static_cast<const void*>(&_M_storage); }
        2:   67-block  0
------------------
_ZNK9__gnu_cxx16__aligned_membufISt4pairIKNSt7__cxx1112basic_stringIcSt11char_traitsIcESaIcEEEN5Catch7TagInfoEEE7_M_addrEv:
function _ZNK9__gnu_cxx16__aligned_membufISt4pairIKNSt7__cxx1112basic_stringIcSt11char_traitsIcESaIcEEEN5Catch7TagInfoEEE7_M_addrEv called 0 returned 0% blocks executed 0%
    #####:   66:      _M_addr() const noexcept
    #####:   67:      { return static_cast<const void*>(&_M_storage); }
    %%%%%:   67-block  0
------------------
_ZNK9__gnu_cxx16__aligned_membufIN5Catch8TestCaseEE7_M_addrEv:
function _ZNK9__gnu_cxx16__aligned_membufIN5Catch8TestCaseEE7_M_addrEv called 29 returned 100% blocks executed 100%
       29:   66:      _M_addr() const noexcept
       29:   67:      { return static_cast<const void*>(&_M_storage); }
       29:   67-block  0
------------------
_ZNK9__gnu_cxx16__aligned_membufISt4pairIKNSt7__cxx1112basic_stringIcSt11char_traitsIcESaIcEEEN5Catch8TagAliasEEE7_M_addrEv:
function _ZNK9__gnu_cxx16__aligned_membufISt4pairIKNSt7__cxx1112basic_stringIcSt11char_traitsIcESaIcEEEN5Catch8TagAliasEEE7_M_addrEv called 0 returned 0% blocks executed 0%
    #####:   66:      _M_addr() const noexcept
    #####:   67:      { return static_cast<const void*>(&_M_storage); }
    %%%%%:   67-block  0
------------------
_ZNK9__gnu_cxx16__aligned_membufIPKN5Catch8TestCaseEE7_M_addrEv:
function _ZNK9__gnu_cxx16__aligned_membufIPKN5Catch8TestCaseEE7_M_addrEv called 56 returned 100% blocks executed 100%
       56:   66:      _M_addr() const noexcept
       56:   67:      { return static_cast<const void*>(&_M_storage); }
       56:   67-block  0
------------------
_ZNK9__gnu_cxx16__aligned_membufISt4pairIKNSt7__cxx1112basic_stringIcSt11char_traitsIcESaIcEEESt10shared_ptrIN5Catch16IReporterFactoryEEEE7_M_addrEv:
function _ZNK9__gnu_cxx16__aligned_membufISt4pairIKNSt7__cxx1112basic_stringIcSt11char_traitsIcESaIcEEESt10shared_ptrIN5Catch16IReporterFactoryEEEE7_M_addrEv called 22 returned 100% blocks executed 100%
       22:   66:      _M_addr() const noexcept
       22:   67:      { return static_cast<const void*>(&_M_storage); }
       22:   67-block  0
------------------
_ZNK9__gnu_cxx16__aligned_membufINSt7__cxx1112basic_stringIcSt11char_traitsIcESaIcEEEE7_M_addrEv:
function _ZNK9__gnu_cxx16__aligned_membufINSt7__cxx1112basic_stringIcSt11char_traitsIcESaIcEEEE7_M_addrEv called 0 returned 0% blocks executed 0%
    #####:   66:      _M_addr() const noexcept
    #####:   67:      { return static_cast<const void*>(&_M_storage); }
    %%%%%:   67-block  0
------------------
        -:   68:
        -:   69:      _Tp*
      64*:   70:      _M_ptr() noexcept
      64*:   71:      { return static_cast<_Tp*>(_M_addr()); }
------------------
_ZN9__gnu_cxx16__aligned_membufISt4pairIKllEE6_M_ptrEv:
function _ZN9__gnu_cxx16__aligned_membufISt4pairIKllEE6_M_ptrEv called 0 returned 0% blocks executed 0%
    #####:   70:      _M_ptr() noexcept
    #####:   71:      { return static_cast<_Tp*>(_M_addr()); }
    %%%%%:   71-block  0
call    0 never executed
------------------
_ZN9__gnu_cxx16__aligned_membufIN5Catch9VerbosityEE6_M_ptrEv:
function _ZN9__gnu_cxx16__aligned_membufIN5Catch9VerbosityEE6_M_ptrEv called 2 returned 100% blocks executed 100%
        2:   70:      _M_ptr() noexcept
        2:   71:      { return static_cast<_Tp*>(_M_addr()); }
        2:   71-block  0
call    0 returned 2
------------------
_ZN9__gnu_cxx16__aligned_membufIN5Catch8TestCaseEE6_M_ptrEv:
function _ZN9__gnu_cxx16__aligned_membufIN5Catch8TestCaseEE6_M_ptrEv called 16 returned 100% blocks executed 100%
       16:   70:      _M_ptr() noexcept
       16:   71:      { return static_cast<_Tp*>(_M_addr()); }
       16:   71-block  0
call    0 returned 16
------------------
_ZN9__gnu_cxx16__aligned_membufISt4pairIKNSt7__cxx1112basic_stringIcSt11char_traitsIcESaIcEEEN5Catch8TagAliasEEE6_M_ptrEv:
function _ZN9__gnu_cxx16__aligned_membufISt4pairIKNSt7__cxx1112basic_stringIcSt11char_traitsIcESaIcEEEN5Catch8TagAliasEEE6_M_ptrEv called 0 returned 0% blocks executed 0%
    #####:   70:      _M_ptr() noexcept
    #####:   71:      { return static_cast<_Tp*>(_M_addr()); }
    %%%%%:   71-block  0
call    0 never executed
------------------
_ZN9__gnu_cxx16__aligned_membufIPKN5Catch8TestCaseEE6_M_ptrEv:
function _ZN9__gnu_cxx16__aligned_membufIPKN5Catch8TestCaseEE6_M_ptrEv called 16 returned 100% blocks executed 100%
       16:   70:      _M_ptr() noexcept
       16:   71:      { return static_cast<_Tp*>(_M_addr()); }
       16:   71-block  0
call    0 returned 16
------------------
_ZN9__gnu_cxx16__aligned_membufISt4pairIKNSt7__cxx1112basic_stringIcSt11char_traitsIcESaIcEEESt10shared_ptrIN5Catch16IReporterFactoryEEEE6_M_ptrEv:
function _ZN9__gnu_cxx16__aligned_membufISt4pairIKNSt7__cxx1112basic_stringIcSt11char_traitsIcESaIcEEESt10shared_ptrIN5Catch16IReporterFactoryEEEE6_M_ptrEv called 8 returned 100% blocks executed 100%
        8:   70:      _M_ptr() noexcept
        8:   71:      { return static_cast<_Tp*>(_M_addr()); }
        8:   71-block  0
call    0 returned 8
------------------
_ZN9__gnu_cxx16__aligned_membufINSt7__cxx1112basic_stringIcSt11char_traitsIcESaIcEEEE6_M_ptrEv:
function _ZN9__gnu_cxx16__aligned_membufINSt7__cxx1112basic_stringIcSt11char_traitsIcESaIcEEEE6_M_ptrEv called 0 returned 0% blocks executed 0%
    #####:   70:      _M_ptr() noexcept
    #####:   71:      { return static_cast<_Tp*>(_M_addr()); }
    %%%%%:   71-block  0
call    0 never executed
------------------
_ZN9__gnu_cxx16__aligned_membufIiE6_M_ptrEv:
function _ZN9__gnu_cxx16__aligned_membufIiE6_M_ptrEv called 22 returned 100% blocks executed 100%
       22:   70:      _M_ptr() noexcept
       22:   71:      { return static_cast<_Tp*>(_M_addr()); }
       22:   71-block  0
call    0 returned 22
------------------
_ZN9__gnu_cxx16__aligned_membufISt4pairIKNSt7__cxx1112basic_stringIcSt11char_traitsIcESaIcEEEN5Catch7TagInfoEEE6_M_ptrEv:
function _ZN9__gnu_cxx16__aligned_membufISt4pairIKNSt7__cxx1112basic_stringIcSt11char_traitsIcESaIcEEEN5Catch7TagInfoEEE6_M_ptrEv called 0 returned 0% blocks executed 0%
    #####:   70:      _M_ptr() noexcept
    #####:   71:      { return static_cast<_Tp*>(_M_addr()); }
    %%%%%:   71-block  0
call    0 never executed
------------------
        -:   72:
        -:   73:      const _Tp*
     109*:   74:      _M_ptr() const noexcept
     109*:   75:      { return static_cast<const _Tp*>(_M_addr()); }
------------------
_ZNK9__gnu_cxx16__aligned_membufISt4pairIKllEE6_M_ptrEv:
function _ZNK9__gnu_cxx16__aligned_membufISt4pairIKllEE6_M_ptrEv called 0 returned 0% blocks executed 0%
    #####:   74:      _M_ptr() const noexcept
    #####:   75:      { return static_cast<const _Tp*>(_M_addr()); }
    %%%%%:   75-block  0
call    0 never executed
------------------
_ZNK9__gnu_cxx16__aligned_membufIN5Catch9VerbosityEE6_M_ptrEv:
function _ZNK9__gnu_cxx16__aligned_membufIN5Catch9VerbosityEE6_M_ptrEv called 2 returned 100% blocks executed 100%
        2:   74:      _M_ptr() const noexcept
        2:   75:      { return static_cast<const _Tp*>(_M_addr()); }
        2:   75-block  0
call    0 returned 2
------------------
_ZNK9__gnu_cxx16__aligned_membufISt4pairIKNSt7__cxx1112basic_stringIcSt11char_traitsIcESaIcEEEN5Catch7TagInfoEEE6_M_ptrEv:
function _ZNK9__gnu_cxx16__aligned_membufISt4pairIKNSt7__cxx1112basic_stringIcSt11char_traitsIcESaIcEEEN5Catch7TagInfoEEE6_M_ptrEv called 0 returned 0% blocks executed 0%
    #####:   74:      _M_ptr() const noexcept
    #####:   75:      { return static_cast<const _Tp*>(_M_addr()); }
    %%%%%:   75-block  0
call    0 never executed
------------------
_ZNK9__gnu_cxx16__aligned_membufIN5Catch8TestCaseEE6_M_ptrEv:
function _ZNK9__gnu_cxx16__aligned_membufIN5Catch8TestCaseEE6_M_ptrEv called 29 returned 100% blocks executed 100%
       29:   74:      _M_ptr() const noexcept
       29:   75:      { return static_cast<const _Tp*>(_M_addr()); }
       29:   75-block  0
call    0 returned 29
------------------
_ZNK9__gnu_cxx16__aligned_membufISt4pairIKNSt7__cxx1112basic_stringIcSt11char_traitsIcESaIcEEEN5Catch8TagAliasEEE6_M_ptrEv:
function _ZNK9__gnu_cxx16__aligned_membufISt4pairIKNSt7__cxx1112basic_stringIcSt11char_traitsIcESaIcEEEN5Catch8TagAliasEEE6_M_ptrEv called 0 returned 0% blocks executed 0%
    #####:   74:      _M_ptr() const noexcept
    #####:   75:      { return static_cast<const _Tp*>(_M_addr()); }
    %%%%%:   75-block  0
call    0 never executed
------------------
_ZNK9__gnu_cxx16__aligned_membufIPKN5Catch8TestCaseEE6_M_ptrEv:
function _ZNK9__gnu_cxx16__aligned_membufIPKN5Catch8TestCaseEE6_M_ptrEv called 56 returned 100% blocks executed 100%
       56:   74:      _M_ptr() const noexcept
       56:   75:      { return static_cast<const _Tp*>(_M_addr()); }
       56:   75-block  0
call    0 returned 56
------------------
_ZNK9__gnu_cxx16__aligned_membufISt4pairIKNSt7__cxx1112basic_stringIcSt11char_traitsIcESaIcEEESt10shared_ptrIN5Catch16IReporterFactoryEEEE6_M_ptrEv:
function _ZNK9__gnu_cxx16__aligned_membufISt4pairIKNSt7__cxx1112basic_stringIcSt11char_traitsIcESaIcEEESt10shared_ptrIN5Catch16IReporterFactoryEEEE6_M_ptrEv called 22 returned 100% blocks executed 100%
       22:   74:      _M_ptr() const noexcept
       22:   75:      { return static_cast<const _Tp*>(_M_addr()); }
       22:   75-block  0
call    0 returned 22
------------------
_ZNK9__gnu_cxx16__aligned_membufINSt7__cxx1112basic_stringIcSt11char_traitsIcESaIcEEEE6_M_ptrEv:
function _ZNK9__gnu_cxx16__aligned_membufINSt7__cxx1112basic_stringIcSt11char_traitsIcESaIcEEEE6_M_ptrEv called 0 returned 0% blocks executed 0%
    #####:   74:      _M_ptr() const noexcept
    #####:   75:      { return static_cast<const _Tp*>(_M_addr()); }
    %%%%%:   75-block  0
call    0 never executed
------------------
        -:   76:    };
        -:   77:
        -:   78:#if _GLIBCXX_INLINE_VERSION
        -:   79:  template<typename _Tp>
        -:   80:    using __aligned_buffer = __aligned_membuf<_Tp>;
        -:   81:#else
        -:   82:  // Similar to __aligned_membuf but aligned for complete objects, not members.
        -:   83:  // This type is used in <forward_list>, <future>, <bits/shared_ptr_base.h>
        -:   84:  // and <bits/hashtable_policy.h>, but ideally they would use __aligned_membuf
        -:   85:  // instead, as it has smaller size for some types on some targets.
        -:   86:  // This type is still used to avoid an ABI change.
        -:   87:  template<typename _Tp>
        -:   88:    struct __aligned_buffer
        -:   89:    : std::aligned_storage<sizeof(_Tp), std::alignment_of<_Tp>::value>
        -:   90:    {
        -:   91:      typename
        -:   92:	std::aligned_storage<sizeof(_Tp), std::alignment_of<_Tp>::value>::type
        -:   93:	_M_storage;
        -:   94:
        -:   95:      __aligned_buffer() = default;
        -:   96:
        -:   97:      // Can be used to avoid value-initialization
        -:   98:      __aligned_buffer(std::nullptr_t) { }
        -:   99:
        -:  100:      void*
     165*:  101:      _M_addr() noexcept
        -:  102:      {
     165*:  103:        return static_cast<void*>(&_M_storage);
        -:  104:      }
------------------
_ZN9__gnu_cxx16__aligned_bufferIN5Catch5clara6detail15BoundFlagLambdaIZNS1_21makeCommandLineParserERNS1_10ConfigDataEEUlbE7_EEE7_M_addrEv:
function _ZN9__gnu_cxx16__aligned_bufferIN5Catch5clara6detail15BoundFlagLambdaIZNS1_21makeCommandLineParserERNS1_10ConfigDataEEUlbE7_EEE7_M_addrEv called 3 returned 100% blocks executed 100%
        3:  101:      _M_addr() noexcept
        -:  102:      {
        3:  103:        return static_cast<void*>(&_M_storage);
        3:  103-block  0
        -:  104:      }
------------------
_ZN9__gnu_cxx16__aligned_bufferIN5Catch22CumulativeReporterBaseINS1_13JunitReporterEE4NodeINS1_14TestGroupStatsENS5_INS1_13TestCaseStatsENS4_11SectionNodeEEEEEE7_M_addrEv:
function _ZN9__gnu_cxx16__aligned_bufferIN5Catch22CumulativeReporterBaseINS1_13JunitReporterEE4NodeINS1_14TestGroupStatsENS5_INS1_13TestCaseStatsENS4_11SectionNodeEEEEEE7_M_addrEv called 0 returned 0% blocks executed 0%
    #####:  101:      _M_addr() noexcept
        -:  102:      {
    #####:  103:        return static_cast<void*>(&_M_storage);
    %%%%%:  103-block  0
        -:  104:      }
------------------
_ZN9__gnu_cxx16__aligned_bufferIN5Catch22CumulativeReporterBaseINS1_13JunitReporterEE4NodeINS1_13TestCaseStatsENS4_11SectionNodeEEEE7_M_addrEv:
function _ZN9__gnu_cxx16__aligned_bufferIN5Catch22CumulativeReporterBaseINS1_13JunitReporterEE4NodeINS1_13TestCaseStatsENS4_11SectionNodeEEEE7_M_addrEv called 0 returned 0% blocks executed 0%
    #####:  101:      _M_addr() noexcept
        -:  102:      {
    #####:  103:        return static_cast<void*>(&_M_storage);
    %%%%%:  103-block  0
        -:  104:      }
------------------
_ZN9__gnu_cxx16__aligned_bufferIN5Catch17ReporterRegistrarINS1_15ConsoleReporterEE15ReporterFactoryEE7_M_addrEv:
function _ZN9__gnu_cxx16__aligned_bufferIN5Catch17ReporterRegistrarINS1_15ConsoleReporterEE15ReporterFactoryEE7_M_addrEv called 3 returned 100% blocks executed 100%
        3:  101:      _M_addr() noexcept
        -:  102:      {
        3:  103:        return static_cast<void*>(&_M_storage);
        3:  103-block  0
        -:  104:      }
------------------
_ZN9__gnu_cxx16__aligned_bufferIN5Catch17ReporterRegistrarINS1_15CompactReporterEE15ReporterFactoryEE7_M_addrEv:
function _ZN9__gnu_cxx16__aligned_bufferIN5Catch17ReporterRegistrarINS1_15CompactReporterEE15ReporterFactoryEE7_M_addrEv called 3 returned 100% blocks executed 100%
        3:  101:      _M_addr() noexcept
        -:  102:      {
        3:  103:        return static_cast<void*>(&_M_storage);
        3:  103-block  0
        -:  104:      }
------------------
_ZN9__gnu_cxx16__aligned_bufferIN5Catch8TestSpec10TagPatternEE7_M_addrEv:
function _ZN9__gnu_cxx16__aligned_bufferIN5Catch8TestSpec10TagPatternEE7_M_addrEv called 0 returned 0% blocks executed 0%
    #####:  101:      _M_addr() noexcept
        -:  102:      {
    #####:  103:        return static_cast<void*>(&_M_storage);
    %%%%%:  103-block  0
        -:  104:      }
------------------
_ZN9__gnu_cxx16__aligned_bufferIN5Catch8TestSpec15ExcludedPatternEE7_M_addrEv:
function _ZN9__gnu_cxx16__aligned_bufferIN5Catch8TestSpec15ExcludedPatternEE7_M_addrEv called 0 returned 0% blocks executed 0%
    #####:  101:      _M_addr() noexcept
        -:  102:      {
    #####:  103:        return static_cast<void*>(&_M_storage);
    %%%%%:  103-block  0
        -:  104:      }
------------------
_ZN9__gnu_cxx16__aligned_bufferIN5Catch8TestSpec11NamePatternEE7_M_addrEv:
function _ZN9__gnu_cxx16__aligned_bufferIN5Catch8TestSpec11NamePatternEE7_M_addrEv called 0 returned 0% blocks executed 0%
    #####:  101:      _M_addr() noexcept
        -:  102:      {
    #####:  103:        return static_cast<void*>(&_M_storage);
    %%%%%:  103-block  0
        -:  104:      }
------------------
_ZN9__gnu_cxx16__aligned_bufferIN5Catch5clara6detail13BoundValueRefISt6vectorINSt7__cxx1112basic_stringIcSt11char_traitsIcESaIcEEESaISB_EEEEE7_M_addrEv:
function _ZN9__gnu_cxx16__aligned_bufferIN5Catch5clara6detail13BoundValueRefISt6vectorINSt7__cxx1112basic_stringIcSt11char_traitsIcESaIcEEESaISB_EEEEE7_M_addrEv called 6 returned 100% blocks executed 100%
        6:  101:      _M_addr() noexcept
        -:  102:      {
        6:  103:        return static_cast<void*>(&_M_storage);
        6:  103-block  0
        -:  104:      }
------------------
_ZN9__gnu_cxx16__aligned_bufferIN5Catch17ReporterRegistrarINS1_13JunitReporterEE15ReporterFactoryEE7_M_addrEv:
function _ZN9__gnu_cxx16__aligned_bufferIN5Catch17ReporterRegistrarINS1_13JunitReporterEE15ReporterFactoryEE7_M_addrEv called 3 returned 100% blocks executed 100%
        3:  101:      _M_addr() noexcept
        -:  102:      {
        3:  103:        return static_cast<void*>(&_M_storage);
        3:  103-block  0
        -:  104:      }
------------------
_ZN9__gnu_cxx16__aligned_bufferIN5Catch5clara6detail15BoundFlagLambdaIZNS3_4HelpC4ERbEUlbE_EEE7_M_addrEv:
function _ZN9__gnu_cxx16__aligned_bufferIN5Catch5clara6detail15BoundFlagLambdaIZNS3_4HelpC4ERbEUlbE_EEE7_M_addrEv called 3 returned 100% blocks executed 100%
        3:  101:      _M_addr() noexcept
        -:  102:      {
        3:  103:        return static_cast<void*>(&_M_storage);
        3:  103-block  0
        -:  104:      }
------------------
_ZN9__gnu_cxx16__aligned_bufferIN5Catch16TestCaseTracking14SectionTrackerEE7_M_addrEv:
function _ZN9__gnu_cxx16__aligned_bufferIN5Catch16TestCaseTracking14SectionTrackerEE7_M_addrEv called 48 returned 100% blocks executed 100%
       48:  101:      _M_addr() noexcept
        -:  102:      {
       48:  103:        return static_cast<void*>(&_M_storage);
       48:  103-block  0
        -:  104:      }
------------------
_ZN9__gnu_cxx16__aligned_bufferIN5Catch6ConfigEE7_M_addrEv:
function _ZN9__gnu_cxx16__aligned_bufferIN5Catch6ConfigEE7_M_addrEv called 3 returned 100% blocks executed 100%
        3:  101:      _M_addr() noexcept
        -:  102:      {
        3:  103:        return static_cast<void*>(&_M_storage);
        3:  103-block  0
        -:  104:      }
------------------
_ZN9__gnu_cxx16__aligned_bufferIN5Catch10Generators16GeneratorTrackerEE7_M_addrEv:
function _ZN9__gnu_cxx16__aligned_bufferIN5Catch10Generators16GeneratorTrackerEE7_M_addrEv called 0 returned 0% blocks executed 0%
    #####:  101:      _M_addr() noexcept
        -:  102:      {
    #####:  103:        return static_cast<void*>(&_M_storage);
    %%%%%:  103-block  0
        -:  104:      }
------------------
_ZN9__gnu_cxx16__aligned_bufferIN5Catch5clara6detail12BoundFlagRefEE7_M_addrEv:
function _ZN9__gnu_cxx16__aligned_bufferIN5Catch5clara6detail12BoundFlagRefEE7_M_addrEv called 33 returned 100% blocks executed 100%
       33:  101:      _M_addr() noexcept
        -:  102:      {
       33:  103:        return static_cast<void*>(&_M_storage);
       33:  103-block  0
        -:  104:      }
------------------
_ZN9__gnu_cxx16__aligned_bufferIN5Catch5clara6detail13BoundValueRefINSt7__cxx1112basic_stringIcSt11char_traitsIcESaIcEEEEEE7_M_addrEv:
function _ZN9__gnu_cxx16__aligned_bufferIN5Catch5clara6detail13BoundValueRefINSt7__cxx1112basic_stringIcSt11char_traitsIcESaIcEEEEEE7_M_addrEv called 9 returned 100% blocks executed 100%
        9:  101:      _M_addr() noexcept
        -:  102:      {
        9:  103:        return static_cast<void*>(&_M_storage);
        9:  103-block  0
        -:  104:      }
------------------
_ZN9__gnu_cxx16__aligned_bufferINSt7__cxx1112basic_stringIcSt11char_traitsIcESaIcEEEE7_M_addrEv:
function _ZN9__gnu_cxx16__aligned_bufferINSt7__cxx1112basic_stringIcSt11char_traitsIcESaIcEEEE7_M_addrEv called 9 returned 100% blocks executed 100%
        9:  101:      _M_addr() noexcept
        -:  102:      {
        9:  103:        return static_cast<void*>(&_M_storage);
        9:  103-block  0
        -:  104:      }
------------------
_ZN9__gnu_cxx16__aligned_bufferIN5Catch22CumulativeReporterBaseINS1_13JunitReporterEE4NodeINS1_12TestRunStatsENS5_INS1_14TestGroupStatsENS5_INS1_13TestCaseStatsENS4_11SectionNodeEEEEEEEE7_M_addrEv:
function _ZN9__gnu_cxx16__aligned_bufferIN5Catch22CumulativeReporterBaseINS1_13JunitReporterEE4NodeINS1_12TestRunStatsENS5_INS1_14TestGroupStatsENS5_INS1_13TestCaseStatsENS4_11SectionNodeEEEEEEEE7_M_addrEv called 0 returned 0% blocks executed 0%
    #####:  101:      _M_addr() noexcept
        -:  102:      {
    #####:  103:        return static_cast<void*>(&_M_storage);
    %%%%%:  103-block  0
        -:  104:      }
------------------
_ZN9__gnu_cxx16__aligned_bufferIN5Catch17ReporterRegistrarINS1_11XmlReporterEE15ReporterFactoryEE7_M_addrEv:
function _ZN9__gnu_cxx16__aligned_bufferIN5Catch17ReporterRegistrarINS1_11XmlReporterEE15ReporterFactoryEE7_M_addrEv called 3 returned 100% blocks executed 100%
        3:  101:      _M_addr() noexcept
        -:  102:      {
        3:  103:        return static_cast<void*>(&_M_storage);
        3:  103-block  0
        -:  104:      }
------------------
_ZN9__gnu_cxx16__aligned_bufferIN5Catch5clara6detail11BoundLambdaIZNS1_21makeCommandLineParserERNS1_10ConfigDataEEUlRKNSt7__cxx1112basic_stringIcSt11char_traitsIcESaIcEEEE6_EEE7_M_addrEv:
function _ZN9__gnu_cxx16__aligned_bufferIN5Catch5clara6detail11BoundLambdaIZNS1_21makeCommandLineParserERNS1_10ConfigDataEEUlRKNSt7__cxx1112basic_stringIcSt11char_traitsIcESaIcEEEE6_EEE7_M_addrEv called 3 returned 100% blocks executed 100%
        3:  101:      _M_addr() noexcept
        -:  102:      {
        3:  103:        return static_cast<void*>(&_M_storage);
        3:  103-block  0
        -:  104:      }
------------------
_ZN9__gnu_cxx16__aligned_bufferIN5Catch5clara6detail11BoundLambdaIZNS1_21makeCommandLineParserERNS1_10ConfigDataEEUliE8_EEE7_M_addrEv:
function _ZN9__gnu_cxx16__aligned_bufferIN5Catch5clara6detail11BoundLambdaIZNS1_21makeCommandLineParserERNS1_10ConfigDataEEUliE8_EEE7_M_addrEv called 3 returned 100% blocks executed 100%
        3:  101:      _M_addr() noexcept
        -:  102:      {
        3:  103:        return static_cast<void*>(&_M_storage);
        3:  103-block  0
        -:  104:      }
------------------
_ZN9__gnu_cxx16__aligned_bufferIN5Catch5clara6detail11BoundLambdaIZNS1_21makeCommandLineParserERNS1_10ConfigDataEEUlRKNSt7__cxx1112basic_stringIcSt11char_traitsIcESaIcEEEE_EEE7_M_addrEv:
function _ZN9__gnu_cxx16__aligned_bufferIN5Catch5clara6detail11BoundLambdaIZNS1_21makeCommandLineParserERNS1_10ConfigDataEEUlRKNSt7__cxx1112basic_stringIcSt11char_traitsIcESaIcEEEE_EEE7_M_addrEv called 3 returned 100% blocks executed 100%
        3:  101:      _M_addr() noexcept
        -:  102:      {
        3:  103:        return static_cast<void*>(&_M_storage);
        3:  103-block  0
        -:  104:      }
------------------
_ZN9__gnu_cxx16__aligned_bufferIN5Catch5clara6detail11BoundLambdaIZNS1_21makeCommandLineParserERNS1_10ConfigDataEEUlbE9_EEE7_M_addrEv:
function _ZN9__gnu_cxx16__aligned_bufferIN5Catch5clara6detail11BoundLambdaIZNS1_21makeCommandLineParserERNS1_10ConfigDataEEUlbE9_EEE7_M_addrEv called 3 returned 100% blocks executed 100%
        3:  101:      _M_addr() noexcept
        -:  102:      {
        3:  103:        return static_cast<void*>(&_M_storage);
        3:  103-block  0
        -:  104:      }
------------------
_ZN9__gnu_cxx16__aligned_bufferIN5Catch5clara6detail11BoundLambdaIZNS1_21makeCommandLineParserERNS1_10ConfigDataEEUlRKNSt7__cxx1112basic_stringIcSt11char_traitsIcESaIcEEEE0_EEE7_M_addrEv:
function _ZN9__gnu_cxx16__aligned_bufferIN5Catch5clara6detail11BoundLambdaIZNS1_21makeCommandLineParserERNS1_10ConfigDataEEUlRKNSt7__cxx1112basic_stringIcSt11char_traitsIcESaIcEEEE0_EEE7_M_addrEv called 3 returned 100% blocks executed 100%
        3:  101:      _M_addr() noexcept
        -:  102:      {
        3:  103:        return static_cast<void*>(&_M_storage);
        3:  103-block  0
        -:  104:      }
------------------
_ZN9__gnu_cxx16__aligned_bufferIN5Catch5clara6detail11BoundLambdaIZNS1_21makeCommandLineParserERNS1_10ConfigDataEEUlRKNSt7__cxx1112basic_stringIcSt11char_traitsIcESaIcEEEE5_EEE7_M_addrEv:
function _ZN9__gnu_cxx16__aligned_bufferIN5Catch5clara6detail11BoundLambdaIZNS1_21makeCommandLineParserERNS1_10ConfigDataEEUlRKNSt7__cxx1112basic_stringIcSt11char_traitsIcESaIcEEEE5_EEE7_M_addrEv called 3 returned 100% blocks executed 100%
        3:  101:      _M_addr() noexcept
        -:  102:      {
        3:  103:        return static_cast<void*>(&_M_storage);
        3:  103-block  0
        -:  104:      }
------------------
_ZN9__gnu_cxx16__aligned_bufferIN5Catch5clara6detail11BoundLambdaIZNS1_21makeCommandLineParserERNS1_10ConfigDataEEUlRKNSt7__cxx1112basic_stringIcSt11char_traitsIcESaIcEEEE1_EEE7_M_addrEv:
function _ZN9__gnu_cxx16__aligned_bufferIN5Catch5clara6detail11BoundLambdaIZNS1_21makeCommandLineParserERNS1_10ConfigDataEEUlRKNSt7__cxx1112basic_stringIcSt11char_traitsIcESaIcEEEE1_EEE7_M_addrEv called 3 returned 100% blocks executed 100%
        3:  101:      _M_addr() noexcept
        -:  102:      {
        3:  103:        return static_cast<void*>(&_M_storage);
        3:  103-block  0
        -:  104:      }
------------------
_ZN9__gnu_cxx16__aligned_bufferIN5Catch5clara6detail11BoundLambdaIZNS1_21makeCommandLineParserERNS1_10ConfigDataEEUlRKNSt7__cxx1112basic_stringIcSt11char_traitsIcESaIcEEEE2_EEE7_M_addrEv:
function _ZN9__gnu_cxx16__aligned_bufferIN5Catch5clara6detail11BoundLambdaIZNS1_21makeCommandLineParserERNS1_10ConfigDataEEUlRKNSt7__cxx1112basic_stringIcSt11char_traitsIcESaIcEEEE2_EEE7_M_addrEv called 3 returned 100% blocks executed 100%
        3:  101:      _M_addr() noexcept
        -:  102:      {
        3:  103:        return static_cast<void*>(&_M_storage);
        3:  103-block  0
        -:  104:      }
------------------
_ZN9__gnu_cxx16__aligned_bufferIN5Catch5clara6detail11BoundLambdaIZNS1_21makeCommandLineParserERNS1_10ConfigDataEEUlRKNSt7__cxx1112basic_stringIcSt11char_traitsIcESaIcEEEE3_EEE7_M_addrEv:
function _ZN9__gnu_cxx16__aligned_bufferIN5Catch5clara6detail11BoundLambdaIZNS1_21makeCommandLineParserERNS1_10ConfigDataEEUlRKNSt7__cxx1112basic_stringIcSt11char_traitsIcESaIcEEEE3_EEE7_M_addrEv called 3 returned 100% blocks executed 100%
        3:  101:      _M_addr() noexcept
        -:  102:      {
        3:  103:        return static_cast<void*>(&_M_storage);
        3:  103-block  0
        -:  104:      }
------------------
_ZN9__gnu_cxx16__aligned_bufferIN5Catch5clara6detail11BoundLambdaIZNS1_21makeCommandLineParserERNS1_10ConfigDataEEUlRKNSt7__cxx1112basic_stringIcSt11char_traitsIcESaIcEEEE4_EEE7_M_addrEv:
function _ZN9__gnu_cxx16__aligned_bufferIN5Catch5clara6detail11BoundLambdaIZNS1_21makeCommandLineParserERNS1_10ConfigDataEEUlRKNSt7__cxx1112basic_stringIcSt11char_traitsIcESaIcEEEE4_EEE7_M_addrEv called 3 returned 100% blocks executed 100%
        3:  101:      _M_addr() noexcept
        -:  102:      {
        3:  103:        return static_cast<void*>(&_M_storage);
        3:  103-block  0
        -:  104:      }
------------------
_ZN9__gnu_cxx16__aligned_bufferIN5Catch5clara6detail13BoundValueRefIjEEE7_M_addrEv:
function _ZN9__gnu_cxx16__aligned_bufferIN5Catch5clara6detail13BoundValueRefIjEEE7_M_addrEv called 6 returned 100% blocks executed 100%
        6:  101:      _M_addr() noexcept
        -:  102:      {
        6:  103:        return static_cast<void*>(&_M_storage);
        6:  103-block  0
        -:  104:      }
------------------
_ZN9__gnu_cxx16__aligned_bufferIN5Catch5clara6detail13BoundValueRefIdEEE7_M_addrEv:
function _ZN9__gnu_cxx16__aligned_bufferIN5Catch5clara6detail13BoundValueRefIdEEE7_M_addrEv called 3 returned 100% blocks executed 100%
        3:  101:      _M_addr() noexcept
        -:  102:      {
        3:  103:        return static_cast<void*>(&_M_storage);
        3:  103-block  0
        -:  104:      }
------------------
_ZN9__gnu_cxx16__aligned_bufferINSt8__detail4_NFAINSt7__cxx1112regex_traitsIcEEEEE7_M_addrEv:
function _ZN9__gnu_cxx16__aligned_bufferINSt8__detail4_NFAINSt7__cxx1112regex_traitsIcEEEEE7_M_addrEv called 0 returned 0% blocks executed 0%
    #####:  101:      _M_addr() noexcept
        -:  102:      {
    #####:  103:        return static_cast<void*>(&_M_storage);
    %%%%%:  103-block  0
        -:  104:      }
------------------
_ZN9__gnu_cxx16__aligned_bufferIN5Catch22CumulativeReporterBaseINS1_13JunitReporterEE11SectionNodeEE7_M_addrEv:
function _ZN9__gnu_cxx16__aligned_bufferIN5Catch22CumulativeReporterBaseINS1_13JunitReporterEE11SectionNodeEE7_M_addrEv called 0 returned 0% blocks executed 0%
    #####:  101:      _M_addr() noexcept
        -:  102:      {
    #####:  103:        return static_cast<void*>(&_M_storage);
    %%%%%:  103-block  0
        -:  104:      }
------------------
        -:  105:
        -:  106:      const void*
        -:  107:      _M_addr() const noexcept
        -:  108:      {
        -:  109:        return static_cast<const void*>(&_M_storage);
        -:  110:      }
        -:  111:
        -:  112:      _Tp*
     165*:  113:      _M_ptr() noexcept
     165*:  114:      { return static_cast<_Tp*>(_M_addr()); }
------------------
_ZN9__gnu_cxx16__aligned_bufferIN5Catch5clara6detail15BoundFlagLambdaIZNS1_21makeCommandLineParserERNS1_10ConfigDataEEUlbE7_EEE6_M_ptrEv:
function _ZN9__gnu_cxx16__aligned_bufferIN5Catch5clara6detail15BoundFlagLambdaIZNS1_21makeCommandLineParserERNS1_10ConfigDataEEUlbE7_EEE6_M_ptrEv called 3 returned 100% blocks executed 100%
        3:  113:      _M_ptr() noexcept
        3:  114:      { return static_cast<_Tp*>(_M_addr()); }
        3:  114-block  0
call    0 returned 3
------------------
_ZN9__gnu_cxx16__aligned_bufferIN5Catch22CumulativeReporterBaseINS1_13JunitReporterEE4NodeINS1_14TestGroupStatsENS5_INS1_13TestCaseStatsENS4_11SectionNodeEEEEEE6_M_ptrEv:
function _ZN9__gnu_cxx16__aligned_bufferIN5Catch22CumulativeReporterBaseINS1_13JunitReporterEE4NodeINS1_14TestGroupStatsENS5_INS1_13TestCaseStatsENS4_11SectionNodeEEEEEE6_M_ptrEv called 0 returned 0% blocks executed 0%
    #####:  113:      _M_ptr() noexcept
    #####:  114:      { return static_cast<_Tp*>(_M_addr()); }
    %%%%%:  114-block  0
call    0 never executed
------------------
_ZN9__gnu_cxx16__aligned_bufferIN5Catch22CumulativeReporterBaseINS1_13JunitReporterEE4NodeINS1_13TestCaseStatsENS4_11SectionNodeEEEE6_M_ptrEv:
function _ZN9__gnu_cxx16__aligned_bufferIN5Catch22CumulativeReporterBaseINS1_13JunitReporterEE4NodeINS1_13TestCaseStatsENS4_11SectionNodeEEEE6_M_ptrEv called 0 returned 0% blocks executed 0%
    #####:  113:      _M_ptr() noexcept
    #####:  114:      { return static_cast<_Tp*>(_M_addr()); }
    %%%%%:  114-block  0
call    0 never executed
------------------
_ZN9__gnu_cxx16__aligned_bufferIN5Catch17ReporterRegistrarINS1_15ConsoleReporterEE15ReporterFactoryEE6_M_ptrEv:
function _ZN9__gnu_cxx16__aligned_bufferIN5Catch17ReporterRegistrarINS1_15ConsoleReporterEE15ReporterFactoryEE6_M_ptrEv called 3 returned 100% blocks executed 100%
        3:  113:      _M_ptr() noexcept
        3:  114:      { return static_cast<_Tp*>(_M_addr()); }
        3:  114-block  0
call    0 returned 3
------------------
_ZN9__gnu_cxx16__aligned_bufferIN5Catch17ReporterRegistrarINS1_15CompactReporterEE15ReporterFactoryEE6_M_ptrEv:
function _ZN9__gnu_cxx16__aligned_bufferIN5Catch17ReporterRegistrarINS1_15CompactReporterEE15ReporterFactoryEE6_M_ptrEv called 3 returned 100% blocks executed 100%
        3:  113:      _M_ptr() noexcept
        3:  114:      { return static_cast<_Tp*>(_M_addr()); }
        3:  114-block  0
call    0 returned 3
------------------
_ZN9__gnu_cxx16__aligned_bufferIN5Catch8TestSpec10TagPatternEE6_M_ptrEv:
function _ZN9__gnu_cxx16__aligned_bufferIN5Catch8TestSpec10TagPatternEE6_M_ptrEv called 0 returned 0% blocks executed 0%
    #####:  113:      _M_ptr() noexcept
    #####:  114:      { return static_cast<_Tp*>(_M_addr()); }
    %%%%%:  114-block  0
call    0 never executed
------------------
_ZN9__gnu_cxx16__aligned_bufferIN5Catch8TestSpec15ExcludedPatternEE6_M_ptrEv:
function _ZN9__gnu_cxx16__aligned_bufferIN5Catch8TestSpec15ExcludedPatternEE6_M_ptrEv called 0 returned 0% blocks executed 0%
    #####:  113:      _M_ptr() noexcept
    #####:  114:      { return static_cast<_Tp*>(_M_addr()); }
    %%%%%:  114-block  0
call    0 never executed
------------------
_ZN9__gnu_cxx16__aligned_bufferIN5Catch8TestSpec11NamePatternEE6_M_ptrEv:
function _ZN9__gnu_cxx16__aligned_bufferIN5Catch8TestSpec11NamePatternEE6_M_ptrEv called 0 returned 0% blocks executed 0%
    #####:  113:      _M_ptr() noexcept
    #####:  114:      { return static_cast<_Tp*>(_M_addr()); }
    %%%%%:  114-block  0
call    0 never executed
------------------
_ZN9__gnu_cxx16__aligned_bufferIN5Catch5clara6detail13BoundValueRefISt6vectorINSt7__cxx1112basic_stringIcSt11char_traitsIcESaIcEEESaISB_EEEEE6_M_ptrEv:
function _ZN9__gnu_cxx16__aligned_bufferIN5Catch5clara6detail13BoundValueRefISt6vectorINSt7__cxx1112basic_stringIcSt11char_traitsIcESaIcEEESaISB_EEEEE6_M_ptrEv called 6 returned 100% blocks executed 100%
        6:  113:      _M_ptr() noexcept
        6:  114:      { return static_cast<_Tp*>(_M_addr()); }
        6:  114-block  0
call    0 returned 6
------------------
_ZN9__gnu_cxx16__aligned_bufferIN5Catch17ReporterRegistrarINS1_13JunitReporterEE15ReporterFactoryEE6_M_ptrEv:
function _ZN9__gnu_cxx16__aligned_bufferIN5Catch17ReporterRegistrarINS1_13JunitReporterEE15ReporterFactoryEE6_M_ptrEv called 3 returned 100% blocks executed 100%
        3:  113:      _M_ptr() noexcept
        3:  114:      { return static_cast<_Tp*>(_M_addr()); }
        3:  114-block  0
call    0 returned 3
------------------
_ZN9__gnu_cxx16__aligned_bufferIN5Catch5clara6detail15BoundFlagLambdaIZNS3_4HelpC4ERbEUlbE_EEE6_M_ptrEv:
function _ZN9__gnu_cxx16__aligned_bufferIN5Catch5clara6detail15BoundFlagLambdaIZNS3_4HelpC4ERbEUlbE_EEE6_M_ptrEv called 3 returned 100% blocks executed 100%
        3:  113:      _M_ptr() noexcept
        3:  114:      { return static_cast<_Tp*>(_M_addr()); }
        3:  114-block  0
call    0 returned 3
------------------
_ZN9__gnu_cxx16__aligned_bufferIN5Catch16TestCaseTracking14SectionTrackerEE6_M_ptrEv:
function _ZN9__gnu_cxx16__aligned_bufferIN5Catch16TestCaseTracking14SectionTrackerEE6_M_ptrEv called 48 returned 100% blocks executed 100%
       48:  113:      _M_ptr() noexcept
       48:  114:      { return static_cast<_Tp*>(_M_addr()); }
       48:  114-block  0
call    0 returned 48
------------------
_ZN9__gnu_cxx16__aligned_bufferIN5Catch6ConfigEE6_M_ptrEv:
function _ZN9__gnu_cxx16__aligned_bufferIN5Catch6ConfigEE6_M_ptrEv called 3 returned 100% blocks executed 100%
        3:  113:      _M_ptr() noexcept
        3:  114:      { return static_cast<_Tp*>(_M_addr()); }
        3:  114-block  0
call    0 returned 3
------------------
_ZN9__gnu_cxx16__aligned_bufferIN5Catch10Generators16GeneratorTrackerEE6_M_ptrEv:
function _ZN9__gnu_cxx16__aligned_bufferIN5Catch10Generators16GeneratorTrackerEE6_M_ptrEv called 0 returned 0% blocks executed 0%
    #####:  113:      _M_ptr() noexcept
    #####:  114:      { return static_cast<_Tp*>(_M_addr()); }
    %%%%%:  114-block  0
call    0 never executed
------------------
_ZN9__gnu_cxx16__aligned_bufferIN5Catch5clara6detail12BoundFlagRefEE6_M_ptrEv:
function _ZN9__gnu_cxx16__aligned_bufferIN5Catch5clara6detail12BoundFlagRefEE6_M_ptrEv called 33 returned 100% blocks executed 100%
       33:  113:      _M_ptr() noexcept
       33:  114:      { return static_cast<_Tp*>(_M_addr()); }
       33:  114-block  0
call    0 returned 33
------------------
_ZN9__gnu_cxx16__aligned_bufferIN5Catch5clara6detail13BoundValueRefINSt7__cxx1112basic_stringIcSt11char_traitsIcESaIcEEEEEE6_M_ptrEv:
function _ZN9__gnu_cxx16__aligned_bufferIN5Catch5clara6detail13BoundValueRefINSt7__cxx1112basic_stringIcSt11char_traitsIcESaIcEEEEEE6_M_ptrEv called 9 returned 100% blocks executed 100%
        9:  113:      _M_ptr() noexcept
        9:  114:      { return static_cast<_Tp*>(_M_addr()); }
        9:  114-block  0
call    0 returned 9
------------------
_ZN9__gnu_cxx16__aligned_bufferINSt7__cxx1112basic_stringIcSt11char_traitsIcESaIcEEEE6_M_ptrEv:
function _ZN9__gnu_cxx16__aligned_bufferINSt7__cxx1112basic_stringIcSt11char_traitsIcESaIcEEEE6_M_ptrEv called 9 returned 100% blocks executed 100%
        9:  113:      _M_ptr() noexcept
        9:  114:      { return static_cast<_Tp*>(_M_addr()); }
        9:  114-block  0
call    0 returned 9
------------------
_ZN9__gnu_cxx16__aligned_bufferIN5Catch22CumulativeReporterBaseINS1_13JunitReporterEE4NodeINS1_12TestRunStatsENS5_INS1_14TestGroupStatsENS5_INS1_13TestCaseStatsENS4_11SectionNodeEEEEEEEE6_M_ptrEv:
function _ZN9__gnu_cxx16__aligned_bufferIN5Catch22CumulativeReporterBaseINS1_13JunitReporterEE4NodeINS1_12TestRunStatsENS5_INS1_14TestGroupStatsENS5_INS1_13TestCaseStatsENS4_11SectionNodeEEEEEEEE6_M_ptrEv called 0 returned 0% blocks executed 0%
    #####:  113:      _M_ptr() noexcept
    #####:  114:      { return static_cast<_Tp*>(_M_addr()); }
    %%%%%:  114-block  0
call    0 never executed
------------------
_ZN9__gnu_cxx16__aligned_bufferIN5Catch17ReporterRegistrarINS1_11XmlReporterEE15ReporterFactoryEE6_M_ptrEv:
function _ZN9__gnu_cxx16__aligned_bufferIN5Catch17ReporterRegistrarINS1_11XmlReporterEE15ReporterFactoryEE6_M_ptrEv called 3 returned 100% blocks executed 100%
        3:  113:      _M_ptr() noexcept
        3:  114:      { return static_cast<_Tp*>(_M_addr()); }
        3:  114-block  0
call    0 returned 3
------------------
_ZN9__gnu_cxx16__aligned_bufferIN5Catch5clara6detail11BoundLambdaIZNS1_21makeCommandLineParserERNS1_10ConfigDataEEUlRKNSt7__cxx1112basic_stringIcSt11char_traitsIcESaIcEEEE6_EEE6_M_ptrEv:
function _ZN9__gnu_cxx16__aligned_bufferIN5Catch5clara6detail11BoundLambdaIZNS1_21makeCommandLineParserERNS1_10ConfigDataEEUlRKNSt7__cxx1112basic_stringIcSt11char_traitsIcESaIcEEEE6_EEE6_M_ptrEv called 3 returned 100% blocks executed 100%
        3:  113:      _M_ptr() noexcept
        3:  114:      { return static_cast<_Tp*>(_M_addr()); }
        3:  114-block  0
call    0 returned 3
------------------
_ZN9__gnu_cxx16__aligned_bufferIN5Catch5clara6detail11BoundLambdaIZNS1_21makeCommandLineParserERNS1_10ConfigDataEEUliE8_EEE6_M_ptrEv:
function _ZN9__gnu_cxx16__aligned_bufferIN5Catch5clara6detail11BoundLambdaIZNS1_21makeCommandLineParserERNS1_10ConfigDataEEUliE8_EEE6_M_ptrEv called 3 returned 100% blocks executed 100%
        3:  113:      _M_ptr() noexcept
        3:  114:      { return static_cast<_Tp*>(_M_addr()); }
        3:  114-block  0
call    0 returned 3
------------------
_ZN9__gnu_cxx16__aligned_bufferIN5Catch5clara6detail11BoundLambdaIZNS1_21makeCommandLineParserERNS1_10ConfigDataEEUlRKNSt7__cxx1112basic_stringIcSt11char_traitsIcESaIcEEEE_EEE6_M_ptrEv:
function _ZN9__gnu_cxx16__aligned_bufferIN5Catch5clara6detail11BoundLambdaIZNS1_21makeCommandLineParserERNS1_10ConfigDataEEUlRKNSt7__cxx1112basic_stringIcSt11char_traitsIcESaIcEEEE_EEE6_M_ptrEv called 3 returned 100% blocks executed 100%
        3:  113:      _M_ptr() noexcept
        3:  114:      { return static_cast<_Tp*>(_M_addr()); }
        3:  114-block  0
call    0 returned 3
------------------
_ZN9__gnu_cxx16__aligned_bufferIN5Catch5clara6detail11BoundLambdaIZNS1_21makeCommandLineParserERNS1_10ConfigDataEEUlbE9_EEE6_M_ptrEv:
function _ZN9__gnu_cxx16__aligned_bufferIN5Catch5clara6detail11BoundLambdaIZNS1_21makeCommandLineParserERNS1_10ConfigDataEEUlbE9_EEE6_M_ptrEv called 3 returned 100% blocks executed 100%
        3:  113:      _M_ptr() noexcept
        3:  114:      { return static_cast<_Tp*>(_M_addr()); }
        3:  114-block  0
call    0 returned 3
------------------
_ZN9__gnu_cxx16__aligned_bufferIN5Catch5clara6detail11BoundLambdaIZNS1_21makeCommandLineParserERNS1_10ConfigDataEEUlRKNSt7__cxx1112basic_stringIcSt11char_traitsIcESaIcEEEE0_EEE6_M_ptrEv:
function _ZN9__gnu_cxx16__aligned_bufferIN5Catch5clara6detail11BoundLambdaIZNS1_21makeCommandLineParserERNS1_10ConfigDataEEUlRKNSt7__cxx1112basic_stringIcSt11char_traitsIcESaIcEEEE0_EEE6_M_ptrEv called 3 returned 100% blocks executed 100%
        3:  113:      _M_ptr() noexcept
        3:  114:      { return static_cast<_Tp*>(_M_addr()); }
        3:  114-block  0
call    0 returned 3
------------------
_ZN9__gnu_cxx16__aligned_bufferIN5Catch5clara6detail11BoundLambdaIZNS1_21makeCommandLineParserERNS1_10ConfigDataEEUlRKNSt7__cxx1112basic_stringIcSt11char_traitsIcESaIcEEEE5_EEE6_M_ptrEv:
function _ZN9__gnu_cxx16__aligned_bufferIN5Catch5clara6detail11BoundLambdaIZNS1_21makeCommandLineParserERNS1_10ConfigDataEEUlRKNSt7__cxx1112basic_stringIcSt11char_traitsIcESaIcEEEE5_EEE6_M_ptrEv called 3 returned 100% blocks executed 100%
        3:  113:      _M_ptr() noexcept
        3:  114:      { return static_cast<_Tp*>(_M_addr()); }
        3:  114-block  0
call    0 returned 3
------------------
_ZN9__gnu_cxx16__aligned_bufferIN5Catch5clara6detail11BoundLambdaIZNS1_21makeCommandLineParserERNS1_10ConfigDataEEUlRKNSt7__cxx1112basic_stringIcSt11char_traitsIcESaIcEEEE1_EEE6_M_ptrEv:
function _ZN9__gnu_cxx16__aligned_bufferIN5Catch5clara6detail11BoundLambdaIZNS1_21makeCommandLineParserERNS1_10ConfigDataEEUlRKNSt7__cxx1112basic_stringIcSt11char_traitsIcESaIcEEEE1_EEE6_M_ptrEv called 3 returned 100% blocks executed 100%
        3:  113:      _M_ptr() noexcept
        3:  114:      { return static_cast<_Tp*>(_M_addr()); }
        3:  114-block  0
call    0 returned 3
------------------
_ZN9__gnu_cxx16__aligned_bufferIN5Catch5clara6detail11BoundLambdaIZNS1_21makeCommandLineParserERNS1_10ConfigDataEEUlRKNSt7__cxx1112basic_stringIcSt11char_traitsIcESaIcEEEE2_EEE6_M_ptrEv:
function _ZN9__gnu_cxx16__aligned_bufferIN5Catch5clara6detail11BoundLambdaIZNS1_21makeCommandLineParserERNS1_10ConfigDataEEUlRKNSt7__cxx1112basic_stringIcSt11char_traitsIcESaIcEEEE2_EEE6_M_ptrEv called 3 returned 100% blocks executed 100%
        3:  113:      _M_ptr() noexcept
        3:  114:      { return static_cast<_Tp*>(_M_addr()); }
        3:  114-block  0
call    0 returned 3
------------------
_ZN9__gnu_cxx16__aligned_bufferIN5Catch5clara6detail11BoundLambdaIZNS1_21makeCommandLineParserERNS1_10ConfigDataEEUlRKNSt7__cxx1112basic_stringIcSt11char_traitsIcESaIcEEEE3_EEE6_M_ptrEv:
function _ZN9__gnu_cxx16__aligned_bufferIN5Catch5clara6detail11BoundLambdaIZNS1_21makeCommandLineParserERNS1_10ConfigDataEEUlRKNSt7__cxx1112basic_stringIcSt11char_traitsIcESaIcEEEE3_EEE6_M_ptrEv called 3 returned 100% blocks executed 100%
        3:  113:      _M_ptr() noexcept
        3:  114:      { return static_cast<_Tp*>(_M_addr()); }
        3:  114-block  0
call    0 returned 3
------------------
_ZN9__gnu_cxx16__aligned_bufferIN5Catch5clara6detail11BoundLambdaIZNS1_21makeCommandLineParserERNS1_10ConfigDataEEUlRKNSt7__cxx1112basic_stringIcSt11char_traitsIcESaIcEEEE4_EEE6_M_ptrEv:
function _ZN9__gnu_cxx16__aligned_bufferIN5Catch5clara6detail11BoundLambdaIZNS1_21makeCommandLineParserERNS1_10ConfigDataEEUlRKNSt7__cxx1112basic_stringIcSt11char_traitsIcESaIcEEEE4_EEE6_M_ptrEv called 3 returned 100% blocks executed 100%
        3:  113:      _M_ptr() noexcept
        3:  114:      { return static_cast<_Tp*>(_M_addr()); }
        3:  114-block  0
call    0 returned 3
------------------
_ZN9__gnu_cxx16__aligned_bufferIN5Catch5clara6detail13BoundValueRefIjEEE6_M_ptrEv:
function _ZN9__gnu_cxx16__aligned_bufferIN5Catch5clara6detail13BoundValueRefIjEEE6_M_ptrEv called 6 returned 100% blocks executed 100%
        6:  113:      _M_ptr() noexcept
        6:  114:      { return static_cast<_Tp*>(_M_addr()); }
        6:  114-block  0
call    0 returned 6
------------------
_ZN9__gnu_cxx16__aligned_bufferIN5Catch5clara6detail13BoundValueRefIdEEE6_M_ptrEv:
function _ZN9__gnu_cxx16__aligned_bufferIN5Catch5clara6detail13BoundValueRefIdEEE6_M_ptrEv called 3 returned 100% blocks executed 100%
        3:  113:      _M_ptr() noexcept
        3:  114:      { return static_cast<_Tp*>(_M_addr()); }
        3:  114-block  0
call    0 returned 3
------------------
_ZN9__gnu_cxx16__aligned_bufferINSt8__detail4_NFAINSt7__cxx1112regex_traitsIcEEEEE6_M_ptrEv:
function _ZN9__gnu_cxx16__aligned_bufferINSt8__detail4_NFAINSt7__cxx1112regex_traitsIcEEEEE6_M_ptrEv called 0 returned 0% blocks executed 0%
    #####:  113:      _M_ptr() noexcept
    #####:  114:      { return static_cast<_Tp*>(_M_addr()); }
    %%%%%:  114-block  0
call    0 never executed
------------------
_ZN9__gnu_cxx16__aligned_bufferIN5Catch22CumulativeReporterBaseINS1_13JunitReporterEE11SectionNodeEE6_M_ptrEv:
function _ZN9__gnu_cxx16__aligned_bufferIN5Catch22CumulativeReporterBaseINS1_13JunitReporterEE11SectionNodeEE6_M_ptrEv called 0 returned 0% blocks executed 0%
    #####:  113:      _M_ptr() noexcept
    #####:  114:      { return static_cast<_Tp*>(_M_addr()); }
    %%%%%:  114-block  0
call    0 never executed
------------------
        -:  115:
        -:  116:      const _Tp*
        -:  117:      _M_ptr() const noexcept
        -:  118:      { return static_cast<const _Tp*>(_M_addr()); }
        -:  119:    };
        -:  120:#endif
        -:  121:
        -:  122:} // namespace
        -:  123:
        -:  124:#endif /* _ALIGNED_BUFFER_H */
