        -:    0:Source:C:/Users/User/ILYABO~1/PROGRA~2/MINGW-~1/I686-8~1.0-P/mingw32/lib/gcc/i686-w64-mingw32/8.1.0/include/c++/bits/shared_ptr.h
        -:    0:Graph:C:\Users\User\CLionProjects\untitled\cmake-build-debug-coverage\CMakeFiles\untitled.dir\main.cpp.gcno
        -:    0:Data:C:\Users\User\CLionProjects\untitled\cmake-build-debug-coverage\CMakeFiles\untitled.dir\main.cpp.gcda
        -:    0:Runs:1
        -:    0:Programs:1
        -:    1:// shared_ptr and weak_ptr implementation -*- C++ -*-
        -:    2:
        -:    3:// Copyright (C) 2007-2018 Free Software Foundation, Inc.
        -:    4://
        -:    5:// This file is part of the GNU ISO C++ Library.  This library is free
        -:    6:// software; you can redistribute it and/or modify it under the
        -:    7:// terms of the GNU General Public License as published by the
        -:    8:// Free Software Foundation; either version 3, or (at your option)
        -:    9:// any later version.
        -:   10:
        -:   11:// This library is distributed in the hope that it will be useful,
        -:   12:// but WITHOUT ANY WARRANTY; without even the implied warranty of
        -:   13:// MERCHANTABILITY or FITNESS FOR A PARTICULAR PURPOSE.  See the
        -:   14:// GNU General Public License for more details.
        -:   15:
        -:   16:// Under Section 7 of GPL version 3, you are granted additional
        -:   17:// permissions described in the GCC Runtime Library Exception, version
        -:   18:// 3.1, as published by the Free Software Foundation.
        -:   19:
        -:   20:// You should have received a copy of the GNU General Public License and
        -:   21:// a copy of the GCC Runtime Library Exception along with this program;
        -:   22:// see the files COPYING3 and COPYING.RUNTIME respectively.  If not, see
        -:   23:// <http://www.gnu.org/licenses/>.
        -:   24:
        -:   25:// GCC Note: Based on files from version 1.32.0 of the Boost library.
        -:   26:
        -:   27://  shared_count.hpp
        -:   28://  Copyright (c) 2001, 2002, 2003 Peter Dimov and Multi Media Ltd.
        -:   29:
        -:   30://  shared_ptr.hpp
        -:   31://  Copyright (C) 1998, 1999 Greg Colvin and Beman Dawes.
        -:   32://  Copyright (C) 2001, 2002, 2003 Peter Dimov
        -:   33:
        -:   34://  weak_ptr.hpp
        -:   35://  Copyright (C) 2001, 2002, 2003 Peter Dimov
        -:   36:
        -:   37://  enable_shared_from_this.hpp
        -:   38://  Copyright (C) 2002 Peter Dimov
        -:   39:
        -:   40:// Distributed under the Boost Software License, Version 1.0. (See
        -:   41:// accompanying file LICENSE_1_0.txt or copy at
        -:   42:// http://www.boost.org/LICENSE_1_0.txt)
        -:   43:
        -:   44:/** @file
        -:   45: *  This is an internal header file, included by other library headers.
        -:   46: *  Do not attempt to use it directly. @headername{memory}
        -:   47: */
        -:   48:
        -:   49:#ifndef _SHARED_PTR_H
        -:   50:#define _SHARED_PTR_H 1
        -:   51:
        -:   52:#include <bits/shared_ptr_base.h>
        -:   53:
        -:   54:namespace std _GLIBCXX_VISIBILITY(default)
        -:   55:{
        -:   56:_GLIBCXX_BEGIN_NAMESPACE_VERSION
        -:   57:
        -:   58:  /**
        -:   59:   * @addtogroup pointer_abstractions
        -:   60:   * @{
        -:   61:   */
        -:   62:
        -:   63:  /// 20.7.2.2.11 shared_ptr I/O
        -:   64:  template<typename _Ch, typename _Tr, typename _Tp, _Lock_policy _Lp>
        -:   65:    inline std::basic_ostream<_Ch, _Tr>&
        -:   66:    operator<<(std::basic_ostream<_Ch, _Tr>& __os,
        -:   67:	       const __shared_ptr<_Tp, _Lp>& __p)
        -:   68:    {
        -:   69:      __os << __p.get();
        -:   70:      return __os;
        -:   71:    }
        -:   72:
        -:   73:  template<typename _Del, typename _Tp, _Lock_policy _Lp>
        -:   74:    inline _Del*
        -:   75:    get_deleter(const __shared_ptr<_Tp, _Lp>& __p) noexcept
        -:   76:    {
        -:   77:#if __cpp_rtti
        -:   78:      return static_cast<_Del*>(__p._M_get_deleter(typeid(_Del)));
        -:   79:#else
        -:   80:      return 0;
        -:   81:#endif
        -:   82:    }
        -:   83:
        -:   84:  /// 20.7.2.2.10 shared_ptr get_deleter
        -:   85:  template<typename _Del, typename _Tp>
        -:   86:    inline _Del*
        -:   87:    get_deleter(const shared_ptr<_Tp>& __p) noexcept
        -:   88:    {
        -:   89:#if __cpp_rtti
        -:   90:      return static_cast<_Del*>(__p._M_get_deleter(typeid(_Del)));
        -:   91:#else
        -:   92:      return 0;
        -:   93:#endif
        -:   94:    }
        -:   95:
        -:   96:  /**
        -:   97:   *  @brief  A smart pointer with reference-counted copy semantics.
        -:   98:   *
        -:   99:   *  The object pointed to is deleted when the last shared_ptr pointing to
        -:  100:   *  it is destroyed or reset.
        -:  101:  */
        -:  102:  template<typename _Tp>
       4*:  103:    class shared_ptr : public __shared_ptr<_Tp>
------------------
_ZNSt10shared_ptrIN5Catch22CumulativeReporterBaseINS0_13JunitReporterEE11SectionNodeEEaSERKS5_:
function _ZNSt10shared_ptrIN5Catch22CumulativeReporterBaseINS0_13JunitReporterEE11SectionNodeEEaSERKS5_ called 0 returned 0% blocks executed 0%
    #####:  103:    class shared_ptr : public __shared_ptr<_Tp>
    %%%%%:  103-block  0
call    0 never executed
------------------
_ZNSt10shared_ptrIN5Catch5clara6detail8BoundRefEEaSERKS4_:
function _ZNSt10shared_ptrIN5Catch5clara6detail8BoundRefEEaSERKS4_ called 0 returned 0% blocks executed 0%
    #####:  103:    class shared_ptr : public __shared_ptr<_Tp>
    %%%%%:  103-block  0
call    0 never executed
------------------
_ZNSt10shared_ptrIKN5Catch7IConfigEEaSERKS3_:
function _ZNSt10shared_ptrIKN5Catch7IConfigEEaSERKS3_ called 2 returned 100% blocks executed 100%
        2:  103:    class shared_ptr : public __shared_ptr<_Tp>
        2:  103-block  0
call    0 returned 2
------------------
_ZNSt10shared_ptrIN5Catch5clara6detail17BoundValueRefBaseEEaSERKS4_:
function _ZNSt10shared_ptrIN5Catch5clara6detail17BoundValueRefBaseEEaSERKS4_ called 1 returned 100% blocks executed 100%
        1:  103:    class shared_ptr : public __shared_ptr<_Tp>
        1:  103-block  0
call    0 returned 1
------------------
_ZNSt10shared_ptrINSt7__cxx1112basic_stringIcSt11char_traitsIcESaIcEEEEaSERKS6_:
function _ZNSt10shared_ptrINSt7__cxx1112basic_stringIcSt11char_traitsIcESaIcEEEEaSERKS6_ called 1 returned 100% blocks executed 100%
        1:  103:    class shared_ptr : public __shared_ptr<_Tp>
        1:  103-block  0
call    0 returned 1
------------------
        -:  104:    {
        -:  105:      template<typename... _Args>
        -:  106:	using _Constructible = typename enable_if<
        -:  107:	  is_constructible<__shared_ptr<_Tp>, _Args...>::value
        -:  108:	>::type;
        -:  109:
        -:  110:      template<typename _Arg>
        -:  111:	using _Assignable = typename enable_if<
        -:  112:	  is_assignable<__shared_ptr<_Tp>&, _Arg>::value, shared_ptr&
        -:  113:	>::type;
        -:  114:
        -:  115:    public:
        -:  116:
        -:  117:      using element_type = typename __shared_ptr<_Tp>::element_type;
        -:  118:
        -:  119:#if __cplusplus > 201402L
        -:  120:# define __cpp_lib_shared_ptr_weak_type 201606
        -:  121:      using weak_type = weak_ptr<_Tp>;
        -:  122:#endif
        -:  123:      /**
        -:  124:       *  @brief  Construct an empty %shared_ptr.
        -:  125:       *  @post   use_count()==0 && get()==0
        -:  126:       */
      14*:  127:      constexpr shared_ptr() noexcept : __shared_ptr<_Tp>() { }
------------------
_ZNSt10shared_ptrIN5Catch22CumulativeReporterBaseINS0_13JunitReporterEE11SectionNodeEEC1Ev:
function _ZNSt10shared_ptrIN5Catch22CumulativeReporterBaseINS0_13JunitReporterEE11SectionNodeEEC1Ev called 0 returned 0% blocks executed 0%
    #####:  127:      constexpr shared_ptr() noexcept : __shared_ptr<_Tp>() { }
    %%%%%:  127-block  0
call    0 never executed
------------------
_ZNSt10shared_ptrIN5Catch6ConfigEEC1Ev:
function _ZNSt10shared_ptrIN5Catch6ConfigEEC1Ev called 1 returned 100% blocks executed 100%
        1:  127:      constexpr shared_ptr() noexcept : __shared_ptr<_Tp>() { }
        1:  127-block  0
call    0 returned 1
------------------
_ZNSt10shared_ptrIKN5Catch7IConfigEEC1Ev:
function _ZNSt10shared_ptrIKN5Catch7IConfigEEC1Ev called 1 returned 100% blocks executed 100%
        1:  127:      constexpr shared_ptr() noexcept : __shared_ptr<_Tp>() { }
        1:  127-block  0
call    0 returned 1
------------------
_ZNSt10shared_ptrIN5Catch5clara6detail17BoundValueRefBaseEEC1Ev:
function _ZNSt10shared_ptrIN5Catch5clara6detail17BoundValueRefBaseEEC1Ev called 3 returned 100% blocks executed 100%
        3:  127:      constexpr shared_ptr() noexcept : __shared_ptr<_Tp>() { }
        3:  127-block  0
call    0 returned 3
------------------
_ZNSt10shared_ptrIN5Catch16TestCaseTracking8ITrackerEEC1Ev:
function _ZNSt10shared_ptrIN5Catch16TestCaseTracking8ITrackerEEC1Ev called 9 returned 100% blocks executed 100%
        9:  127:      constexpr shared_ptr() noexcept : __shared_ptr<_Tp>() { }
        9:  127-block  0
call    0 returned 9
------------------
        -:  128:
    1109*:  129:      shared_ptr(const shared_ptr&) noexcept = default;
------------------
_ZNSt10shared_ptrIN5Catch22CumulativeReporterBaseINS0_13JunitReporterEE4NodeINS0_12TestRunStatsENS4_INS0_14TestGroupStatsENS4_INS0_13TestCaseStatsENS3_11SectionNodeEEEEEEEEC1ERKSC_:
function _ZNSt10shared_ptrIN5Catch22CumulativeReporterBaseINS0_13JunitReporterEE4NodeINS0_12TestRunStatsENS4_INS0_14TestGroupStatsENS4_INS0_13TestCaseStatsENS3_11SectionNodeEEEEEEEEC1ERKSC_ called 0 returned 0% blocks executed 0%
    #####:  129:      shared_ptr(const shared_ptr&) noexcept = default;
    %%%%%:  129-block  0
call    0 never executed
------------------
_ZNSt10shared_ptrIN5Catch22CumulativeReporterBaseINS0_13JunitReporterEE4NodeINS0_14TestGroupStatsENS4_INS0_13TestCaseStatsENS3_11SectionNodeEEEEEEC1ERKSA_:
function _ZNSt10shared_ptrIN5Catch22CumulativeReporterBaseINS0_13JunitReporterEE4NodeINS0_14TestGroupStatsENS4_INS0_13TestCaseStatsENS3_11SectionNodeEEEEEEC1ERKSA_ called 0 returned 0% blocks executed 0%
    #####:  129:      shared_ptr(const shared_ptr&) noexcept = default;
    %%%%%:  129-block  0
call    0 never executed
------------------
_ZNSt10shared_ptrIN5Catch22CumulativeReporterBaseINS0_13JunitReporterEE4NodeINS0_13TestCaseStatsENS3_11SectionNodeEEEEC1ERKS8_:
function _ZNSt10shared_ptrIN5Catch22CumulativeReporterBaseINS0_13JunitReporterEE4NodeINS0_13TestCaseStatsENS3_11SectionNodeEEEEC1ERKS8_ called 0 returned 0% blocks executed 0%
    #####:  129:      shared_ptr(const shared_ptr&) noexcept = default;
    %%%%%:  129-block  0
call    0 never executed
------------------
_ZNSt10shared_ptrIN5Catch22CumulativeReporterBaseINS0_13JunitReporterEE11SectionNodeEEC1ERKS5_:
function _ZNSt10shared_ptrIN5Catch22CumulativeReporterBaseINS0_13JunitReporterEE11SectionNodeEEC1ERKS5_ called 0 returned 0% blocks executed 0%
    #####:  129:      shared_ptr(const shared_ptr&) noexcept = default;
    %%%%%:  129-block  0
call    0 never executed
------------------
_ZNSt10shared_ptrIN5Catch16IReporterFactoryEEC1ERKS2_:
function _ZNSt10shared_ptrIN5Catch16IReporterFactoryEEC1ERKS2_ called 4 returned 100% blocks executed 100%
        4:  129:      shared_ptr(const shared_ptr&) noexcept = default;
        4:  129-block  0
call    0 returned 4
------------------
_ZNSt10shared_ptrIN5Catch5clara6detail17BoundValueRefBaseEEC1ERKS4_:
function _ZNSt10shared_ptrIN5Catch5clara6detail17BoundValueRefBaseEEC1ERKS4_ called 62 returned 100% blocks executed 100%
       62:  129:      shared_ptr(const shared_ptr&) noexcept = default;
       62:  129-block  0
call    0 returned 62
------------------
_ZNSt10shared_ptrINSt7__cxx1112basic_stringIcSt11char_traitsIcESaIcEEEEC1ERKS6_:
function _ZNSt10shared_ptrINSt7__cxx1112basic_stringIcSt11char_traitsIcESaIcEEEEC1ERKS6_ called 62 returned 100% blocks executed 100%
       62:  129:      shared_ptr(const shared_ptr&) noexcept = default;
       62:  129-block  0
call    0 returned 62
------------------
_ZNSt10shared_ptrIN5Catch5clara6detail8BoundRefEEC1ERKS4_:
function _ZNSt10shared_ptrIN5Catch5clara6detail8BoundRefEEC1ERKS4_ called 943 returned 100% blocks executed 100%
      943:  129:      shared_ptr(const shared_ptr&) noexcept = default;
      943:  129-block  0
call    0 returned 943
------------------
_ZNSt10shared_ptrIN5Catch8TestSpec7PatternEEC1ERKS3_:
function _ZNSt10shared_ptrIN5Catch8TestSpec7PatternEEC1ERKS3_ called 0 returned 0% blocks executed 0%
    #####:  129:      shared_ptr(const shared_ptr&) noexcept = default;
    %%%%%:  129-block  0
call    0 never executed
------------------
_ZNSt10shared_ptrIN5Catch16TestCaseTracking8ITrackerEEC1ERKS3_:
function _ZNSt10shared_ptrIN5Catch16TestCaseTracking8ITrackerEEC1ERKS3_ called 8 returned 100% blocks executed 100%
        8:  129:      shared_ptr(const shared_ptr&) noexcept = default;
        8:  129-block  0
call    0 returned 8
------------------
_ZNSt10shared_ptrIN5Catch12ITestInvokerEEC1ERKS2_:
function _ZNSt10shared_ptrIN5Catch12ITestInvokerEEC1ERKS2_ called 24 returned 100% blocks executed 100%
       24:  129:      shared_ptr(const shared_ptr&) noexcept = default;
       24:  129-block  0
call    0 returned 24
------------------
_ZNSt10shared_ptrIN5Catch6ConfigEEC1ERKS2_:
function _ZNSt10shared_ptrIN5Catch6ConfigEEC1ERKS2_ called 1 returned 100% blocks executed 100%
        1:  129:      shared_ptr(const shared_ptr&) noexcept = default;
        1:  129-block  0
call    0 returned 1
------------------
_ZNSt10shared_ptrIKN5Catch7IConfigEEC1ERKS3_:
function _ZNSt10shared_ptrIKN5Catch7IConfigEEC1ERKS3_ called 5 returned 100% blocks executed 100%
        5:  129:      shared_ptr(const shared_ptr&) noexcept = default;
        5:  129-block  0
call    0 returned 5
------------------
        -:  130:
        -:  131:      /**
        -:  132:       *  @brief  Construct a %shared_ptr that owns the pointer @a __p.
        -:  133:       *  @param  __p  A pointer that is convertible to element_type*.
        -:  134:       *  @post   use_count() == 1 && get() == __p
        -:  135:       *  @throw  std::bad_alloc, in which case @c delete @a __p is called.
        -:  136:       */
        -:  137:      template<typename _Yp, typename = _Constructible<_Yp*>>
        -:  138:	explicit
function _ZNSt10shared_ptrIN5Catch12ITestInvokerEEC1IS1_vEEPT_ called 8 returned 100% blocks executed 100%
        8:  139:	shared_ptr(_Yp* __p) : __shared_ptr<_Tp>(__p) { }
        8:  139-block  0
call    0 returned 8
        -:  140:
        -:  141:      /**
        -:  142:       *  @brief  Construct a %shared_ptr that owns the pointer @a __p
        -:  143:       *          and the deleter @a __d.
        -:  144:       *  @param  __p  A pointer.
        -:  145:       *  @param  __d  A deleter.
        -:  146:       *  @post   use_count() == 1 && get() == __p
        -:  147:       *  @throw  std::bad_alloc, in which case @a __d(__p) is called.
        -:  148:       *
        -:  149:       *  Requirements: _Deleter's copy constructor and destructor must
        -:  150:       *  not throw
        -:  151:       *
        -:  152:       *  __shared_ptr will release __p by calling __d(__p)
        -:  153:       */
        -:  154:      template<typename _Yp, typename _Deleter,
        -:  155:	       typename = _Constructible<_Yp*, _Deleter>>
        -:  156:	shared_ptr(_Yp* __p, _Deleter __d)
        -:  157:        : __shared_ptr<_Tp>(__p, std::move(__d)) { }
        -:  158:
        -:  159:      /**
        -:  160:       *  @brief  Construct a %shared_ptr that owns a null pointer
        -:  161:       *          and the deleter @a __d.
        -:  162:       *  @param  __p  A null pointer constant.
        -:  163:       *  @param  __d  A deleter.
        -:  164:       *  @post   use_count() == 1 && get() == __p
        -:  165:       *  @throw  std::bad_alloc, in which case @a __d(__p) is called.
        -:  166:       *
        -:  167:       *  Requirements: _Deleter's copy constructor and destructor must
        -:  168:       *  not throw
        -:  169:       *
        -:  170:       *  The last owner will call __d(__p)
        -:  171:       */
        -:  172:      template<typename _Deleter>
        -:  173:	shared_ptr(nullptr_t __p, _Deleter __d)
        -:  174:        : __shared_ptr<_Tp>(__p, std::move(__d)) { }
        -:  175:
        -:  176:      /**
        -:  177:       *  @brief  Construct a %shared_ptr that owns the pointer @a __p
        -:  178:       *          and the deleter @a __d.
        -:  179:       *  @param  __p  A pointer.
        -:  180:       *  @param  __d  A deleter.
        -:  181:       *  @param  __a  An allocator.
        -:  182:       *  @post   use_count() == 1 && get() == __p
        -:  183:       *  @throw  std::bad_alloc, in which case @a __d(__p) is called.
        -:  184:       *
        -:  185:       *  Requirements: _Deleter's copy constructor and destructor must
        -:  186:       *  not throw _Alloc's copy constructor and destructor must not
        -:  187:       *  throw.
        -:  188:       *
        -:  189:       *  __shared_ptr will release __p by calling __d(__p)
        -:  190:       */
        -:  191:      template<typename _Yp, typename _Deleter, typename _Alloc,
        -:  192:	       typename = _Constructible<_Yp*, _Deleter, _Alloc>>
        -:  193:	shared_ptr(_Yp* __p, _Deleter __d, _Alloc __a)
        -:  194:	: __shared_ptr<_Tp>(__p, std::move(__d), std::move(__a)) { }
        -:  195:
        -:  196:      /**
        -:  197:       *  @brief  Construct a %shared_ptr that owns a null pointer
        -:  198:       *          and the deleter @a __d.
        -:  199:       *  @param  __p  A null pointer constant.
        -:  200:       *  @param  __d  A deleter.
        -:  201:       *  @param  __a  An allocator.
        -:  202:       *  @post   use_count() == 1 && get() == __p
        -:  203:       *  @throw  std::bad_alloc, in which case @a __d(__p) is called.
        -:  204:       *
        -:  205:       *  Requirements: _Deleter's copy constructor and destructor must
        -:  206:       *  not throw _Alloc's copy constructor and destructor must not
        -:  207:       *  throw.
        -:  208:       *
        -:  209:       *  The last owner will call __d(__p)
        -:  210:       */
        -:  211:      template<typename _Deleter, typename _Alloc>
        -:  212:	shared_ptr(nullptr_t __p, _Deleter __d, _Alloc __a)
        -:  213:	: __shared_ptr<_Tp>(__p, std::move(__d), std::move(__a)) { }
        -:  214:
        -:  215:      // Aliasing constructor
        -:  216:
        -:  217:      /**
        -:  218:       *  @brief  Constructs a %shared_ptr instance that stores @a __p
        -:  219:       *          and shares ownership with @a __r.
        -:  220:       *  @param  __r  A %shared_ptr.
        -:  221:       *  @param  __p  A pointer that will remain valid while @a *__r is valid.
        -:  222:       *  @post   get() == __p && use_count() == __r.use_count()
        -:  223:       *
        -:  224:       *  This can be used to construct a @c shared_ptr to a sub-object
        -:  225:       *  of an object managed by an existing @c shared_ptr.
        -:  226:       *
        -:  227:       * @code
        -:  228:       * shared_ptr< pair<int,int> > pii(new pair<int,int>());
        -:  229:       * shared_ptr<int> pi(pii, &pii->first);
        -:  230:       * assert(pii.use_count() == 2);
        -:  231:       * @endcode
        -:  232:       */
        -:  233:      template<typename _Yp>
    #####:  234:	shared_ptr(const shared_ptr<_Yp>& __r, element_type* __p) noexcept
    #####:  235:	: __shared_ptr<_Tp>(__r, __p) { }
------------------
_ZNSt10shared_ptrIN5Catch16TestCaseTracking14SectionTrackerEEC1INS1_8ITrackerEEERKS_IT_EPS2_:
function _ZNSt10shared_ptrIN5Catch16TestCaseTracking14SectionTrackerEEC1INS1_8ITrackerEEERKS_IT_EPS2_ called 0 returned 0% blocks executed 0%
    #####:  234:	shared_ptr(const shared_ptr<_Yp>& __r, element_type* __p) noexcept
    #####:  235:	: __shared_ptr<_Tp>(__r, __p) { }
    %%%%%:  235-block  0
call    0 never executed
------------------
_ZNSt10shared_ptrIN5Catch10Generators16GeneratorTrackerEEC1INS0_16TestCaseTracking8ITrackerEEERKS_IT_EPS2_:
function _ZNSt10shared_ptrIN5Catch10Generators16GeneratorTrackerEEC1INS0_16TestCaseTracking8ITrackerEEERKS_IT_EPS2_ called 0 returned 0% blocks executed 0%
    #####:  234:	shared_ptr(const shared_ptr<_Yp>& __r, element_type* __p) noexcept
    #####:  235:	: __shared_ptr<_Tp>(__r, __p) { }
    %%%%%:  235-block  0
call    0 never executed
------------------
        -:  236:
        -:  237:      /**
        -:  238:       *  @brief  If @a __r is empty, constructs an empty %shared_ptr;
        -:  239:       *          otherwise construct a %shared_ptr that shares ownership
        -:  240:       *          with @a __r.
        -:  241:       *  @param  __r  A %shared_ptr.
        -:  242:       *  @post   get() == __r.get() && use_count() == __r.use_count()
        -:  243:       */
        -:  244:      template<typename _Yp,
        -:  245:	       typename = _Constructible<const shared_ptr<_Yp>&>>
      11*:  246:	shared_ptr(const shared_ptr<_Yp>& __r) noexcept
      11*:  247:        : __shared_ptr<_Tp>(__r) { }
------------------
_ZNSt10shared_ptrIN5Catch16TestCaseTracking8ITrackerEEC1INS1_14SectionTrackerEvEERKS_IT_E:
function _ZNSt10shared_ptrIN5Catch16TestCaseTracking8ITrackerEEC1INS1_14SectionTrackerEvEERKS_IT_E called 8 returned 100% blocks executed 100%
        8:  246:	shared_ptr(const shared_ptr<_Yp>& __r) noexcept
        8:  247:        : __shared_ptr<_Tp>(__r) { }
        8:  247-block  0
call    0 returned 8
------------------
_ZNSt10shared_ptrIN5Catch16TestCaseTracking8ITrackerEEC1INS0_10Generators16GeneratorTrackerEvEERKS_IT_E:
function _ZNSt10shared_ptrIN5Catch16TestCaseTracking8ITrackerEEC1INS0_10Generators16GeneratorTrackerEvEERKS_IT_E called 0 returned 0% blocks executed 0%
    #####:  246:	shared_ptr(const shared_ptr<_Yp>& __r) noexcept
    #####:  247:        : __shared_ptr<_Tp>(__r) { }
    %%%%%:  247-block  0
call    0 never executed
------------------
_ZNSt10shared_ptrIKN5Catch7IConfigEEC1INS0_6ConfigEvEERKS_IT_E:
function _ZNSt10shared_ptrIKN5Catch7IConfigEEC1INS0_6ConfigEvEERKS_IT_E called 3 returned 100% blocks executed 100%
        3:  246:	shared_ptr(const shared_ptr<_Yp>& __r) noexcept
        3:  247:        : __shared_ptr<_Tp>(__r) { }
        3:  247-block  0
call    0 returned 3
------------------
        -:  248:
        -:  249:      /**
        -:  250:       *  @brief  Move-constructs a %shared_ptr instance from @a __r.
        -:  251:       *  @param  __r  A %shared_ptr rvalue.
        -:  252:       *  @post   *this contains the old value of @a __r, @a __r is empty.
        -:  253:       */
     413*:  254:      shared_ptr(shared_ptr&& __r) noexcept
     413*:  255:      : __shared_ptr<_Tp>(std::move(__r)) { }
------------------
_ZNSt10shared_ptrIN5Catch22CumulativeReporterBaseINS0_13JunitReporterEE4NodeINS0_12TestRunStatsENS4_INS0_14TestGroupStatsENS4_INS0_13TestCaseStatsENS3_11SectionNodeEEEEEEEEC1EOSC_:
function _ZNSt10shared_ptrIN5Catch22CumulativeReporterBaseINS0_13JunitReporterEE4NodeINS0_12TestRunStatsENS4_INS0_14TestGroupStatsENS4_INS0_13TestCaseStatsENS3_11SectionNodeEEEEEEEEC1EOSC_ called 0 returned 0% blocks executed 0%
    #####:  254:      shared_ptr(shared_ptr&& __r) noexcept
    #####:  255:      : __shared_ptr<_Tp>(std::move(__r)) { }
    %%%%%:  255-block  0
call    0 never executed
call    1 never executed
------------------
_ZNSt10shared_ptrIN5Catch22CumulativeReporterBaseINS0_13JunitReporterEE11SectionNodeEEC1EOS5_:
function _ZNSt10shared_ptrIN5Catch22CumulativeReporterBaseINS0_13JunitReporterEE11SectionNodeEEC1EOS5_ called 0 returned 0% blocks executed 0%
    #####:  254:      shared_ptr(shared_ptr&& __r) noexcept
    #####:  255:      : __shared_ptr<_Tp>(std::move(__r)) { }
    %%%%%:  255-block  0
call    0 never executed
call    1 never executed
------------------
_ZNSt10shared_ptrIN5Catch16IReporterFactoryEEC1EOS2_:
function _ZNSt10shared_ptrIN5Catch16IReporterFactoryEEC1EOS2_ called 0 returned 0% blocks executed 0%
    #####:  254:      shared_ptr(shared_ptr&& __r) noexcept
    #####:  255:      : __shared_ptr<_Tp>(std::move(__r)) { }
    %%%%%:  255-block  0
call    0 never executed
call    1 never executed
------------------
_ZNSt10shared_ptrIN5Catch5clara6detail8BoundRefEEC1EOS4_:
function _ZNSt10shared_ptrIN5Catch5clara6detail8BoundRefEEC1EOS4_ called 406 returned 100% blocks executed 100%
      406:  254:      shared_ptr(shared_ptr&& __r) noexcept
      406:  255:      : __shared_ptr<_Tp>(std::move(__r)) { }
      406:  255-block  0
call    0 returned 406
call    1 returned 406
------------------
_ZNSt10shared_ptrIN5Catch22CumulativeReporterBaseINS0_13JunitReporterEE4NodeINS0_14TestGroupStatsENS4_INS0_13TestCaseStatsENS3_11SectionNodeEEEEEEC1EOSA_:
function _ZNSt10shared_ptrIN5Catch22CumulativeReporterBaseINS0_13JunitReporterEE4NodeINS0_14TestGroupStatsENS4_INS0_13TestCaseStatsENS3_11SectionNodeEEEEEEC1EOSA_ called 0 returned 0% blocks executed 0%
    #####:  254:      shared_ptr(shared_ptr&& __r) noexcept
    #####:  255:      : __shared_ptr<_Tp>(std::move(__r)) { }
    %%%%%:  255-block  0
call    0 never executed
call    1 never executed
------------------
_ZNSt10shared_ptrIN5Catch22CumulativeReporterBaseINS0_13JunitReporterEE4NodeINS0_13TestCaseStatsENS3_11SectionNodeEEEEC1EOS8_:
function _ZNSt10shared_ptrIN5Catch22CumulativeReporterBaseINS0_13JunitReporterEE4NodeINS0_13TestCaseStatsENS3_11SectionNodeEEEEC1EOS8_ called 0 returned 0% blocks executed 0%
    #####:  254:      shared_ptr(shared_ptr&& __r) noexcept
    #####:  255:      : __shared_ptr<_Tp>(std::move(__r)) { }
    %%%%%:  255-block  0
call    0 never executed
call    1 never executed
------------------
_ZNSt10shared_ptrIN5Catch8TestSpec7PatternEEC1EOS3_:
function _ZNSt10shared_ptrIN5Catch8TestSpec7PatternEEC1EOS3_ called 0 returned 0% blocks executed 0%
    #####:  254:      shared_ptr(shared_ptr&& __r) noexcept
    #####:  255:      : __shared_ptr<_Tp>(std::move(__r)) { }
    %%%%%:  255-block  0
call    0 never executed
call    1 never executed
------------------
_ZNSt10shared_ptrIN5Catch12ITestInvokerEEC1EOS2_:
function _ZNSt10shared_ptrIN5Catch12ITestInvokerEEC1EOS2_ called 7 returned 100% blocks executed 100%
        7:  254:      shared_ptr(shared_ptr&& __r) noexcept
        7:  255:      : __shared_ptr<_Tp>(std::move(__r)) { }
        7:  255-block  0
call    0 returned 7
call    1 returned 7
------------------
_ZNSt10shared_ptrIN5Catch16TestCaseTracking8ITrackerEEC1EOS3_:
function _ZNSt10shared_ptrIN5Catch16TestCaseTracking8ITrackerEEC1EOS3_ called 0 returned 0% blocks executed 0%
    #####:  254:      shared_ptr(shared_ptr&& __r) noexcept
    #####:  255:      : __shared_ptr<_Tp>(std::move(__r)) { }
    %%%%%:  255-block  0
call    0 never executed
call    1 never executed
------------------
        -:  256:
        -:  257:      /**
        -:  258:       *  @brief  Move-constructs a %shared_ptr instance from @a __r.
        -:  259:       *  @param  __r  A %shared_ptr rvalue.
        -:  260:       *  @post   *this contains the old value of @a __r, @a __r is empty.
        -:  261:       */
        -:  262:      template<typename _Yp, typename = _Constructible<shared_ptr<_Yp>>>
      34*:  263:	shared_ptr(shared_ptr<_Yp>&& __r) noexcept
      34*:  264:	: __shared_ptr<_Tp>(std::move(__r)) { }
------------------
_ZNSt10shared_ptrIN5Catch5clara6detail8BoundRefEEC2INS2_11BoundLambdaIZNS0_21makeCommandLineParserERNS0_10ConfigDataEEUlRKNSt7__cxx1112basic_stringIcSt11char_traitsIcESaIcEEEE6_EEvEEOS_IT_E:
function _ZNSt10shared_ptrIN5Catch5clara6detail8BoundRefEEC2INS2_11BoundLambdaIZNS0_21makeCommandLineParserERNS0_10ConfigDataEEUlRKNSt7__cxx1112basic_stringIcSt11char_traitsIcESaIcEEEE6_EEvEEOS_IT_E called 1 returned 100% blocks executed 100%
        1:  263:	shared_ptr(shared_ptr<_Yp>&& __r) noexcept
        1:  264:	: __shared_ptr<_Tp>(std::move(__r)) { }
        1:  264-block  0
call    0 returned 1
call    1 returned 1
------------------
_ZNSt10shared_ptrIN5Catch5clara6detail8BoundRefEEC1INS2_12BoundFlagRefEvEEOS_IT_E:
function _ZNSt10shared_ptrIN5Catch5clara6detail8BoundRefEEC1INS2_12BoundFlagRefEvEEOS_IT_E called 11 returned 100% blocks executed 100%
       11:  263:	shared_ptr(shared_ptr<_Yp>&& __r) noexcept
       11:  264:	: __shared_ptr<_Tp>(std::move(__r)) { }
       11:  264-block  0
call    0 returned 11
call    1 returned 11
------------------
_ZNSt10shared_ptrIN5Catch5clara6detail8BoundRefEEC1INS2_15BoundFlagLambdaIZNS2_4HelpC4ERbEUlbE_EEvEEOS_IT_E:
function _ZNSt10shared_ptrIN5Catch5clara6detail8BoundRefEEC1INS2_15BoundFlagLambdaIZNS2_4HelpC4ERbEUlbE_EEvEEOS_IT_E called 1 returned 100% blocks executed 100%
        1:  263:	shared_ptr(shared_ptr<_Yp>&& __r) noexcept
        1:  264:	: __shared_ptr<_Tp>(std::move(__r)) { }
        1:  264-block  0
call    0 returned 1
call    1 returned 1
------------------
_ZNSt10shared_ptrIN5Catch5clara6detail8BoundRefEEC2INS2_15BoundFlagLambdaIZNS0_21makeCommandLineParserERNS0_10ConfigDataEEUlbE7_EEvEEOS_IT_E:
function _ZNSt10shared_ptrIN5Catch5clara6detail8BoundRefEEC2INS2_15BoundFlagLambdaIZNS0_21makeCommandLineParserERNS0_10ConfigDataEEUlbE7_EEvEEOS_IT_E called 1 returned 100% blocks executed 100%
        1:  263:	shared_ptr(shared_ptr<_Yp>&& __r) noexcept
        1:  264:	: __shared_ptr<_Tp>(std::move(__r)) { }
        1:  264-block  0
call    0 returned 1
call    1 returned 1
------------------
_ZNSt10shared_ptrIN5Catch5clara6detail8BoundRefEEC1INS2_13BoundValueRefISt6vectorINSt7__cxx1112basic_stringIcSt11char_traitsIcESaIcEEESaISD_EEEEvEEOS_IT_E:
function _ZNSt10shared_ptrIN5Catch5clara6detail8BoundRefEEC1INS2_13BoundValueRefISt6vectorINSt7__cxx1112basic_stringIcSt11char_traitsIcESaIcEEESaISD_EEEEvEEOS_IT_E called 2 returned 100% blocks executed 100%
        2:  263:	shared_ptr(shared_ptr<_Yp>&& __r) noexcept
        2:  264:	: __shared_ptr<_Tp>(std::move(__r)) { }
        2:  264-block  0
call    0 returned 2
call    1 returned 2
------------------
_ZNSt10shared_ptrIN5Catch8TestSpec7PatternEEC1INS1_11NamePatternEvEEOS_IT_E:
function _ZNSt10shared_ptrIN5Catch8TestSpec7PatternEEC1INS1_11NamePatternEvEEOS_IT_E called 0 returned 0% blocks executed 0%
    #####:  263:	shared_ptr(shared_ptr<_Yp>&& __r) noexcept
    #####:  264:	: __shared_ptr<_Tp>(std::move(__r)) { }
    %%%%%:  264-block  0
call    0 never executed
call    1 never executed
------------------
_ZNSt10shared_ptrIN5Catch8TestSpec7PatternEEC1INS1_10TagPatternEvEEOS_IT_E:
function _ZNSt10shared_ptrIN5Catch8TestSpec7PatternEEC1INS1_10TagPatternEvEEOS_IT_E called 0 returned 0% blocks executed 0%
    #####:  263:	shared_ptr(shared_ptr<_Yp>&& __r) noexcept
    #####:  264:	: __shared_ptr<_Tp>(std::move(__r)) { }
    %%%%%:  264-block  0
call    0 never executed
call    1 never executed
------------------
_ZNSt10shared_ptrIN5Catch16IReporterFactoryEEC1INS0_17ReporterRegistrarINS0_15CompactReporterEE15ReporterFactoryEvEEOS_IT_E:
function _ZNSt10shared_ptrIN5Catch16IReporterFactoryEEC1INS0_17ReporterRegistrarINS0_15CompactReporterEE15ReporterFactoryEvEEOS_IT_E called 1 returned 100% blocks executed 100%
        1:  263:	shared_ptr(shared_ptr<_Yp>&& __r) noexcept
        1:  264:	: __shared_ptr<_Tp>(std::move(__r)) { }
        1:  264-block  0
call    0 returned 1
call    1 returned 1
------------------
_ZNSt10shared_ptrIN5Catch16IReporterFactoryEEC1INS0_17ReporterRegistrarINS0_15ConsoleReporterEE15ReporterFactoryEvEEOS_IT_E:
function _ZNSt10shared_ptrIN5Catch16IReporterFactoryEEC1INS0_17ReporterRegistrarINS0_15ConsoleReporterEE15ReporterFactoryEvEEOS_IT_E called 1 returned 100% blocks executed 100%
        1:  263:	shared_ptr(shared_ptr<_Yp>&& __r) noexcept
        1:  264:	: __shared_ptr<_Tp>(std::move(__r)) { }
        1:  264-block  0
call    0 returned 1
call    1 returned 1
------------------
_ZNSt10shared_ptrIN5Catch16IReporterFactoryEEC1INS0_17ReporterRegistrarINS0_13JunitReporterEE15ReporterFactoryEvEEOS_IT_E:
function _ZNSt10shared_ptrIN5Catch16IReporterFactoryEEC1INS0_17ReporterRegistrarINS0_13JunitReporterEE15ReporterFactoryEvEEOS_IT_E called 1 returned 100% blocks executed 100%
        1:  263:	shared_ptr(shared_ptr<_Yp>&& __r) noexcept
        1:  264:	: __shared_ptr<_Tp>(std::move(__r)) { }
        1:  264-block  0
call    0 returned 1
call    1 returned 1
------------------
_ZNSt10shared_ptrIN5Catch16IReporterFactoryEEC1INS0_17ReporterRegistrarINS0_11XmlReporterEE15ReporterFactoryEvEEOS_IT_E:
function _ZNSt10shared_ptrIN5Catch16IReporterFactoryEEC1INS0_17ReporterRegistrarINS0_11XmlReporterEE15ReporterFactoryEvEEOS_IT_E called 1 returned 100% blocks executed 100%
        1:  263:	shared_ptr(shared_ptr<_Yp>&& __r) noexcept
        1:  264:	: __shared_ptr<_Tp>(std::move(__r)) { }
        1:  264-block  0
call    0 returned 1
call    1 returned 1
------------------
_ZNSt10shared_ptrIN5Catch5clara6detail8BoundRefEEC1INS2_13BoundValueRefINSt7__cxx1112basic_stringIcSt11char_traitsIcESaIcEEEEEvEEOS_IT_E:
function _ZNSt10shared_ptrIN5Catch5clara6detail8BoundRefEEC1INS2_13BoundValueRefINSt7__cxx1112basic_stringIcSt11char_traitsIcESaIcEEEEEvEEOS_IT_E called 2 returned 100% blocks executed 100%
        2:  263:	shared_ptr(shared_ptr<_Yp>&& __r) noexcept
        2:  264:	: __shared_ptr<_Tp>(std::move(__r)) { }
        2:  264-block  0
call    0 returned 2
call    1 returned 2
------------------
_ZNSt10shared_ptrIKNSt8__detail4_NFAINSt7__cxx1112regex_traitsIcEEEEEC1IS5_vEEOS_IT_E:
function _ZNSt10shared_ptrIKNSt8__detail4_NFAINSt7__cxx1112regex_traitsIcEEEEEC1IS5_vEEOS_IT_E called 0 returned 0% blocks executed 0%
    #####:  263:	shared_ptr(shared_ptr<_Yp>&& __r) noexcept
    #####:  264:	: __shared_ptr<_Tp>(std::move(__r)) { }
    %%%%%:  264-block  0
call    0 never executed
call    1 never executed
------------------
_ZNSt10shared_ptrIN5Catch5clara6detail8BoundRefEEC2INS2_11BoundLambdaIZNS0_21makeCommandLineParserERNS0_10ConfigDataEEUliE8_EEvEEOS_IT_E:
function _ZNSt10shared_ptrIN5Catch5clara6detail8BoundRefEEC2INS2_11BoundLambdaIZNS0_21makeCommandLineParserERNS0_10ConfigDataEEUliE8_EEvEEOS_IT_E called 1 returned 100% blocks executed 100%
        1:  263:	shared_ptr(shared_ptr<_Yp>&& __r) noexcept
        1:  264:	: __shared_ptr<_Tp>(std::move(__r)) { }
        1:  264-block  0
call    0 returned 1
call    1 returned 1
------------------
_ZNSt10shared_ptrIN5Catch5clara6detail8BoundRefEEC2INS2_11BoundLambdaIZNS0_21makeCommandLineParserERNS0_10ConfigDataEEUlRKNSt7__cxx1112basic_stringIcSt11char_traitsIcESaIcEEEE_EEvEEOS_IT_E:
function _ZNSt10shared_ptrIN5Catch5clara6detail8BoundRefEEC2INS2_11BoundLambdaIZNS0_21makeCommandLineParserERNS0_10ConfigDataEEUlRKNSt7__cxx1112basic_stringIcSt11char_traitsIcESaIcEEEE_EEvEEOS_IT_E called 1 returned 100% blocks executed 100%
        1:  263:	shared_ptr(shared_ptr<_Yp>&& __r) noexcept
        1:  264:	: __shared_ptr<_Tp>(std::move(__r)) { }
        1:  264-block  0
call    0 returned 1
call    1 returned 1
------------------
_ZNSt10shared_ptrIN5Catch5clara6detail8BoundRefEEC2INS2_11BoundLambdaIZNS0_21makeCommandLineParserERNS0_10ConfigDataEEUlbE9_EEvEEOS_IT_E:
function _ZNSt10shared_ptrIN5Catch5clara6detail8BoundRefEEC2INS2_11BoundLambdaIZNS0_21makeCommandLineParserERNS0_10ConfigDataEEUlbE9_EEvEEOS_IT_E called 1 returned 100% blocks executed 100%
        1:  263:	shared_ptr(shared_ptr<_Yp>&& __r) noexcept
        1:  264:	: __shared_ptr<_Tp>(std::move(__r)) { }
        1:  264-block  0
call    0 returned 1
call    1 returned 1
------------------
_ZNSt10shared_ptrIN5Catch5clara6detail8BoundRefEEC2INS2_11BoundLambdaIZNS0_21makeCommandLineParserERNS0_10ConfigDataEEUlRKNSt7__cxx1112basic_stringIcSt11char_traitsIcESaIcEEEE0_EEvEEOS_IT_E:
function _ZNSt10shared_ptrIN5Catch5clara6detail8BoundRefEEC2INS2_11BoundLambdaIZNS0_21makeCommandLineParserERNS0_10ConfigDataEEUlRKNSt7__cxx1112basic_stringIcSt11char_traitsIcESaIcEEEE0_EEvEEOS_IT_E called 1 returned 100% blocks executed 100%
        1:  263:	shared_ptr(shared_ptr<_Yp>&& __r) noexcept
        1:  264:	: __shared_ptr<_Tp>(std::move(__r)) { }
        1:  264-block  0
call    0 returned 1
call    1 returned 1
------------------
_ZNSt10shared_ptrIN5Catch5clara6detail8BoundRefEEC2INS2_11BoundLambdaIZNS0_21makeCommandLineParserERNS0_10ConfigDataEEUlRKNSt7__cxx1112basic_stringIcSt11char_traitsIcESaIcEEEE5_EEvEEOS_IT_E:
function _ZNSt10shared_ptrIN5Catch5clara6detail8BoundRefEEC2INS2_11BoundLambdaIZNS0_21makeCommandLineParserERNS0_10ConfigDataEEUlRKNSt7__cxx1112basic_stringIcSt11char_traitsIcESaIcEEEE5_EEvEEOS_IT_E called 1 returned 100% blocks executed 100%
        1:  263:	shared_ptr(shared_ptr<_Yp>&& __r) noexcept
        1:  264:	: __shared_ptr<_Tp>(std::move(__r)) { }
        1:  264-block  0
call    0 returned 1
call    1 returned 1
------------------
_ZNSt10shared_ptrIN5Catch5clara6detail8BoundRefEEC2INS2_11BoundLambdaIZNS0_21makeCommandLineParserERNS0_10ConfigDataEEUlRKNSt7__cxx1112basic_stringIcSt11char_traitsIcESaIcEEEE1_EEvEEOS_IT_E:
function _ZNSt10shared_ptrIN5Catch5clara6detail8BoundRefEEC2INS2_11BoundLambdaIZNS0_21makeCommandLineParserERNS0_10ConfigDataEEUlRKNSt7__cxx1112basic_stringIcSt11char_traitsIcESaIcEEEE1_EEvEEOS_IT_E called 1 returned 100% blocks executed 100%
        1:  263:	shared_ptr(shared_ptr<_Yp>&& __r) noexcept
        1:  264:	: __shared_ptr<_Tp>(std::move(__r)) { }
        1:  264-block  0
call    0 returned 1
call    1 returned 1
------------------
_ZNSt10shared_ptrIN5Catch5clara6detail8BoundRefEEC2INS2_11BoundLambdaIZNS0_21makeCommandLineParserERNS0_10ConfigDataEEUlRKNSt7__cxx1112basic_stringIcSt11char_traitsIcESaIcEEEE2_EEvEEOS_IT_E:
function _ZNSt10shared_ptrIN5Catch5clara6detail8BoundRefEEC2INS2_11BoundLambdaIZNS0_21makeCommandLineParserERNS0_10ConfigDataEEUlRKNSt7__cxx1112basic_stringIcSt11char_traitsIcESaIcEEEE2_EEvEEOS_IT_E called 1 returned 100% blocks executed 100%
        1:  263:	shared_ptr(shared_ptr<_Yp>&& __r) noexcept
        1:  264:	: __shared_ptr<_Tp>(std::move(__r)) { }
        1:  264-block  0
call    0 returned 1
call    1 returned 1
------------------
_ZNSt10shared_ptrIN5Catch5clara6detail8BoundRefEEC2INS2_11BoundLambdaIZNS0_21makeCommandLineParserERNS0_10ConfigDataEEUlRKNSt7__cxx1112basic_stringIcSt11char_traitsIcESaIcEEEE3_EEvEEOS_IT_E:
function _ZNSt10shared_ptrIN5Catch5clara6detail8BoundRefEEC2INS2_11BoundLambdaIZNS0_21makeCommandLineParserERNS0_10ConfigDataEEUlRKNSt7__cxx1112basic_stringIcSt11char_traitsIcESaIcEEEE3_EEvEEOS_IT_E called 1 returned 100% blocks executed 100%
        1:  263:	shared_ptr(shared_ptr<_Yp>&& __r) noexcept
        1:  264:	: __shared_ptr<_Tp>(std::move(__r)) { }
        1:  264-block  0
call    0 returned 1
call    1 returned 1
------------------
_ZNSt10shared_ptrIN5Catch5clara6detail8BoundRefEEC2INS2_11BoundLambdaIZNS0_21makeCommandLineParserERNS0_10ConfigDataEEUlRKNSt7__cxx1112basic_stringIcSt11char_traitsIcESaIcEEEE4_EEvEEOS_IT_E:
function _ZNSt10shared_ptrIN5Catch5clara6detail8BoundRefEEC2INS2_11BoundLambdaIZNS0_21makeCommandLineParserERNS0_10ConfigDataEEUlRKNSt7__cxx1112basic_stringIcSt11char_traitsIcESaIcEEEE4_EEvEEOS_IT_E called 1 returned 100% blocks executed 100%
        1:  263:	shared_ptr(shared_ptr<_Yp>&& __r) noexcept
        1:  264:	: __shared_ptr<_Tp>(std::move(__r)) { }
        1:  264-block  0
call    0 returned 1
call    1 returned 1
------------------
_ZNSt10shared_ptrIN5Catch5clara6detail8BoundRefEEC1INS2_13BoundValueRefIjEEvEEOS_IT_E:
function _ZNSt10shared_ptrIN5Catch5clara6detail8BoundRefEEC1INS2_13BoundValueRefIjEEvEEOS_IT_E called 2 returned 100% blocks executed 100%
        2:  263:	shared_ptr(shared_ptr<_Yp>&& __r) noexcept
        2:  264:	: __shared_ptr<_Tp>(std::move(__r)) { }
        2:  264-block  0
call    0 returned 2
call    1 returned 2
------------------
_ZNSt10shared_ptrIN5Catch5clara6detail8BoundRefEEC1INS2_13BoundValueRefIdEEvEEOS_IT_E:
function _ZNSt10shared_ptrIN5Catch5clara6detail8BoundRefEEC1INS2_13BoundValueRefIdEEvEEOS_IT_E called 1 returned 100% blocks executed 100%
        1:  263:	shared_ptr(shared_ptr<_Yp>&& __r) noexcept
        1:  264:	: __shared_ptr<_Tp>(std::move(__r)) { }
        1:  264-block  0
call    0 returned 1
call    1 returned 1
------------------
        -:  265:
        -:  266:      /**
        -:  267:       *  @brief  Constructs a %shared_ptr that shares ownership with @a __r
        -:  268:       *          and stores a copy of the pointer stored in @a __r.
        -:  269:       *  @param  __r  A weak_ptr.
        -:  270:       *  @post   use_count() == __r.use_count()
        -:  271:       *  @throw  bad_weak_ptr when __r.expired(),
        -:  272:       *          in which case the constructor has no effect.
        -:  273:       */
        -:  274:      template<typename _Yp, typename = _Constructible<const weak_ptr<_Yp>&>>
        -:  275:	explicit shared_ptr(const weak_ptr<_Yp>& __r)
        -:  276:	: __shared_ptr<_Tp>(__r) { }
        -:  277:
        -:  278:#if _GLIBCXX_USE_DEPRECATED
        -:  279:#pragma GCC diagnostic push
        -:  280:#pragma GCC diagnostic ignored "-Wdeprecated-declarations"
        -:  281:      template<typename _Yp, typename = _Constructible<auto_ptr<_Yp>>>
        -:  282:	shared_ptr(auto_ptr<_Yp>&& __r);
        -:  283:#pragma GCC diagnostic pop
        -:  284:#endif
        -:  285:
        -:  286:      // _GLIBCXX_RESOLVE_LIB_DEFECTS
        -:  287:      // 2399. shared_ptr's constructor from unique_ptr should be constrained
        -:  288:      template<typename _Yp, typename _Del,
        -:  289:	       typename = _Constructible<unique_ptr<_Yp, _Del>>>
        -:  290:	shared_ptr(unique_ptr<_Yp, _Del>&& __r)
        -:  291:	: __shared_ptr<_Tp>(std::move(__r)) { }
        -:  292:
        -:  293:#if __cplusplus <= 201402L && _GLIBCXX_USE_DEPRECATED
        -:  294:      // This non-standard constructor exists to support conversions that
        -:  295:      // were possible in C++11 and C++14 but are ill-formed in C++17.
        -:  296:      // If an exception is thrown this constructor has no effect.
        -:  297:      template<typename _Yp, typename _Del,
        -:  298:		_Constructible<unique_ptr<_Yp, _Del>, __sp_array_delete>* = 0>
        -:  299:	shared_ptr(unique_ptr<_Yp, _Del>&& __r)
        -:  300:	: __shared_ptr<_Tp>(std::move(__r), __sp_array_delete()) { }
        -:  301:#endif
        -:  302:
        -:  303:      /**
        -:  304:       *  @brief  Construct an empty %shared_ptr.
        -:  305:       *  @post   use_count() == 0 && get() == nullptr
        -:  306:       */
function _ZNSt10shared_ptrIN5Catch16TestCaseTracking8ITrackerEEC1EDn called 8 returned 100% blocks executed 100%
        8:  307:      constexpr shared_ptr(nullptr_t) noexcept : shared_ptr() { }
        8:  307-block  0
call    0 returned 8
        -:  308:
        -:  309:      shared_ptr& operator=(const shared_ptr&) noexcept = default;
        -:  310:
        -:  311:      template<typename _Yp>
        -:  312:	_Assignable<const shared_ptr<_Yp>&>
        -:  313:	operator=(const shared_ptr<_Yp>& __r) noexcept
        -:  314:	{
        -:  315:	  this->__shared_ptr<_Tp>::operator=(__r);
        -:  316:	  return *this;
        -:  317:	}
        -:  318:
        -:  319:#if _GLIBCXX_USE_DEPRECATED
        -:  320:#pragma GCC diagnostic push
        -:  321:#pragma GCC diagnostic ignored "-Wdeprecated-declarations"
        -:  322:      template<typename _Yp>
        -:  323:	_Assignable<auto_ptr<_Yp>>
        -:  324:	operator=(auto_ptr<_Yp>&& __r)
        -:  325:	{
        -:  326:	  this->__shared_ptr<_Tp>::operator=(std::move(__r));
        -:  327:	  return *this;
        -:  328:	}
        -:  329:#pragma GCC diagnostic pop
        -:  330:#endif
        -:  331:
        -:  332:      shared_ptr&
      11*:  333:      operator=(shared_ptr&& __r) noexcept
        -:  334:      {
      11*:  335:	this->__shared_ptr<_Tp>::operator=(std::move(__r));
      11*:  336:	return *this;
        -:  337:      }
------------------
_ZNSt10shared_ptrIN5Catch22CumulativeReporterBaseINS0_13JunitReporterEE11SectionNodeEEaSEOS5_:
function _ZNSt10shared_ptrIN5Catch22CumulativeReporterBaseINS0_13JunitReporterEE11SectionNodeEEaSEOS5_ called 0 returned 0% blocks executed 0%
    #####:  333:      operator=(shared_ptr&& __r) noexcept
        -:  334:      {
    #####:  335:	this->__shared_ptr<_Tp>::operator=(std::move(__r));
    %%%%%:  335-block  0
call    0 never executed
call    1 never executed
    #####:  336:	return *this;
        -:  337:      }
------------------
_ZNSt10shared_ptrIN5Catch12ITestInvokerEEaSEOS2_:
function _ZNSt10shared_ptrIN5Catch12ITestInvokerEEaSEOS2_ called 0 returned 0% blocks executed 0%
    #####:  333:      operator=(shared_ptr&& __r) noexcept
        -:  334:      {
    #####:  335:	this->__shared_ptr<_Tp>::operator=(std::move(__r));
    %%%%%:  335-block  0
call    0 never executed
call    1 never executed
    #####:  336:	return *this;
        -:  337:      }
------------------
_ZNSt10shared_ptrIN5Catch16TestCaseTracking14SectionTrackerEEaSEOS3_:
function _ZNSt10shared_ptrIN5Catch16TestCaseTracking14SectionTrackerEEaSEOS3_ called 8 returned 100% blocks executed 100%
        8:  333:      operator=(shared_ptr&& __r) noexcept
        -:  334:      {
        8:  335:	this->__shared_ptr<_Tp>::operator=(std::move(__r));
        8:  335-block  0
call    0 returned 8
call    1 returned 8
        8:  336:	return *this;
        -:  337:      }
------------------
_ZNSt10shared_ptrIN5Catch6ConfigEEaSEOS2_:
function _ZNSt10shared_ptrIN5Catch6ConfigEEaSEOS2_ called 1 returned 100% blocks executed 100%
        1:  333:      operator=(shared_ptr&& __r) noexcept
        -:  334:      {
        1:  335:	this->__shared_ptr<_Tp>::operator=(std::move(__r));
        1:  335-block  0
call    0 returned 1
call    1 returned 1
        1:  336:	return *this;
        -:  337:      }
------------------
_ZNSt10shared_ptrIN5Catch5clara6detail17BoundValueRefBaseEEaSEOS4_:
function _ZNSt10shared_ptrIN5Catch5clara6detail17BoundValueRefBaseEEaSEOS4_ called 1 returned 100% blocks executed 100%
        1:  333:      operator=(shared_ptr&& __r) noexcept
        -:  334:      {
        1:  335:	this->__shared_ptr<_Tp>::operator=(std::move(__r));
        1:  335-block  0
call    0 returned 1
call    1 returned 1
        1:  336:	return *this;
        -:  337:      }
------------------
_ZNSt10shared_ptrINSt7__cxx1112basic_stringIcSt11char_traitsIcESaIcEEEEaSEOS6_:
function _ZNSt10shared_ptrINSt7__cxx1112basic_stringIcSt11char_traitsIcESaIcEEEEaSEOS6_ called 1 returned 100% blocks executed 100%
        1:  333:      operator=(shared_ptr&& __r) noexcept
        -:  334:      {
        1:  335:	this->__shared_ptr<_Tp>::operator=(std::move(__r));
        1:  335-block  0
call    0 returned 1
call    1 returned 1
        1:  336:	return *this;
        -:  337:      }
------------------
_ZNSt10shared_ptrIN5Catch10Generators16GeneratorTrackerEEaSEOS3_:
function _ZNSt10shared_ptrIN5Catch10Generators16GeneratorTrackerEEaSEOS3_ called 0 returned 0% blocks executed 0%
    #####:  333:      operator=(shared_ptr&& __r) noexcept
        -:  334:      {
    #####:  335:	this->__shared_ptr<_Tp>::operator=(std::move(__r));
    %%%%%:  335-block  0
call    0 never executed
call    1 never executed
    #####:  336:	return *this;
        -:  337:      }
------------------
        -:  338:
        -:  339:      template<class _Yp>
        -:  340:	_Assignable<shared_ptr<_Yp>>
       9*:  341:	operator=(shared_ptr<_Yp>&& __r) noexcept
        -:  342:	{
       9*:  343:	  this->__shared_ptr<_Tp>::operator=(std::move(__r));
       9*:  344:	  return *this;
        -:  345:	}
------------------
_ZNSt10shared_ptrIN5Catch8TestSpec7PatternEEaSINS1_15ExcludedPatternEEENSt9enable_ifIXsrSt13is_assignableIRSt12__shared_ptrIS2_LN9__gnu_cxx12_Lock_policyE2EES_IT_EE5valueERS3_E4typeEOSE_:
function _ZNSt10shared_ptrIN5Catch8TestSpec7PatternEEaSINS1_15ExcludedPatternEEENSt9enable_ifIXsrSt13is_assignableIRSt12__shared_ptrIS2_LN9__gnu_cxx12_Lock_policyE2EES_IT_EE5valueERS3_E4typeEOSE_ called 0 returned 0% blocks executed 0%
    #####:  341:	operator=(shared_ptr<_Yp>&& __r) noexcept
        -:  342:	{
    #####:  343:	  this->__shared_ptr<_Tp>::operator=(std::move(__r));
    %%%%%:  343-block  0
call    0 never executed
call    1 never executed
    #####:  344:	  return *this;
        -:  345:	}
------------------
_ZNSt10shared_ptrIN5Catch16TestCaseTracking8ITrackerEEaSINS1_14SectionTrackerEEENSt9enable_ifIXsrSt13is_assignableIRSt12__shared_ptrIS2_LN9__gnu_cxx12_Lock_policyE2EES_IT_EE5valueERS3_E4typeEOSE_:
function _ZNSt10shared_ptrIN5Catch16TestCaseTracking8ITrackerEEaSINS1_14SectionTrackerEEENSt9enable_ifIXsrSt13is_assignableIRSt12__shared_ptrIS2_LN9__gnu_cxx12_Lock_policyE2EES_IT_EE5valueERS3_E4typeEOSE_ called 8 returned 100% blocks executed 100%
        8:  341:	operator=(shared_ptr<_Yp>&& __r) noexcept
        -:  342:	{
        8:  343:	  this->__shared_ptr<_Tp>::operator=(std::move(__r));
        8:  343-block  0
call    0 returned 8
call    1 returned 8
        8:  344:	  return *this;
        -:  345:	}
------------------
_ZNSt10shared_ptrIN5Catch5clara6detail17BoundValueRefBaseEEaSINS2_13BoundValueRefINSt7__cxx1112basic_stringIcSt11char_traitsIcESaIcEEEEEEENSt9enable_ifIXsrSt13is_assignableIRSt12__shared_ptrIS3_LN9__gnu_cxx12_Lock_policyE2EES_IT_EE5valueERS4_E4typeEOSM_:
function _ZNSt10shared_ptrIN5Catch5clara6detail17BoundValueRefBaseEEaSINS2_13BoundValueRefINSt7__cxx1112basic_stringIcSt11char_traitsIcESaIcEEEEEEENSt9enable_ifIXsrSt13is_assignableIRSt12__shared_ptrIS3_LN9__gnu_cxx12_Lock_policyE2EES_IT_EE5valueERS4_E4typeEOSM_ called 1 returned 100% blocks executed 100%
        1:  341:	operator=(shared_ptr<_Yp>&& __r) noexcept
        -:  342:	{
        1:  343:	  this->__shared_ptr<_Tp>::operator=(std::move(__r));
        1:  343-block  0
call    0 returned 1
call    1 returned 1
        1:  344:	  return *this;
        -:  345:	}
------------------
        -:  346:
        -:  347:      template<typename _Yp, typename _Del>
        -:  348:	_Assignable<unique_ptr<_Yp, _Del>>
        -:  349:	operator=(unique_ptr<_Yp, _Del>&& __r)
        -:  350:	{
        -:  351:	  this->__shared_ptr<_Tp>::operator=(std::move(__r));
        -:  352:	  return *this;
        -:  353:	}
        -:  354:
        -:  355:    private:
        -:  356:      // This constructor is non-standard, it is used by allocate_shared.
        -:  357:      template<typename _Alloc, typename... _Args>
      55*:  358:	shared_ptr(_Sp_make_shared_tag __tag, const _Alloc& __a,
        -:  359:		   _Args&&... __args)
      55*:  360:	: __shared_ptr<_Tp>(__tag, __a, std::forward<_Args>(__args)...)
      55*:  361:	{ }
------------------
_ZNSt10shared_ptrIN5Catch5clara6detail15BoundFlagLambdaIZNS2_4HelpC4ERbEUlbE_EEEC1ISaIS7_EJRKS6_EEESt19_Sp_make_shared_tagRKT_DpOT0_:
function _ZNSt10shared_ptrIN5Catch5clara6detail15BoundFlagLambdaIZNS2_4HelpC4ERbEUlbE_EEEC1ISaIS7_EJRKS6_EEESt19_Sp_make_shared_tagRKT_DpOT0_ called 1 returned 100% blocks executed 100%
        1:  358:	shared_ptr(_Sp_make_shared_tag __tag, const _Alloc& __a,
        -:  359:		   _Args&&... __args)
        1:  360:	: __shared_ptr<_Tp>(__tag, __a, std::forward<_Args>(__args)...)
        1:  360-block  0
call    0 returned 1
call    1 returned 1
        1:  361:	{ }
------------------
_ZNSt10shared_ptrIN5Catch22CumulativeReporterBaseINS0_13JunitReporterEE4NodeINS0_13TestCaseStatsENS3_11SectionNodeEEEEC1ISaIS7_EJRKS5_EEESt19_Sp_make_shared_tagRKT_DpOT0_:
function _ZNSt10shared_ptrIN5Catch22CumulativeReporterBaseINS0_13JunitReporterEE4NodeINS0_13TestCaseStatsENS3_11SectionNodeEEEEC1ISaIS7_EJRKS5_EEESt19_Sp_make_shared_tagRKT_DpOT0_ called 0 returned 0% blocks executed 0%
    #####:  358:	shared_ptr(_Sp_make_shared_tag __tag, const _Alloc& __a,
        -:  359:		   _Args&&... __args)
    #####:  360:	: __shared_ptr<_Tp>(__tag, __a, std::forward<_Args>(__args)...)
    %%%%%:  360-block  0
call    0 never executed
call    1 never executed
    #####:  361:	{ }
------------------
_ZNSt10shared_ptrIN5Catch17ReporterRegistrarINS0_15ConsoleReporterEE15ReporterFactoryEEC1ISaIS4_EJEEESt19_Sp_make_shared_tagRKT_DpOT0_:
function _ZNSt10shared_ptrIN5Catch17ReporterRegistrarINS0_15ConsoleReporterEE15ReporterFactoryEEC1ISaIS4_EJEEESt19_Sp_make_shared_tagRKT_DpOT0_ called 1 returned 100% blocks executed 100%
        1:  358:	shared_ptr(_Sp_make_shared_tag __tag, const _Alloc& __a,
        -:  359:		   _Args&&... __args)
        1:  360:	: __shared_ptr<_Tp>(__tag, __a, std::forward<_Args>(__args)...)
        1:  360-block  0
call    0 returned 1
        1:  361:	{ }
------------------
_ZNSt10shared_ptrIN5Catch17ReporterRegistrarINS0_15CompactReporterEE15ReporterFactoryEEC1ISaIS4_EJEEESt19_Sp_make_shared_tagRKT_DpOT0_:
function _ZNSt10shared_ptrIN5Catch17ReporterRegistrarINS0_15CompactReporterEE15ReporterFactoryEEC1ISaIS4_EJEEESt19_Sp_make_shared_tagRKT_DpOT0_ called 1 returned 100% blocks executed 100%
        1:  358:	shared_ptr(_Sp_make_shared_tag __tag, const _Alloc& __a,
        -:  359:		   _Args&&... __args)
        1:  360:	: __shared_ptr<_Tp>(__tag, __a, std::forward<_Args>(__args)...)
        1:  360-block  0
call    0 returned 1
        1:  361:	{ }
------------------
_ZNSt10shared_ptrIN5Catch8TestSpec10TagPatternEEC1ISaIS2_EJRNSt7__cxx1112basic_stringIcSt11char_traitsIcESaIcEEESC_EEESt19_Sp_make_shared_tagRKT_DpOT0_:
function _ZNSt10shared_ptrIN5Catch8TestSpec10TagPatternEEC1ISaIS2_EJRNSt7__cxx1112basic_stringIcSt11char_traitsIcESaIcEEESC_EEESt19_Sp_make_shared_tagRKT_DpOT0_ called 0 returned 0% blocks executed 0%
    #####:  358:	shared_ptr(_Sp_make_shared_tag __tag, const _Alloc& __a,
        -:  359:		   _Args&&... __args)
    #####:  360:	: __shared_ptr<_Tp>(__tag, __a, std::forward<_Args>(__args)...)
    %%%%%:  360-block  0
call    0 never executed
call    1 never executed
call    2 never executed
    #####:  361:	{ }
------------------
_ZNSt10shared_ptrIN5Catch8TestSpec15ExcludedPatternEEC1ISaIS2_EJRS_INS1_7PatternEEEEESt19_Sp_make_shared_tagRKT_DpOT0_:
function _ZNSt10shared_ptrIN5Catch8TestSpec15ExcludedPatternEEC1ISaIS2_EJRS_INS1_7PatternEEEEESt19_Sp_make_shared_tagRKT_DpOT0_ called 0 returned 0% blocks executed 0%
    #####:  358:	shared_ptr(_Sp_make_shared_tag __tag, const _Alloc& __a,
        -:  359:		   _Args&&... __args)
    #####:  360:	: __shared_ptr<_Tp>(__tag, __a, std::forward<_Args>(__args)...)
    %%%%%:  360-block  0
call    0 never executed
call    1 never executed
    #####:  361:	{ }
------------------
_ZNSt10shared_ptrIN5Catch8TestSpec11NamePatternEEC1ISaIS2_EJRNSt7__cxx1112basic_stringIcSt11char_traitsIcESaIcEEESC_EEESt19_Sp_make_shared_tagRKT_DpOT0_:
function _ZNSt10shared_ptrIN5Catch8TestSpec11NamePatternEEC1ISaIS2_EJRNSt7__cxx1112basic_stringIcSt11char_traitsIcESaIcEEESC_EEESt19_Sp_make_shared_tagRKT_DpOT0_ called 0 returned 0% blocks executed 0%
    #####:  358:	shared_ptr(_Sp_make_shared_tag __tag, const _Alloc& __a,
        -:  359:		   _Args&&... __args)
    #####:  360:	: __shared_ptr<_Tp>(__tag, __a, std::forward<_Args>(__args)...)
    %%%%%:  360-block  0
call    0 never executed
call    1 never executed
call    2 never executed
    #####:  361:	{ }
------------------
_ZNSt10shared_ptrIN5Catch5clara6detail13BoundValueRefISt6vectorINSt7__cxx1112basic_stringIcSt11char_traitsIcESaIcEEESaISA_EEEEEC1ISaISD_EJRSC_EEESt19_Sp_make_shared_tagRKT_DpOT0_:
function _ZNSt10shared_ptrIN5Catch5clara6detail13BoundValueRefISt6vectorINSt7__cxx1112basic_stringIcSt11char_traitsIcESaIcEEESaISA_EEEEEC1ISaISD_EJRSC_EEESt19_Sp_make_shared_tagRKT_DpOT0_ called 2 returned 100% blocks executed 100%
        2:  358:	shared_ptr(_Sp_make_shared_tag __tag, const _Alloc& __a,
        -:  359:		   _Args&&... __args)
        2:  360:	: __shared_ptr<_Tp>(__tag, __a, std::forward<_Args>(__args)...)
        2:  360-block  0
call    0 returned 2
call    1 returned 2
        2:  361:	{ }
------------------
_ZNSt10shared_ptrIN5Catch5clara6detail15BoundFlagLambdaIZNS0_21makeCommandLineParserERNS0_10ConfigDataEEUlbE7_EEEC2ISaIS7_EJRKS6_EEESt19_Sp_make_shared_tagRKT_DpOT0_:
function _ZNSt10shared_ptrIN5Catch5clara6detail15BoundFlagLambdaIZNS0_21makeCommandLineParserERNS0_10ConfigDataEEUlbE7_EEEC2ISaIS7_EJRKS6_EEESt19_Sp_make_shared_tagRKT_DpOT0_ called 1 returned 100% blocks executed 100%
        1:  358:	shared_ptr(_Sp_make_shared_tag __tag, const _Alloc& __a,
        -:  359:		   _Args&&... __args)
        1:  360:	: __shared_ptr<_Tp>(__tag, __a, std::forward<_Args>(__args)...)
        1:  360-block  0
call    0 returned 1
call    1 returned 1
        1:  361:	{ }
------------------
_ZNSt10shared_ptrIN5Catch22CumulativeReporterBaseINS0_13JunitReporterEE4NodeINS0_14TestGroupStatsENS4_INS0_13TestCaseStatsENS3_11SectionNodeEEEEEEC1ISaIS9_EJRKS5_EEESt19_Sp_make_shared_tagRKT_DpOT0_:
function _ZNSt10shared_ptrIN5Catch22CumulativeReporterBaseINS0_13JunitReporterEE4NodeINS0_14TestGroupStatsENS4_INS0_13TestCaseStatsENS3_11SectionNodeEEEEEEC1ISaIS9_EJRKS5_EEESt19_Sp_make_shared_tagRKT_DpOT0_ called 0 returned 0% blocks executed 0%
    #####:  358:	shared_ptr(_Sp_make_shared_tag __tag, const _Alloc& __a,
        -:  359:		   _Args&&... __args)
    #####:  360:	: __shared_ptr<_Tp>(__tag, __a, std::forward<_Args>(__args)...)
    %%%%%:  360-block  0
call    0 never executed
call    1 never executed
    #####:  361:	{ }
------------------
_ZNSt10shared_ptrIN5Catch16TestCaseTracking14SectionTrackerEEC1ISaIS2_EJRKNS1_15NameAndLocationERNS1_14TrackerContextEPNS1_8ITrackerEEEESt19_Sp_make_shared_tagRKT_DpOT0_:
function _ZNSt10shared_ptrIN5Catch16TestCaseTracking14SectionTrackerEEC1ISaIS2_EJRKNS1_15NameAndLocationERNS1_14TrackerContextEPNS1_8ITrackerEEEESt19_Sp_make_shared_tagRKT_DpOT0_ called 8 returned 100% blocks executed 100%
        8:  358:	shared_ptr(_Sp_make_shared_tag __tag, const _Alloc& __a,
        -:  359:		   _Args&&... __args)
        8:  360:	: __shared_ptr<_Tp>(__tag, __a, std::forward<_Args>(__args)...)
        8:  360-block  0
call    0 returned 8
call    1 returned 8
call    2 returned 8
call    3 returned 8
        8:  361:	{ }
------------------
_ZNSt10shared_ptrIN5Catch16TestCaseTracking14SectionTrackerEEC1ISaIS2_EJNS1_15NameAndLocationERNS1_14TrackerContextEDnEEESt19_Sp_make_shared_tagRKT_DpOT0_:
function _ZNSt10shared_ptrIN5Catch16TestCaseTracking14SectionTrackerEEC1ISaIS2_EJNS1_15NameAndLocationERNS1_14TrackerContextEDnEEESt19_Sp_make_shared_tagRKT_DpOT0_ called 8 returned 100% blocks executed 100%
        8:  358:	shared_ptr(_Sp_make_shared_tag __tag, const _Alloc& __a,
        -:  359:		   _Args&&... __args)
        8:  360:	: __shared_ptr<_Tp>(__tag, __a, std::forward<_Args>(__args)...)
        8:  360-block  0
call    0 returned 8
call    1 returned 8
call    2 returned 8
call    3 returned 8
        8:  361:	{ }
------------------
_ZNSt10shared_ptrIN5Catch6ConfigEEC1ISaIS1_EJRNS0_10ConfigDataEEEESt19_Sp_make_shared_tagRKT_DpOT0_:
function _ZNSt10shared_ptrIN5Catch6ConfigEEC1ISaIS1_EJRNS0_10ConfigDataEEEESt19_Sp_make_shared_tagRKT_DpOT0_ called 1 returned 100% blocks executed 100%
        1:  358:	shared_ptr(_Sp_make_shared_tag __tag, const _Alloc& __a,
        -:  359:		   _Args&&... __args)
        1:  360:	: __shared_ptr<_Tp>(__tag, __a, std::forward<_Args>(__args)...)
        1:  360-block  0
call    0 returned 1
call    1 returned 1
        1:  361:	{ }
------------------
_ZNSt10shared_ptrIN5Catch10Generators16GeneratorTrackerEEC1ISaIS2_EJRKNS0_16TestCaseTracking15NameAndLocationERNS6_14TrackerContextEPNS6_8ITrackerEEEESt19_Sp_make_shared_tagRKT_DpOT0_:
function _ZNSt10shared_ptrIN5Catch10Generators16GeneratorTrackerEEC1ISaIS2_EJRKNS0_16TestCaseTracking15NameAndLocationERNS6_14TrackerContextEPNS6_8ITrackerEEEESt19_Sp_make_shared_tagRKT_DpOT0_ called 0 returned 0% blocks executed 0%
    #####:  358:	shared_ptr(_Sp_make_shared_tag __tag, const _Alloc& __a,
        -:  359:		   _Args&&... __args)
    #####:  360:	: __shared_ptr<_Tp>(__tag, __a, std::forward<_Args>(__args)...)
    %%%%%:  360-block  0
call    0 never executed
call    1 never executed
call    2 never executed
call    3 never executed
    #####:  361:	{ }
------------------
_ZNSt10shared_ptrIN5Catch5clara6detail12BoundFlagRefEEC1ISaIS3_EJRbEEESt19_Sp_make_shared_tagRKT_DpOT0_:
function _ZNSt10shared_ptrIN5Catch5clara6detail12BoundFlagRefEEC1ISaIS3_EJRbEEESt19_Sp_make_shared_tagRKT_DpOT0_ called 11 returned 100% blocks executed 100%
       11:  358:	shared_ptr(_Sp_make_shared_tag __tag, const _Alloc& __a,
        -:  359:		   _Args&&... __args)
       11:  360:	: __shared_ptr<_Tp>(__tag, __a, std::forward<_Args>(__args)...)
       11:  360-block  0
call    0 returned 11
call    1 returned 11
       11:  361:	{ }
------------------
_ZNSt10shared_ptrIN5Catch5clara6detail13BoundValueRefINSt7__cxx1112basic_stringIcSt11char_traitsIcESaIcEEEEEEC1ISaISA_EJRS9_EEESt19_Sp_make_shared_tagRKT_DpOT0_:
function _ZNSt10shared_ptrIN5Catch5clara6detail13BoundValueRefINSt7__cxx1112basic_stringIcSt11char_traitsIcESaIcEEEEEEC1ISaISA_EJRS9_EEESt19_Sp_make_shared_tagRKT_DpOT0_ called 3 returned 100% blocks executed 100%
        3:  358:	shared_ptr(_Sp_make_shared_tag __tag, const _Alloc& __a,
        -:  359:		   _Args&&... __args)
        3:  360:	: __shared_ptr<_Tp>(__tag, __a, std::forward<_Args>(__args)...)
        3:  360-block  0
call    0 returned 3
call    1 returned 3
        3:  361:	{ }
------------------
_ZNSt10shared_ptrINSt7__cxx1112basic_stringIcSt11char_traitsIcESaIcEEEEC1ISaIS5_EJRA13_KcEEESt19_Sp_make_shared_tagRKT_DpOT0_:
function _ZNSt10shared_ptrINSt7__cxx1112basic_stringIcSt11char_traitsIcESaIcEEEEC1ISaIS5_EJRA13_KcEEESt19_Sp_make_shared_tagRKT_DpOT0_ called 3 returned 100% blocks executed 100%
        3:  358:	shared_ptr(_Sp_make_shared_tag __tag, const _Alloc& __a,
        -:  359:		   _Args&&... __args)
        3:  360:	: __shared_ptr<_Tp>(__tag, __a, std::forward<_Args>(__args)...)
        3:  360-block  0
call    0 returned 3
call    1 returned 3
        3:  361:	{ }
------------------
_ZNSt10shared_ptrIN5Catch5clara6detail11BoundLambdaIZNS0_21makeCommandLineParserERNS0_10ConfigDataEEUlRKNSt7__cxx1112basic_stringIcSt11char_traitsIcESaIcEEEE5_EEEC2ISaISF_EJRKSE_EEESt19_Sp_make_shared_tagRKT_DpOT0_:
function _ZNSt10shared_ptrIN5Catch5clara6detail11BoundLambdaIZNS0_21makeCommandLineParserERNS0_10ConfigDataEEUlRKNSt7__cxx1112basic_stringIcSt11char_traitsIcESaIcEEEE5_EEEC2ISaISF_EJRKSE_EEESt19_Sp_make_shared_tagRKT_DpOT0_ called 1 returned 100% blocks executed 100%
        1:  358:	shared_ptr(_Sp_make_shared_tag __tag, const _Alloc& __a,
        -:  359:		   _Args&&... __args)
        1:  360:	: __shared_ptr<_Tp>(__tag, __a, std::forward<_Args>(__args)...)
        1:  360-block  0
call    0 returned 1
call    1 returned 1
        1:  361:	{ }
------------------
_ZNSt10shared_ptrIN5Catch22CumulativeReporterBaseINS0_13JunitReporterEE11SectionNodeEEC1ISaIS4_EJRNS0_12SectionStatsEEEESt19_Sp_make_shared_tagRKT_DpOT0_:
function _ZNSt10shared_ptrIN5Catch22CumulativeReporterBaseINS0_13JunitReporterEE11SectionNodeEEC1ISaIS4_EJRNS0_12SectionStatsEEEESt19_Sp_make_shared_tagRKT_DpOT0_ called 0 returned 0% blocks executed 0%
    #####:  358:	shared_ptr(_Sp_make_shared_tag __tag, const _Alloc& __a,
        -:  359:		   _Args&&... __args)
    #####:  360:	: __shared_ptr<_Tp>(__tag, __a, std::forward<_Args>(__args)...)
    %%%%%:  360-block  0
call    0 never executed
call    1 never executed
    #####:  361:	{ }
------------------
_ZNSt10shared_ptrINSt8__detail4_NFAINSt7__cxx1112regex_traitsIcEEEEEC1ISaIS5_EJRKSt6localeRNSt15regex_constants18syntax_option_typeEEEESt19_Sp_make_shared_tagRKT_DpOT0_:
function _ZNSt10shared_ptrINSt8__detail4_NFAINSt7__cxx1112regex_traitsIcEEEEEC1ISaIS5_EJRKSt6localeRNSt15regex_constants18syntax_option_typeEEEESt19_Sp_make_shared_tagRKT_DpOT0_ called 0 returned 0% blocks executed 0%
    #####:  358:	shared_ptr(_Sp_make_shared_tag __tag, const _Alloc& __a,
        -:  359:		   _Args&&... __args)
    #####:  360:	: __shared_ptr<_Tp>(__tag, __a, std::forward<_Args>(__args)...)
    %%%%%:  360-block  0
call    0 never executed
call    1 never executed
call    2 never executed
    #####:  361:	{ }
------------------
_ZNSt10shared_ptrIN5Catch5clara6detail13BoundValueRefIdEEEC1ISaIS4_EJRdEEESt19_Sp_make_shared_tagRKT_DpOT0_:
function _ZNSt10shared_ptrIN5Catch5clara6detail13BoundValueRefIdEEEC1ISaIS4_EJRdEEESt19_Sp_make_shared_tagRKT_DpOT0_ called 1 returned 100% blocks executed 100%
        1:  358:	shared_ptr(_Sp_make_shared_tag __tag, const _Alloc& __a,
        -:  359:		   _Args&&... __args)
        1:  360:	: __shared_ptr<_Tp>(__tag, __a, std::forward<_Args>(__args)...)
        1:  360-block  0
call    0 returned 1
call    1 returned 1
        1:  361:	{ }
------------------
_ZNSt10shared_ptrIN5Catch5clara6detail13BoundValueRefIjEEEC1ISaIS4_EJRjEEESt19_Sp_make_shared_tagRKT_DpOT0_:
function _ZNSt10shared_ptrIN5Catch5clara6detail13BoundValueRefIjEEEC1ISaIS4_EJRjEEESt19_Sp_make_shared_tagRKT_DpOT0_ called 2 returned 100% blocks executed 100%
        2:  358:	shared_ptr(_Sp_make_shared_tag __tag, const _Alloc& __a,
        -:  359:		   _Args&&... __args)
        2:  360:	: __shared_ptr<_Tp>(__tag, __a, std::forward<_Args>(__args)...)
        2:  360-block  0
call    0 returned 2
call    1 returned 2
        2:  361:	{ }
------------------
_ZNSt10shared_ptrIN5Catch5clara6detail11BoundLambdaIZNS0_21makeCommandLineParserERNS0_10ConfigDataEEUlRKNSt7__cxx1112basic_stringIcSt11char_traitsIcESaIcEEEE4_EEEC2ISaISF_EJRKSE_EEESt19_Sp_make_shared_tagRKT_DpOT0_:
function _ZNSt10shared_ptrIN5Catch5clara6detail11BoundLambdaIZNS0_21makeCommandLineParserERNS0_10ConfigDataEEUlRKNSt7__cxx1112basic_stringIcSt11char_traitsIcESaIcEEEE4_EEEC2ISaISF_EJRKSE_EEESt19_Sp_make_shared_tagRKT_DpOT0_ called 1 returned 100% blocks executed 100%
        1:  358:	shared_ptr(_Sp_make_shared_tag __tag, const _Alloc& __a,
        -:  359:		   _Args&&... __args)
        1:  360:	: __shared_ptr<_Tp>(__tag, __a, std::forward<_Args>(__args)...)
        1:  360-block  0
call    0 returned 1
call    1 returned 1
        1:  361:	{ }
------------------
_ZNSt10shared_ptrIN5Catch5clara6detail11BoundLambdaIZNS0_21makeCommandLineParserERNS0_10ConfigDataEEUlRKNSt7__cxx1112basic_stringIcSt11char_traitsIcESaIcEEEE3_EEEC2ISaISF_EJRKSE_EEESt19_Sp_make_shared_tagRKT_DpOT0_:
function _ZNSt10shared_ptrIN5Catch5clara6detail11BoundLambdaIZNS0_21makeCommandLineParserERNS0_10ConfigDataEEUlRKNSt7__cxx1112basic_stringIcSt11char_traitsIcESaIcEEEE3_EEEC2ISaISF_EJRKSE_EEESt19_Sp_make_shared_tagRKT_DpOT0_ called 1 returned 100% blocks executed 100%
        1:  358:	shared_ptr(_Sp_make_shared_tag __tag, const _Alloc& __a,
        -:  359:		   _Args&&... __args)
        1:  360:	: __shared_ptr<_Tp>(__tag, __a, std::forward<_Args>(__args)...)
        1:  360-block  0
call    0 returned 1
call    1 returned 1
        1:  361:	{ }
------------------
_ZNSt10shared_ptrIN5Catch5clara6detail11BoundLambdaIZNS0_21makeCommandLineParserERNS0_10ConfigDataEEUlRKNSt7__cxx1112basic_stringIcSt11char_traitsIcESaIcEEEE2_EEEC2ISaISF_EJRKSE_EEESt19_Sp_make_shared_tagRKT_DpOT0_:
function _ZNSt10shared_ptrIN5Catch5clara6detail11BoundLambdaIZNS0_21makeCommandLineParserERNS0_10ConfigDataEEUlRKNSt7__cxx1112basic_stringIcSt11char_traitsIcESaIcEEEE2_EEEC2ISaISF_EJRKSE_EEESt19_Sp_make_shared_tagRKT_DpOT0_ called 1 returned 100% blocks executed 100%
        1:  358:	shared_ptr(_Sp_make_shared_tag __tag, const _Alloc& __a,
        -:  359:		   _Args&&... __args)
        1:  360:	: __shared_ptr<_Tp>(__tag, __a, std::forward<_Args>(__args)...)
        1:  360-block  0
call    0 returned 1
call    1 returned 1
        1:  361:	{ }
------------------
_ZNSt10shared_ptrIN5Catch5clara6detail11BoundLambdaIZNS0_21makeCommandLineParserERNS0_10ConfigDataEEUlRKNSt7__cxx1112basic_stringIcSt11char_traitsIcESaIcEEEE1_EEEC2ISaISF_EJRKSE_EEESt19_Sp_make_shared_tagRKT_DpOT0_:
function _ZNSt10shared_ptrIN5Catch5clara6detail11BoundLambdaIZNS0_21makeCommandLineParserERNS0_10ConfigDataEEUlRKNSt7__cxx1112basic_stringIcSt11char_traitsIcESaIcEEEE1_EEEC2ISaISF_EJRKSE_EEESt19_Sp_make_shared_tagRKT_DpOT0_ called 1 returned 100% blocks executed 100%
        1:  358:	shared_ptr(_Sp_make_shared_tag __tag, const _Alloc& __a,
        -:  359:		   _Args&&... __args)
        1:  360:	: __shared_ptr<_Tp>(__tag, __a, std::forward<_Args>(__args)...)
        1:  360-block  0
call    0 returned 1
call    1 returned 1
        1:  361:	{ }
------------------
_ZNSt10shared_ptrIN5Catch22CumulativeReporterBaseINS0_13JunitReporterEE4NodeINS0_12TestRunStatsENS4_INS0_14TestGroupStatsENS4_INS0_13TestCaseStatsENS3_11SectionNodeEEEEEEEEC1ISaISB_EJRKS5_EEESt19_Sp_make_shared_tagRKT_DpOT0_:
function _ZNSt10shared_ptrIN5Catch22CumulativeReporterBaseINS0_13JunitReporterEE4NodeINS0_12TestRunStatsENS4_INS0_14TestGroupStatsENS4_INS0_13TestCaseStatsENS3_11SectionNodeEEEEEEEEC1ISaISB_EJRKS5_EEESt19_Sp_make_shared_tagRKT_DpOT0_ called 0 returned 0% blocks executed 0%
    #####:  358:	shared_ptr(_Sp_make_shared_tag __tag, const _Alloc& __a,
        -:  359:		   _Args&&... __args)
    #####:  360:	: __shared_ptr<_Tp>(__tag, __a, std::forward<_Args>(__args)...)
    %%%%%:  360-block  0
call    0 never executed
call    1 never executed
    #####:  361:	{ }
------------------
_ZNSt10shared_ptrIN5Catch5clara6detail11BoundLambdaIZNS0_21makeCommandLineParserERNS0_10ConfigDataEEUlRKNSt7__cxx1112basic_stringIcSt11char_traitsIcESaIcEEEE0_EEEC2ISaISF_EJRKSE_EEESt19_Sp_make_shared_tagRKT_DpOT0_:
function _ZNSt10shared_ptrIN5Catch5clara6detail11BoundLambdaIZNS0_21makeCommandLineParserERNS0_10ConfigDataEEUlRKNSt7__cxx1112basic_stringIcSt11char_traitsIcESaIcEEEE0_EEEC2ISaISF_EJRKSE_EEESt19_Sp_make_shared_tagRKT_DpOT0_ called 1 returned 100% blocks executed 100%
        1:  358:	shared_ptr(_Sp_make_shared_tag __tag, const _Alloc& __a,
        -:  359:		   _Args&&... __args)
        1:  360:	: __shared_ptr<_Tp>(__tag, __a, std::forward<_Args>(__args)...)
        1:  360-block  0
call    0 returned 1
call    1 returned 1
        1:  361:	{ }
------------------
_ZNSt10shared_ptrIN5Catch5clara6detail11BoundLambdaIZNS0_21makeCommandLineParserERNS0_10ConfigDataEEUlbE9_EEEC2ISaIS7_EJRKS6_EEESt19_Sp_make_shared_tagRKT_DpOT0_:
function _ZNSt10shared_ptrIN5Catch5clara6detail11BoundLambdaIZNS0_21makeCommandLineParserERNS0_10ConfigDataEEUlbE9_EEEC2ISaIS7_EJRKS6_EEESt19_Sp_make_shared_tagRKT_DpOT0_ called 1 returned 100% blocks executed 100%
        1:  358:	shared_ptr(_Sp_make_shared_tag __tag, const _Alloc& __a,
        -:  359:		   _Args&&... __args)
        1:  360:	: __shared_ptr<_Tp>(__tag, __a, std::forward<_Args>(__args)...)
        1:  360-block  0
call    0 returned 1
call    1 returned 1
        1:  361:	{ }
------------------
_ZNSt10shared_ptrIN5Catch5clara6detail11BoundLambdaIZNS0_21makeCommandLineParserERNS0_10ConfigDataEEUlRKNSt7__cxx1112basic_stringIcSt11char_traitsIcESaIcEEEE_EEEC2ISaISF_EJRKSE_EEESt19_Sp_make_shared_tagRKT_DpOT0_:
function _ZNSt10shared_ptrIN5Catch5clara6detail11BoundLambdaIZNS0_21makeCommandLineParserERNS0_10ConfigDataEEUlRKNSt7__cxx1112basic_stringIcSt11char_traitsIcESaIcEEEE_EEEC2ISaISF_EJRKSE_EEESt19_Sp_make_shared_tagRKT_DpOT0_ called 1 returned 100% blocks executed 100%
        1:  358:	shared_ptr(_Sp_make_shared_tag __tag, const _Alloc& __a,
        -:  359:		   _Args&&... __args)
        1:  360:	: __shared_ptr<_Tp>(__tag, __a, std::forward<_Args>(__args)...)
        1:  360-block  0
call    0 returned 1
call    1 returned 1
        1:  361:	{ }
------------------
_ZNSt10shared_ptrIN5Catch5clara6detail11BoundLambdaIZNS0_21makeCommandLineParserERNS0_10ConfigDataEEUliE8_EEEC2ISaIS7_EJRKS6_EEESt19_Sp_make_shared_tagRKT_DpOT0_:
function _ZNSt10shared_ptrIN5Catch5clara6detail11BoundLambdaIZNS0_21makeCommandLineParserERNS0_10ConfigDataEEUliE8_EEEC2ISaIS7_EJRKS6_EEESt19_Sp_make_shared_tagRKT_DpOT0_ called 1 returned 100% blocks executed 100%
        1:  358:	shared_ptr(_Sp_make_shared_tag __tag, const _Alloc& __a,
        -:  359:		   _Args&&... __args)
        1:  360:	: __shared_ptr<_Tp>(__tag, __a, std::forward<_Args>(__args)...)
        1:  360-block  0
call    0 returned 1
call    1 returned 1
        1:  361:	{ }
------------------
_ZNSt10shared_ptrIN5Catch5clara6detail11BoundLambdaIZNS0_21makeCommandLineParserERNS0_10ConfigDataEEUlRKNSt7__cxx1112basic_stringIcSt11char_traitsIcESaIcEEEE6_EEEC2ISaISF_EJRKSE_EEESt19_Sp_make_shared_tagRKT_DpOT0_:
function _ZNSt10shared_ptrIN5Catch5clara6detail11BoundLambdaIZNS0_21makeCommandLineParserERNS0_10ConfigDataEEUlRKNSt7__cxx1112basic_stringIcSt11char_traitsIcESaIcEEEE6_EEEC2ISaISF_EJRKSE_EEESt19_Sp_make_shared_tagRKT_DpOT0_ called 1 returned 100% blocks executed 100%
        1:  358:	shared_ptr(_Sp_make_shared_tag __tag, const _Alloc& __a,
        -:  359:		   _Args&&... __args)
        1:  360:	: __shared_ptr<_Tp>(__tag, __a, std::forward<_Args>(__args)...)
        1:  360-block  0
call    0 returned 1
call    1 returned 1
        1:  361:	{ }
------------------
_ZNSt10shared_ptrIN5Catch17ReporterRegistrarINS0_11XmlReporterEE15ReporterFactoryEEC1ISaIS4_EJEEESt19_Sp_make_shared_tagRKT_DpOT0_:
function _ZNSt10shared_ptrIN5Catch17ReporterRegistrarINS0_11XmlReporterEE15ReporterFactoryEEC1ISaIS4_EJEEESt19_Sp_make_shared_tagRKT_DpOT0_ called 1 returned 100% blocks executed 100%
        1:  358:	shared_ptr(_Sp_make_shared_tag __tag, const _Alloc& __a,
        -:  359:		   _Args&&... __args)
        1:  360:	: __shared_ptr<_Tp>(__tag, __a, std::forward<_Args>(__args)...)
        1:  360-block  0
call    0 returned 1
        1:  361:	{ }
------------------
_ZNSt10shared_ptrIN5Catch17ReporterRegistrarINS0_13JunitReporterEE15ReporterFactoryEEC1ISaIS4_EJEEESt19_Sp_make_shared_tagRKT_DpOT0_:
function _ZNSt10shared_ptrIN5Catch17ReporterRegistrarINS0_13JunitReporterEE15ReporterFactoryEEC1ISaIS4_EJEEESt19_Sp_make_shared_tagRKT_DpOT0_ called 1 returned 100% blocks executed 100%
        1:  358:	shared_ptr(_Sp_make_shared_tag __tag, const _Alloc& __a,
        -:  359:		   _Args&&... __args)
        1:  360:	: __shared_ptr<_Tp>(__tag, __a, std::forward<_Args>(__args)...)
        1:  360-block  0
call    0 returned 1
        1:  361:	{ }
------------------
        -:  362:
        -:  363:      template<typename _Yp, typename _Alloc, typename... _Args>
        -:  364:	friend shared_ptr<_Yp>
        -:  365:	allocate_shared(const _Alloc& __a, _Args&&... __args);
        -:  366:
        -:  367:      // This constructor is non-standard, it is used by weak_ptr::lock().
        -:  368:      shared_ptr(const weak_ptr<_Tp>& __r, std::nothrow_t)
        -:  369:      : __shared_ptr<_Tp>(__r, std::nothrow) { }
        -:  370:
        -:  371:      friend class weak_ptr<_Tp>;
        -:  372:    };
        -:  373:
        -:  374:#if __cpp_deduction_guides >= 201606
        -:  375:  template<typename _Tp>
        -:  376:    shared_ptr(weak_ptr<_Tp>) ->  shared_ptr<_Tp>;
        -:  377:  template<typename _Tp, typename _Del>
        -:  378:    shared_ptr(unique_ptr<_Tp, _Del>) ->  shared_ptr<_Tp>;
        -:  379:#endif
        -:  380:
        -:  381:  // 20.7.2.2.7 shared_ptr comparisons
        -:  382:  template<typename _Tp, typename _Up>
        -:  383:    inline bool
        -:  384:    operator==(const shared_ptr<_Tp>& __a, const shared_ptr<_Up>& __b) noexcept
        -:  385:    { return __a.get() == __b.get(); }
        -:  386:
        -:  387:  template<typename _Tp>
        -:  388:    inline bool
function _ZSteqIKNSt8__detail4_NFAINSt7__cxx1112regex_traitsIcEEEEEbRKSt10shared_ptrIT_EDn called 0 returned 0% blocks executed 0%
    #####:  389:    operator==(const shared_ptr<_Tp>& __a, nullptr_t) noexcept
    #####:  390:    { return !__a; }
    %%%%%:  390-block  0
call    0 never executed
        -:  391:
        -:  392:  template<typename _Tp>
        -:  393:    inline bool
        -:  394:    operator==(nullptr_t, const shared_ptr<_Tp>& __a) noexcept
        -:  395:    { return !__a; }
        -:  396:
        -:  397:  template<typename _Tp, typename _Up>
        -:  398:    inline bool
        -:  399:    operator!=(const shared_ptr<_Tp>& __a, const shared_ptr<_Up>& __b) noexcept
        -:  400:    { return __a.get() != __b.get(); }
        -:  401:
        -:  402:  template<typename _Tp>
        -:  403:    inline bool
        -:  404:    operator!=(const shared_ptr<_Tp>& __a, nullptr_t) noexcept
        -:  405:    { return (bool)__a; }
        -:  406:
        -:  407:  template<typename _Tp>
        -:  408:    inline bool
        -:  409:    operator!=(nullptr_t, const shared_ptr<_Tp>& __a) noexcept
        -:  410:    { return (bool)__a; }
        -:  411:
        -:  412:  template<typename _Tp, typename _Up>
        -:  413:    inline bool
        -:  414:    operator<(const shared_ptr<_Tp>& __a, const shared_ptr<_Up>& __b) noexcept
        -:  415:    {
        -:  416:      using _Tp_elt = typename shared_ptr<_Tp>::element_type;
        -:  417:      using _Up_elt = typename shared_ptr<_Up>::element_type;
        -:  418:      using _Vp = typename common_type<_Tp_elt*, _Up_elt*>::type;
        -:  419:      return less<_Vp>()(__a.get(), __b.get());
        -:  420:    }
        -:  421:
        -:  422:  template<typename _Tp>
        -:  423:    inline bool
        -:  424:    operator<(const shared_ptr<_Tp>& __a, nullptr_t) noexcept
        -:  425:    {
        -:  426:      using _Tp_elt = typename shared_ptr<_Tp>::element_type;
        -:  427:      return less<_Tp_elt*>()(__a.get(), nullptr);
        -:  428:    }
        -:  429:
        -:  430:  template<typename _Tp>
        -:  431:    inline bool
        -:  432:    operator<(nullptr_t, const shared_ptr<_Tp>& __a) noexcept
        -:  433:    {
        -:  434:      using _Tp_elt = typename shared_ptr<_Tp>::element_type;
        -:  435:      return less<_Tp_elt*>()(nullptr, __a.get());
        -:  436:    }
        -:  437:
        -:  438:  template<typename _Tp, typename _Up>
        -:  439:    inline bool
        -:  440:    operator<=(const shared_ptr<_Tp>& __a, const shared_ptr<_Up>& __b) noexcept
        -:  441:    { return !(__b < __a); }
        -:  442:
        -:  443:  template<typename _Tp>
        -:  444:    inline bool
        -:  445:    operator<=(const shared_ptr<_Tp>& __a, nullptr_t) noexcept
        -:  446:    { return !(nullptr < __a); }
        -:  447:
        -:  448:  template<typename _Tp>
        -:  449:    inline bool
        -:  450:    operator<=(nullptr_t, const shared_ptr<_Tp>& __a) noexcept
        -:  451:    { return !(__a < nullptr); }
        -:  452:
        -:  453:  template<typename _Tp, typename _Up>
        -:  454:    inline bool
        -:  455:    operator>(const shared_ptr<_Tp>& __a, const shared_ptr<_Up>& __b) noexcept
        -:  456:    { return (__b < __a); }
        -:  457:
        -:  458:  template<typename _Tp>
        -:  459:    inline bool
        -:  460:    operator>(const shared_ptr<_Tp>& __a, nullptr_t) noexcept
        -:  461:    { return nullptr < __a; }
        -:  462:
        -:  463:  template<typename _Tp>
        -:  464:    inline bool
[...]
call    2 returned 8
call    3 returned 8
branch  4 taken 8 (fallthrough)
branch  5 taken 0 (throw)
        8:  707-block  1
        8:  707-block  2
        -:  708:    }
------------------
_ZSt15allocate_sharedIN5Catch6ConfigESaIS1_EJRNS0_10ConfigDataEEESt10shared_ptrIT_ERKT0_DpOT1_:
function _ZSt15allocate_sharedIN5Catch6ConfigESaIS1_EJRNS0_10ConfigDataEEESt10shared_ptrIT_ERKT0_DpOT1_ called 1 returned 100% blocks executed 100%
        1:  704:    allocate_shared(const _Alloc& __a, _Args&&... __args)
        -:  705:    {
        -:  706:      return shared_ptr<_Tp>(_Sp_make_shared_tag(), __a,
        1:  707:			     std::forward<_Args>(__args)...);
        1:  707-block  0
call    0 returned 1
call    1 returned 1
branch  2 taken 1 (fallthrough)
branch  3 taken 0 (throw)
        1:  707-block  1
        1:  707-block  2
        -:  708:    }
------------------
_ZSt15allocate_sharedIN5Catch10Generators16GeneratorTrackerESaIS2_EJRKNS0_16TestCaseTracking15NameAndLocationERNS4_14TrackerContextEPNS4_8ITrackerEEESt10shared_ptrIT_ERKT0_DpOT1_:
function _ZSt15allocate_sharedIN5Catch10Generators16GeneratorTrackerESaIS2_EJRKNS0_16TestCaseTracking15NameAndLocationERNS4_14TrackerContextEPNS4_8ITrackerEEESt10shared_ptrIT_ERKT0_DpOT1_ called 0 returned 0% blocks executed 0%
    #####:  704:    allocate_shared(const _Alloc& __a, _Args&&... __args)
        -:  705:    {
        -:  706:      return shared_ptr<_Tp>(_Sp_make_shared_tag(), __a,
    #####:  707:			     std::forward<_Args>(__args)...);
    %%%%%:  707-block  0
call    0 never executed
call    1 never executed
call    2 never executed
call    3 never executed
branch  4 never executed
branch  5 never executed
    %%%%%:  707-block  1
    %%%%%:  707-block  2
        -:  708:    }
------------------
_ZSt15allocate_sharedIN5Catch5clara6detail12BoundFlagRefESaIS3_EJRbEESt10shared_ptrIT_ERKT0_DpOT1_:
function _ZSt15allocate_sharedIN5Catch5clara6detail12BoundFlagRefESaIS3_EJRbEESt10shared_ptrIT_ERKT0_DpOT1_ called 11 returned 100% blocks executed 100%
       11:  704:    allocate_shared(const _Alloc& __a, _Args&&... __args)
        -:  705:    {
        -:  706:      return shared_ptr<_Tp>(_Sp_make_shared_tag(), __a,
       11:  707:			     std::forward<_Args>(__args)...);
       11:  707-block  0
call    0 returned 11
call    1 returned 11
branch  2 taken 11 (fallthrough)
branch  3 taken 0 (throw)
       11:  707-block  1
       11:  707-block  2
        -:  708:    }
------------------
_ZSt15allocate_sharedIN5Catch5clara6detail13BoundValueRefINSt7__cxx1112basic_stringIcSt11char_traitsIcESaIcEEEEESaISA_EJRS9_EESt10shared_ptrIT_ERKT0_DpOT1_:
function _ZSt15allocate_sharedIN5Catch5clara6detail13BoundValueRefINSt7__cxx1112basic_stringIcSt11char_traitsIcESaIcEEEEESaISA_EJRS9_EESt10shared_ptrIT_ERKT0_DpOT1_ called 3 returned 100% blocks executed 100%
        3:  704:    allocate_shared(const _Alloc& __a, _Args&&... __args)
        -:  705:    {
        -:  706:      return shared_ptr<_Tp>(_Sp_make_shared_tag(), __a,
        3:  707:			     std::forward<_Args>(__args)...);
        3:  707-block  0
call    0 returned 3
call    1 returned 3
branch  2 taken 3 (fallthrough)
branch  3 taken 0 (throw)
        3:  707-block  1
        3:  707-block  2
        -:  708:    }
------------------
_ZSt15allocate_sharedINSt7__cxx1112basic_stringIcSt11char_traitsIcESaIcEEESaIS5_EJRA13_KcEESt10shared_ptrIT_ERKT0_DpOT1_:
function _ZSt15allocate_sharedINSt7__cxx1112basic_stringIcSt11char_traitsIcESaIcEEESaIS5_EJRA13_KcEESt10shared_ptrIT_ERKT0_DpOT1_ called 3 returned 100% blocks executed 100%
        3:  704:    allocate_shared(const _Alloc& __a, _Args&&... __args)
        -:  705:    {
        -:  706:      return shared_ptr<_Tp>(_Sp_make_shared_tag(), __a,
        3:  707:			     std::forward<_Args>(__args)...);
        3:  707-block  0
call    0 returned 3
call    1 returned 3
branch  2 taken 3 (fallthrough)
branch  3 taken 0 (throw)
        3:  707-block  1
        3:  707-block  2
        -:  708:    }
------------------
_ZSt15allocate_sharedIN5Catch5clara6detail11BoundLambdaIZNS0_21makeCommandLineParserERNS0_10ConfigDataEEUlRKNSt7__cxx1112basic_stringIcSt11char_traitsIcESaIcEEEE5_EESaISF_EJRKSE_EESt10shared_ptrIT_ERKT0_DpOT1_:
function _ZSt15allocate_sharedIN5Catch5clara6detail11BoundLambdaIZNS0_21makeCommandLineParserERNS0_10ConfigDataEEUlRKNSt7__cxx1112basic_stringIcSt11char_traitsIcESaIcEEEE5_EESaISF_EJRKSE_EESt10shared_ptrIT_ERKT0_DpOT1_ called 1 returned 100% blocks executed 100%
        1:  704:    allocate_shared(const _Alloc& __a, _Args&&... __args)
        -:  705:    {
        -:  706:      return shared_ptr<_Tp>(_Sp_make_shared_tag(), __a,
        1:  707:			     std::forward<_Args>(__args)...);
        1:  707-block  0
call    0 returned 1
call    1 returned 1
branch  2 taken 1 (fallthrough)
branch  3 taken 0 (throw)
        1:  707-block  1
        1:  707-block  2
        -:  708:    }
------------------
_ZSt15allocate_sharedIN5Catch22CumulativeReporterBaseINS0_13JunitReporterEE11SectionNodeESaIS4_EJRNS0_12SectionStatsEEESt10shared_ptrIT_ERKT0_DpOT1_:
function _ZSt15allocate_sharedIN5Catch22CumulativeReporterBaseINS0_13JunitReporterEE11SectionNodeESaIS4_EJRNS0_12SectionStatsEEESt10shared_ptrIT_ERKT0_DpOT1_ called 0 returned 0% blocks executed 0%
    #####:  704:    allocate_shared(const _Alloc& __a, _Args&&... __args)
        -:  705:    {
        -:  706:      return shared_ptr<_Tp>(_Sp_make_shared_tag(), __a,
    #####:  707:			     std::forward<_Args>(__args)...);
    %%%%%:  707-block  0
call    0 never executed
call    1 never executed
branch  2 never executed
branch  3 never executed
    %%%%%:  707-block  1
    %%%%%:  707-block  2
        -:  708:    }
------------------
_ZSt15allocate_sharedINSt8__detail4_NFAINSt7__cxx1112regex_traitsIcEEEESaIS5_EJRKSt6localeRNSt15regex_constants18syntax_option_typeEEESt10shared_ptrIT_ERKT0_DpOT1_:
function _ZSt15allocate_sharedINSt8__detail4_NFAINSt7__cxx1112regex_traitsIcEEEESaIS5_EJRKSt6localeRNSt15regex_constants18syntax_option_typeEEESt10shared_ptrIT_ERKT0_DpOT1_ called 0 returned 0% blocks executed 0%
    #####:  704:    allocate_shared(const _Alloc& __a, _Args&&... __args)
        -:  705:    {
        -:  706:      return shared_ptr<_Tp>(_Sp_make_shared_tag(), __a,
    #####:  707:			     std::forward<_Args>(__args)...);
    %%%%%:  707-block  0
call    0 never executed
call    1 never executed
call    2 never executed
branch  3 never executed
branch  4 never executed
    %%%%%:  707-block  1
    %%%%%:  707-block  2
        -:  708:    }
------------------
_ZSt15allocate_sharedIN5Catch5clara6detail13BoundValueRefIdEESaIS4_EJRdEESt10shared_ptrIT_ERKT0_DpOT1_:
function _ZSt15allocate_sharedIN5Catch5clara6detail13BoundValueRefIdEESaIS4_EJRdEESt10shared_ptrIT_ERKT0_DpOT1_ called 1 returned 100% blocks executed 100%
        1:  704:    allocate_shared(const _Alloc& __a, _Args&&... __args)
        -:  705:    {
        -:  706:      return shared_ptr<_Tp>(_Sp_make_shared_tag(), __a,
        1:  707:			     std::forward<_Args>(__args)...);
        1:  707-block  0
call    0 returned 1
call    1 returned 1
branch  2 taken 1 (fallthrough)
branch  3 taken 0 (throw)
        1:  707-block  1
        1:  707-block  2
        -:  708:    }
------------------
_ZSt15allocate_sharedIN5Catch5clara6detail13BoundValueRefIjEESaIS4_EJRjEESt10shared_ptrIT_ERKT0_DpOT1_:
function _ZSt15allocate_sharedIN5Catch5clara6detail13BoundValueRefIjEESaIS4_EJRjEESt10shared_ptrIT_ERKT0_DpOT1_ called 2 returned 100% blocks executed 100%
        2:  704:    allocate_shared(const _Alloc& __a, _Args&&... __args)
        -:  705:    {
        -:  706:      return shared_ptr<_Tp>(_Sp_make_shared_tag(), __a,
        2:  707:			     std::forward<_Args>(__args)...);
        2:  707-block  0
call    0 returned 2
call    1 returned 2
branch  2 taken 2 (fallthrough)
branch  3 taken 0 (throw)
        2:  707-block  1
        2:  707-block  2
        -:  708:    }
------------------
_ZSt15allocate_sharedIN5Catch5clara6detail11BoundLambdaIZNS0_21makeCommandLineParserERNS0_10ConfigDataEEUlRKNSt7__cxx1112basic_stringIcSt11char_traitsIcESaIcEEEE4_EESaISF_EJRKSE_EESt10shared_ptrIT_ERKT0_DpOT1_:
function _ZSt15allocate_sharedIN5Catch5clara6detail11BoundLambdaIZNS0_21makeCommandLineParserERNS0_10ConfigDataEEUlRKNSt7__cxx1112basic_stringIcSt11char_traitsIcESaIcEEEE4_EESaISF_EJRKSE_EESt10shared_ptrIT_ERKT0_DpOT1_ called 1 returned 100% blocks executed 100%
        1:  704:    allocate_shared(const _Alloc& __a, _Args&&... __args)
        -:  705:    {
        -:  706:      return shared_ptr<_Tp>(_Sp_make_shared_tag(), __a,
        1:  707:			     std::forward<_Args>(__args)...);
        1:  707-block  0
call    0 returned 1
call    1 returned 1
branch  2 taken 1 (fallthrough)
branch  3 taken 0 (throw)
        1:  707-block  1
        1:  707-block  2
        -:  708:    }
------------------
_ZSt15allocate_sharedIN5Catch5clara6detail11BoundLambdaIZNS0_21makeCommandLineParserERNS0_10ConfigDataEEUlRKNSt7__cxx1112basic_stringIcSt11char_traitsIcESaIcEEEE3_EESaISF_EJRKSE_EESt10shared_ptrIT_ERKT0_DpOT1_:
function _ZSt15allocate_sharedIN5Catch5clara6detail11BoundLambdaIZNS0_21makeCommandLineParserERNS0_10ConfigDataEEUlRKNSt7__cxx1112basic_stringIcSt11char_traitsIcESaIcEEEE3_EESaISF_EJRKSE_EESt10shared_ptrIT_ERKT0_DpOT1_ called 1 returned 100% blocks executed 100%
        1:  704:    allocate_shared(const _Alloc& __a, _Args&&... __args)
        -:  705:    {
        -:  706:      return shared_ptr<_Tp>(_Sp_make_shared_tag(), __a,
        1:  707:			     std::forward<_Args>(__args)...);
        1:  707-block  0
call    0 returned 1
call    1 returned 1
branch  2 taken 1 (fallthrough)
branch  3 taken 0 (throw)
        1:  707-block  1
        1:  707-block  2
        -:  708:    }
------------------
_ZSt15allocate_sharedIN5Catch5clara6detail11BoundLambdaIZNS0_21makeCommandLineParserERNS0_10ConfigDataEEUlRKNSt7__cxx1112basic_stringIcSt11char_traitsIcESaIcEEEE2_EESaISF_EJRKSE_EESt10shared_ptrIT_ERKT0_DpOT1_:
function _ZSt15allocate_sharedIN5Catch5clara6detail11BoundLambdaIZNS0_21makeCommandLineParserERNS0_10ConfigDataEEUlRKNSt7__cxx1112basic_stringIcSt11char_traitsIcESaIcEEEE2_EESaISF_EJRKSE_EESt10shared_ptrIT_ERKT0_DpOT1_ called 1 returned 100% blocks executed 100%
        1:  704:    allocate_shared(const _Alloc& __a, _Args&&... __args)
        -:  705:    {
        -:  706:      return shared_ptr<_Tp>(_Sp_make_shared_tag(), __a,
        1:  707:			     std::forward<_Args>(__args)...);
        1:  707-block  0
call    0 returned 1
call    1 returned 1
branch  2 taken 1 (fallthrough)
branch  3 taken 0 (throw)
        1:  707-block  1
        1:  707-block  2
        -:  708:    }
------------------
_ZSt15allocate_sharedIN5Catch5clara6detail11BoundLambdaIZNS0_21makeCommandLineParserERNS0_10ConfigDataEEUlRKNSt7__cxx1112basic_stringIcSt11char_traitsIcESaIcEEEE1_EESaISF_EJRKSE_EESt10shared_ptrIT_ERKT0_DpOT1_:
function _ZSt15allocate_sharedIN5Catch5clara6detail11BoundLambdaIZNS0_21makeCommandLineParserERNS0_10ConfigDataEEUlRKNSt7__cxx1112basic_stringIcSt11char_traitsIcESaIcEEEE1_EESaISF_EJRKSE_EESt10shared_ptrIT_ERKT0_DpOT1_ called 1 returned 100% blocks executed 100%
        1:  704:    allocate_shared(const _Alloc& __a, _Args&&... __args)
        -:  705:    {
        -:  706:      return shared_ptr<_Tp>(_Sp_make_shared_tag(), __a,
        1:  707:			     std::forward<_Args>(__args)...);
        1:  707-block  0
call    0 returned 1
call    1 returned 1
branch  2 taken 1 (fallthrough)
branch  3 taken 0 (throw)
        1:  707-block  1
        1:  707-block  2
        -:  708:    }
------------------
_ZSt15allocate_sharedIN5Catch22CumulativeReporterBaseINS0_13JunitReporterEE4NodeINS0_12TestRunStatsENS4_INS0_14TestGroupStatsENS4_INS0_13TestCaseStatsENS3_11SectionNodeEEEEEEESaISB_EJRKS5_EESt10shared_ptrIT_ERKT0_DpOT1_:
function _ZSt15allocate_sharedIN5Catch22CumulativeReporterBaseINS0_13JunitReporterEE4NodeINS0_12TestRunStatsENS4_INS0_14TestGroupStatsENS4_INS0_13TestCaseStatsENS3_11SectionNodeEEEEEEESaISB_EJRKS5_EESt10shared_ptrIT_ERKT0_DpOT1_ called 0 returned 0% blocks executed 0%
    #####:  704:    allocate_shared(const _Alloc& __a, _Args&&... __args)
        -:  705:    {
        -:  706:      return shared_ptr<_Tp>(_Sp_make_shared_tag(), __a,
    #####:  707:			     std::forward<_Args>(__args)...);
    %%%%%:  707-block  0
call    0 never executed
call    1 never executed
branch  2 never executed
branch  3 never executed
    %%%%%:  707-block  1
    %%%%%:  707-block  2
        -:  708:    }
------------------
_ZSt15allocate_sharedIN5Catch5clara6detail11BoundLambdaIZNS0_21makeCommandLineParserERNS0_10ConfigDataEEUlRKNSt7__cxx1112basic_stringIcSt11char_traitsIcESaIcEEEE0_EESaISF_EJRKSE_EESt10shared_ptrIT_ERKT0_DpOT1_:
function _ZSt15allocate_sharedIN5Catch5clara6detail11BoundLambdaIZNS0_21makeCommandLineParserERNS0_10ConfigDataEEUlRKNSt7__cxx1112basic_stringIcSt11char_traitsIcESaIcEEEE0_EESaISF_EJRKSE_EESt10shared_ptrIT_ERKT0_DpOT1_ called 1 returned 100% blocks executed 100%
        1:  704:    allocate_shared(const _Alloc& __a, _Args&&... __args)
        -:  705:    {
        -:  706:      return shared_ptr<_Tp>(_Sp_make_shared_tag(), __a,
        1:  707:			     std::forward<_Args>(__args)...);
        1:  707-block  0
call    0 returned 1
call    1 returned 1
branch  2 taken 1 (fallthrough)
branch  3 taken 0 (throw)
        1:  707-block  1
        1:  707-block  2
        -:  708:    }
------------------
_ZSt15allocate_sharedIN5Catch5clara6detail11BoundLambdaIZNS0_21makeCommandLineParserERNS0_10ConfigDataEEUlbE9_EESaIS7_EJRKS6_EESt10shared_ptrIT_ERKT0_DpOT1_:
function _ZSt15allocate_sharedIN5Catch5clara6detail11BoundLambdaIZNS0_21makeCommandLineParserERNS0_10ConfigDataEEUlbE9_EESaIS7_EJRKS6_EESt10shared_ptrIT_ERKT0_DpOT1_ called 1 returned 100% blocks executed 100%
        1:  704:    allocate_shared(const _Alloc& __a, _Args&&... __args)
        -:  705:    {
        -:  706:      return shared_ptr<_Tp>(_Sp_make_shared_tag(), __a,
        1:  707:			     std::forward<_Args>(__args)...);
        1:  707-block  0
call    0 returned 1
call    1 returned 1
branch  2 taken 1 (fallthrough)
branch  3 taken 0 (throw)
        1:  707-block  1
        1:  707-block  2
        -:  708:    }
------------------
_ZSt15allocate_sharedIN5Catch5clara6detail11BoundLambdaIZNS0_21makeCommandLineParserERNS0_10ConfigDataEEUlRKNSt7__cxx1112basic_stringIcSt11char_traitsIcESaIcEEEE_EESaISF_EJRKSE_EESt10shared_ptrIT_ERKT0_DpOT1_:
function _ZSt15allocate_sharedIN5Catch5clara6detail11BoundLambdaIZNS0_21makeCommandLineParserERNS0_10ConfigDataEEUlRKNSt7__cxx1112basic_stringIcSt11char_traitsIcESaIcEEEE_EESaISF_EJRKSE_EESt10shared_ptrIT_ERKT0_DpOT1_ called 1 returned 100% blocks executed 100%
        1:  704:    allocate_shared(const _Alloc& __a, _Args&&... __args)
        -:  705:    {
        -:  706:      return shared_ptr<_Tp>(_Sp_make_shared_tag(), __a,
        1:  707:			     std::forward<_Args>(__args)...);
        1:  707-block  0
call    0 returned 1
call    1 returned 1
branch  2 taken 1 (fallthrough)
branch  3 taken 0 (throw)
        1:  707-block  1
        1:  707-block  2
        -:  708:    }
------------------
_ZSt15allocate_sharedIN5Catch5clara6detail11BoundLambdaIZNS0_21makeCommandLineParserERNS0_10ConfigDataEEUliE8_EESaIS7_EJRKS6_EESt10shared_ptrIT_ERKT0_DpOT1_:
function _ZSt15allocate_sharedIN5Catch5clara6detail11BoundLambdaIZNS0_21makeCommandLineParserERNS0_10ConfigDataEEUliE8_EESaIS7_EJRKS6_EESt10shared_ptrIT_ERKT0_DpOT1_ called 1 returned 100% blocks executed 100%
        1:  704:    allocate_shared(const _Alloc& __a, _Args&&... __args)
        -:  705:    {
        -:  706:      return shared_ptr<_Tp>(_Sp_make_shared_tag(), __a,
        1:  707:			     std::forward<_Args>(__args)...);
        1:  707-block  0
call    0 returned 1
call    1 returned 1
branch  2 taken 1 (fallthrough)
branch  3 taken 0 (throw)
        1:  707-block  1
        1:  707-block  2
        -:  708:    }
------------------
_ZSt15allocate_sharedIN5Catch5clara6detail11BoundLambdaIZNS0_21makeCommandLineParserERNS0_10ConfigDataEEUlRKNSt7__cxx1112basic_stringIcSt11char_traitsIcESaIcEEEE6_EESaISF_EJRKSE_EESt10shared_ptrIT_ERKT0_DpOT1_:
function _ZSt15allocate_sharedIN5Catch5clara6detail11BoundLambdaIZNS0_21makeCommandLineParserERNS0_10ConfigDataEEUlRKNSt7__cxx1112basic_stringIcSt11char_traitsIcESaIcEEEE6_EESaISF_EJRKSE_EESt10shared_ptrIT_ERKT0_DpOT1_ called 1 returned 100% blocks executed 100%
        1:  704:    allocate_shared(const _Alloc& __a, _Args&&... __args)
        -:  705:    {
        -:  706:      return shared_ptr<_Tp>(_Sp_make_shared_tag(), __a,
        1:  707:			     std::forward<_Args>(__args)...);
        1:  707-block  0
call    0 returned 1
call    1 returned 1
branch  2 taken 1 (fallthrough)
branch  3 taken 0 (throw)
        1:  707-block  1
        1:  707-block  2
        -:  708:    }
------------------
_ZSt15allocate_sharedIN5Catch17ReporterRegistrarINS0_11XmlReporterEE15ReporterFactoryESaIS4_EJEESt10shared_ptrIT_ERKT0_DpOT1_:
function _ZSt15allocate_sharedIN5Catch17ReporterRegistrarINS0_11XmlReporterEE15ReporterFactoryESaIS4_EJEESt10shared_ptrIT_ERKT0_DpOT1_ called 1 returned 100% blocks executed 100%
        1:  704:    allocate_shared(const _Alloc& __a, _Args&&... __args)
        -:  705:    {
        -:  706:      return shared_ptr<_Tp>(_Sp_make_shared_tag(), __a,
        1:  707:			     std::forward<_Args>(__args)...);
        1:  707-block  0
call    0 returned 1
branch  1 taken 1 (fallthrough)
branch  2 taken 0 (throw)
        1:  707-block  1
        1:  707-block  2
        -:  708:    }
------------------
_ZSt15allocate_sharedIN5Catch17ReporterRegistrarINS0_13JunitReporterEE15ReporterFactoryESaIS4_EJEESt10shared_ptrIT_ERKT0_DpOT1_:
function _ZSt15allocate_sharedIN5Catch17ReporterRegistrarINS0_13JunitReporterEE15ReporterFactoryESaIS4_EJEESt10shared_ptrIT_ERKT0_DpOT1_ called 1 returned 100% blocks executed 100%
        1:  704:    allocate_shared(const _Alloc& __a, _Args&&... __args)
        -:  705:    {
        -:  706:      return shared_ptr<_Tp>(_Sp_make_shared_tag(), __a,
        1:  707:			     std::forward<_Args>(__args)...);
        1:  707-block  0
call    0 returned 1
branch  1 taken 1 (fallthrough)
branch  2 taken 0 (throw)
        1:  707-block  1
        1:  707-block  2
        -:  708:    }
------------------
        -:  709:
        -:  710:  /**
        -:  711:   *  @brief  Create an object that is owned by a shared_ptr.
        -:  712:   *  @param  __args  Arguments for the @a _Tp object's constructor.
        -:  713:   *  @return A shared_ptr that owns the newly created object.
        -:  714:   *  @throw  std::bad_alloc, or an exception thrown from the
        -:  715:   *          constructor of @a _Tp.
        -:  716:   */
        -:  717:  template<typename _Tp, typename... _Args>
        -:  718:    inline shared_ptr<_Tp>
      55*:  719:    make_shared(_Args&&... __args)
        -:  720:    {
        -:  721:      typedef typename std::remove_const<_Tp>::type _Tp_nc;
        -:  722:      return std::allocate_shared<_Tp>(std::allocator<_Tp_nc>(),
      55*:  723:				       std::forward<_Args>(__args)...);
        -:  724:    }
        -:  725:
        -:  726:  /// std::hash specialization for shared_ptr.
        -:  727:  template<typename _Tp>
        -:  728:    struct hash<shared_ptr<_Tp>>
        -:  729:    : public __hash_base<size_t, shared_ptr<_Tp>>
        -:  730:    {
        -:  731:      size_t
        -:  732:      operator()(const shared_ptr<_Tp>& __s) const noexcept
        -:  733:      {
        -:  734:	return std::hash<typename shared_ptr<_Tp>::element_type*>()(__s.get());
        -:  735:      }
        -:  736:    };
        -:  737:
        -:  738:  // @} group pointer_abstractions
        -:  739:
        -:  740:_GLIBCXX_END_NAMESPACE_VERSION
        -:  741:} // namespace
        -:  742:
        -:  743:#endif // _SHARED_PTR_H
