        -:    0:Source:D:/Program Files (x86)/mingw-w64/i686-8.1.0-posix-dwarf-rt_v6-rev0/mingw32/lib/gcc/i686-w64-mingw32/8.1.0/include/c++/bits/stl_construct.h
        -:    0:Graph:C:\Users\ilya\CLionProjects\projectConsist4\cmake-build-debug-coverage\CMakeFiles\projectConsist4.dir\main.cpp.gcno
        -:    0:Data:C:\Users\ilya\CLionProjects\projectConsist4\cmake-build-debug-coverage\CMakeFiles\projectConsist4.dir\main.cpp.gcda
        -:    0:Runs:1
        -:    0:Programs:1
        -:    1:// nonstandard construct and destroy functions -*- C++ -*-
        -:    2:
        -:    3:// Copyright (C) 2001-2018 Free Software Foundation, Inc.
        -:    4://
        -:    5:// This file is part of the GNU ISO C++ Library.  This library is free
        -:    6:// software; you can redistribute it and/or modify it under the
        -:    7:// terms of the GNU General Public License as published by the
        -:    8:// Free Software Foundation; either version 3, or (at your option)
        -:    9:// any later version.
        -:   10:
        -:   11:// This library is distributed in the hope that it will be useful,
        -:   12:// but WITHOUT ANY WARRANTY; without even the implied warranty of
        -:   13:// MERCHANTABILITY or FITNESS FOR A PARTICULAR PURPOSE.  See the
        -:   14:// GNU General Public License for more details.
        -:   15:
        -:   16:// Under Section 7 of GPL version 3, you are granted additional
        -:   17:// permissions described in the GCC Runtime Library Exception, version
        -:   18:// 3.1, as published by the Free Software Foundation.
        -:   19:
        -:   20:// You should have received a copy of the GNU General Public License and
        -:   21:// a copy of the GCC Runtime Library Exception along with this program;
        -:   22:// see the files COPYING3 and COPYING.RUNTIME respectively.  If not, see
        -:   23:// <http://www.gnu.org/licenses/>.
        -:   24:
        -:   25:/*
        -:   26: *
        -:   27: * Copyright (c) 1994
        -:   28: * Hewlett-Packard Company
        -:   29: *
        -:   30: * Permission to use, copy, modify, distribute and sell this software
        -:   31: * and its documentation for any purpose is hereby granted without fee,
        -:   32: * provided that the above copyright notice appear in all copies and
        -:   33: * that both that copyright notice and this permission notice appear
        -:   34: * in supporting documentation.  Hewlett-Packard Company makes no
        -:   35: * representations about the suitability of this software for any
        -:   36: * purpose.  It is provided "as is" without express or implied warranty.
        -:   37: *
        -:   38: *
        -:   39: * Copyright (c) 1996,1997
        -:   40: * Silicon Graphics Computer Systems, Inc.
        -:   41: *
        -:   42: * Permission to use, copy, modify, distribute and sell this software
        -:   43: * and its documentation for any purpose is hereby granted without fee,
        -:   44: * provided that the above copyright notice appear in all copies and
        -:   45: * that both that copyright notice and this permission notice appear
        -:   46: * in supporting documentation.  Silicon Graphics makes no
        -:   47: * representations about the suitability of this software for any
        -:   48: * purpose.  It is provided "as is" without express or implied warranty.
        -:   49: */
        -:   50:
        -:   51:/** @file bits/stl_construct.h
        -:   52: *  This is an internal header file, included by other library headers.
        -:   53: *  Do not attempt to use it directly. @headername{memory}
        -:   54: */
        -:   55:
        -:   56:#ifndef _STL_CONSTRUCT_H
        -:   57:#define _STL_CONSTRUCT_H 1
        -:   58:
        -:   59:#include <new>
        -:   60:#include <bits/move.h>
        -:   61:#include <ext/alloc_traits.h>
        -:   62:
        -:   63:namespace std _GLIBCXX_VISIBILITY(default)
        -:   64:{
        -:   65:_GLIBCXX_BEGIN_NAMESPACE_VERSION
        -:   66:
        -:   67:  /**
        -:   68:   * Constructs an object in existing memory by invoking an allocated
        -:   69:   * object's constructor with an initializer.
        -:   70:   */
        -:   71:#if __cplusplus >= 201103L
        -:   72:  template<typename _T1, typename... _Args>
        -:   73:    inline void
    3107*:   74:    _Construct(_T1* __p, _Args&&... __args)
    3107*:   75:    { ::new(static_cast<void*>(__p)) _T1(std::forward<_Args>(__args)...); }
------------------
_ZSt10_ConstructIN5Catch9StringRefEJS1_EEvPT_DpOT0_:
function _ZSt10_ConstructIN5Catch9StringRefEJS1_EEvPT_DpOT0_ called 0 returned 0% blocks executed 0%
    #####:   74:    _Construct(_T1* __p, _Args&&... __args)
    #####:   75:    { ::new(static_cast<void*>(__p)) _T1(std::forward<_Args>(__args)...); }
    %%%%%:   75-block  0
call    0 never executed
call    1 never executed
call    2 never executed
------------------
_ZSt10_ConstructIN5Catch14SectionEndInfoEJS1_EEvPT_DpOT0_:
function _ZSt10_ConstructIN5Catch14SectionEndInfoEJS1_EEvPT_DpOT0_ called 0 returned 0% blocks executed 0%
    #####:   74:    _Construct(_T1* __p, _Args&&... __args)
    #####:   75:    { ::new(static_cast<void*>(__p)) _T1(std::forward<_Args>(__args)...); }
    %%%%%:   75-block  0
call    0 never executed
call    1 never executed
call    2 never executed
------------------
_ZSt10_ConstructISt10shared_ptrIN5Catch16IReporterFactoryEEJS3_EEvPT_DpOT0_:
function _ZSt10_ConstructISt10shared_ptrIN5Catch16IReporterFactoryEEJS3_EEvPT_DpOT0_ called 0 returned 0% blocks executed 0%
    #####:   74:    _Construct(_T1* __p, _Args&&... __args)
    #####:   75:    { ::new(static_cast<void*>(__p)) _T1(std::forward<_Args>(__args)...); }
    %%%%%:   75-block  0
call    0 never executed
call    1 never executed
call    2 never executed
------------------
_ZSt10_ConstructIN5Catch11MessageInfoEJS1_EEvPT_DpOT0_:
function _ZSt10_ConstructIN5Catch11MessageInfoEJS1_EEvPT_DpOT0_ called 0 returned 0% blocks executed 0%
    #####:   74:    _Construct(_T1* __p, _Args&&... __args)
    #####:   75:    { ::new(static_cast<void*>(__p)) _T1(std::forward<_Args>(__args)...); }
    %%%%%:   75-block  0
call    0 never executed
call    1 never executed
call    2 never executed
------------------
_ZSt10_ConstructIN5Catch5clara6detail11HelpColumnsEJRS3_EEvPT_DpOT0_:
function _ZSt10_ConstructIN5Catch5clara6detail11HelpColumnsEJRS3_EEvPT_DpOT0_ called 0 returned 0% blocks executed 0%
    #####:   74:    _Construct(_T1* __p, _Args&&... __args)
    #####:   75:    { ::new(static_cast<void*>(__p)) _T1(std::forward<_Args>(__args)...); }
    %%%%%:   75-block  0
call    0 never executed
call    1 never executed
call    2 never executed
branch  3 never executed
branch  4 never executed
    %%%%%:   75-block  1
    $$$$$:   75-block  2
call    5 never executed
------------------
_ZSt10_ConstructIN5Catch5clara6detail3OptEJS3_EEvPT_DpOT0_:
function _ZSt10_ConstructIN5Catch5clara6detail3OptEJS3_EEvPT_DpOT0_ called 406 returned 100% blocks executed 100%
      406:   74:    _Construct(_T1* __p, _Args&&... __args)
      406:   75:    { ::new(static_cast<void*>(__p)) _T1(std::forward<_Args>(__args)...); }
      406:   75-block  0
call    0 returned 406
call    1 returned 406
call    2 returned 406
------------------
_ZSt10_ConstructIN5Catch5clara6detail3ArgEJS3_EEvPT_DpOT0_:
function _ZSt10_ConstructIN5Catch5clara6detail3ArgEJS3_EEvPT_DpOT0_ called 0 returned 0% blocks executed 0%
    #####:   74:    _Construct(_T1* __p, _Args&&... __args)
    #####:   75:    { ::new(static_cast<void*>(__p)) _T1(std::forward<_Args>(__args)...); }
    %%%%%:   75-block  0
call    0 never executed
call    1 never executed
call    2 never executed
------------------
_ZSt10_ConstructIN5Catch5clara6detail5TokenEJS3_EEvPT_DpOT0_:
function _ZSt10_ConstructIN5Catch5clara6detail5TokenEJS3_EEvPT_DpOT0_ called 0 returned 0% blocks executed 0%
    #####:   74:    _Construct(_T1* __p, _Args&&... __args)
    #####:   75:    { ::new(static_cast<void*>(__p)) _T1(std::forward<_Args>(__args)...); }
    %%%%%:   75-block  0
call    0 never executed
call    1 never executed
call    2 never executed
------------------
_ZSt10_ConstructINSt7__cxx1112basic_stringIcSt11char_traitsIcESaIcEEEJRKPKcEEvPT_DpOT0_:
function _ZSt10_ConstructINSt7__cxx1112basic_stringIcSt11char_traitsIcESaIcEEEJRKPKcEEvPT_DpOT0_ called 0 returned 0% blocks executed 0%
    #####:   74:    _Construct(_T1* __p, _Args&&... __args)
    #####:   75:    { ::new(static_cast<void*>(__p)) _T1(std::forward<_Args>(__args)...); }
    %%%%%:   75-block  0
call    0 never executed
call    1 never executed
call    2 never executed
call    3 never executed
branch  4 never executed
branch  5 never executed
    %%%%%:   75-block  1
call    6 never executed
    $$$$$:   75-block  2
call    7 never executed
    $$$$$:   75-block  3
call    8 never executed
------------------
_ZSt10_ConstructIN5Catch5clara8TextFlow6ColumnEJS3_EEvPT_DpOT0_:
function _ZSt10_ConstructIN5Catch5clara8TextFlow6ColumnEJS3_EEvPT_DpOT0_ called 0 returned 0% blocks executed 0%
    #####:   74:    _Construct(_T1* __p, _Args&&... __args)
    #####:   75:    { ::new(static_cast<void*>(__p)) _T1(std::forward<_Args>(__args)...); }
    %%%%%:   75-block  0
call    0 never executed
call    1 never executed
call    2 never executed
------------------
_ZSt10_ConstructIN5Catch12_GLOBAL__N_110ColumnInfoEJRKS2_EEvPT_DpOT0_:
function _ZSt10_ConstructIN5Catch12_GLOBAL__N_110ColumnInfoEJRKS2_EEvPT_DpOT0_ called 4 returned 100% blocks executed 83%
        4:   74:    _Construct(_T1* __p, _Args&&... __args)
        4:   75:    { ::new(static_cast<void*>(__p)) _T1(std::forward<_Args>(__args)...); }
        4:   75-block  0
call    0 returned 4
call    1 returned 4
call    2 returned 4
branch  3 taken 4 (fallthrough)
branch  4 taken 0 (throw)
        4:   75-block  1
    $$$$$:   75-block  2
call    5 never executed
------------------
_ZSt10_ConstructIN5Catch8TestSpec11FilterMatchEJEEvPT_DpOT0_:
function _ZSt10_ConstructIN5Catch8TestSpec11FilterMatchEJEEvPT_DpOT0_ called 0 returned 0% blocks executed 0%
    #####:   74:    _Construct(_T1* __p, _Args&&... __args)
    #####:   75:    { ::new(static_cast<void*>(__p)) _T1(std::forward<_Args>(__args)...); }
    %%%%%:   75-block  0
call    0 never executed
------------------
_ZSt10_ConstructINSt7__cxx1112basic_stringIcSt11char_traitsIcESaIcEEEJS5_EEvPT_DpOT0_:
function _ZSt10_ConstructINSt7__cxx1112basic_stringIcSt11char_traitsIcESaIcEEEJS5_EEvPT_DpOT0_ called 20 returned 100% blocks executed 100%
       20:   74:    _Construct(_T1* __p, _Args&&... __args)
       20:   75:    { ::new(static_cast<void*>(__p)) _T1(std::forward<_Args>(__args)...); }
       20:   75-block  0
call    0 returned 20
call    1 returned 20
call    2 returned 20
------------------
_ZSt10_ConstructIN5Catch8TestCaseEJS1_EEvPT_DpOT0_:
function _ZSt10_ConstructIN5Catch8TestCaseEJS1_EEvPT_DpOT0_ called 7 returned 100% blocks executed 100%
        7:   74:    _Construct(_T1* __p, _Args&&... __args)
        7:   75:    { ::new(static_cast<void*>(__p)) _T1(std::forward<_Args>(__args)...); }
        7:   75-block  0
call    0 returned 7
call    1 returned 7
call    2 returned 7
------------------
_ZSt10_ConstructISt4pairIiN5Catch9StringRefEEJS3_EEvPT_DpOT0_:
function _ZSt10_ConstructISt4pairIiN5Catch9StringRefEEJS3_EEvPT_DpOT0_ called 0 returned 0% blocks executed 0%
    #####:   74:    _Construct(_T1* __p, _Args&&... __args)
    #####:   75:    { ::new(static_cast<void*>(__p)) _T1(std::forward<_Args>(__args)...); }
    %%%%%:   75-block  0
call    0 never executed
call    1 never executed
call    2 never executed
------------------
_ZSt10_ConstructIN5Catch13ScopedMessageEJS1_EEvPT_DpOT0_:
function _ZSt10_ConstructIN5Catch13ScopedMessageEJS1_EEvPT_DpOT0_ called 0 returned 0% blocks executed 0%
    #####:   74:    _Construct(_T1* __p, _Args&&... __args)
    #####:   75:    { ::new(static_cast<void*>(__p)) _T1(std::forward<_Args>(__args)...); }
    %%%%%:   75-block  0
call    0 never executed
call    1 never executed
call    2 never executed
branch  3 never executed
branch  4 never executed
    %%%%%:   75-block  1
    $$$$$:   75-block  2
call    5 never executed
------------------
_ZSt10_ConstructIN5Catch5clara6detail3ArgEJRKS3_EEvPT_DpOT0_:
function _ZSt10_ConstructIN5Catch5clara6detail3ArgEJRKS3_EEvPT_DpOT0_ called 1 returned 100% blocks executed 83%
        1:   74:    _Construct(_T1* __p, _Args&&... __args)
        1:   75:    { ::new(static_cast<void*>(__p)) _T1(std::forward<_Args>(__args)...); }
        1:   75-block  0
call    0 returned 1
call    1 returned 1
call    2 returned 1
branch  3 taken 1 (fallthrough)
branch  4 taken 0 (throw)
        1:   75-block  1
    $$$$$:   75-block  2
call    5 never executed
------------------
_ZSt10_ConstructIN5Catch5clara6detail3OptEJRKS3_EEvPT_DpOT0_:
function _ZSt10_ConstructIN5Catch5clara6detail3OptEJRKS3_EEvPT_DpOT0_ called 899 returned 100% blocks executed 83%
      899:   74:    _Construct(_T1* __p, _Args&&... __args)
      899:   75:    { ::new(static_cast<void*>(__p)) _T1(std::forward<_Args>(__args)...); }
      899:   75-block  0
call    0 returned 899
call    1 returned 899
call    2 returned 899
branch  3 taken 899 (fallthrough)
branch  4 taken 0 (throw)
      899:   75-block  1
    $$$$$:   75-block  2
call    5 never executed
------------------
_ZSt10_ConstructIN5Catch5clara6detail11HelpColumnsEJRKS3_EEvPT_DpOT0_:
function _ZSt10_ConstructIN5Catch5clara6detail11HelpColumnsEJRKS3_EEvPT_DpOT0_ called 0 returned 0% blocks executed 0%
    #####:   74:    _Construct(_T1* __p, _Args&&... __args)
    #####:   75:    { ::new(static_cast<void*>(__p)) _T1(std::forward<_Args>(__args)...); }
    %%%%%:   75-block  0
call    0 never executed
call    1 never executed
call    2 never executed
branch  3 never executed
branch  4 never executed
    %%%%%:   75-block  1
    $$$$$:   75-block  2
call    5 never executed
------------------
_ZSt10_ConstructIN5Catch5clara6detail5TokenEJEEvPT_DpOT0_:
function _ZSt10_ConstructIN5Catch5clara6detail5TokenEJEEvPT_DpOT0_ called 0 returned 0% blocks executed 0%
    #####:   74:    _Construct(_T1* __p, _Args&&... __args)
    #####:   75:    { ::new(static_cast<void*>(__p)) _T1(std::forward<_Args>(__args)...); }
    %%%%%:   75-block  0
call    0 never executed
------------------
_ZSt10_ConstructIN5Catch5clara8TextFlow6Column8iteratorEJS4_EEvPT_DpOT0_:
function _ZSt10_ConstructIN5Catch5clara8TextFlow6Column8iteratorEJS4_EEvPT_DpOT0_ called 0 returned 0% blocks executed 0%
    #####:   74:    _Construct(_T1* __p, _Args&&... __args)
    #####:   75:    { ::new(static_cast<void*>(__p)) _T1(std::forward<_Args>(__args)...); }
    %%%%%:   75-block  0
call    0 never executed
call    1 never executed
------------------
_ZSt10_ConstructIN5Catch8TestCaseEJRKS1_EEvPT_DpOT0_:
function _ZSt10_ConstructIN5Catch8TestCaseEJRKS1_EEvPT_DpOT0_ called 8 returned 100% blocks executed 83%
        8:   74:    _Construct(_T1* __p, _Args&&... __args)
        8:   75:    { ::new(static_cast<void*>(__p)) _T1(std::forward<_Args>(__args)...); }
        8:   75-block  0
call    0 returned 8
call    1 returned 8
call    2 returned 8
branch  3 taken 8 (fallthrough)
branch  4 taken 0 (throw)
        8:   75-block  1
    $$$$$:   75-block  2
call    5 never executed
------------------
_ZSt10_ConstructIN5Catch5clara6detail3ArgEJRS3_EEvPT_DpOT0_:
function _ZSt10_ConstructIN5Catch5clara6detail3ArgEJRS3_EEvPT_DpOT0_ called 0 returned 0% blocks executed 0%
    #####:   74:    _Construct(_T1* __p, _Args&&... __args)
    #####:   75:    { ::new(static_cast<void*>(__p)) _T1(std::forward<_Args>(__args)...); }
    %%%%%:   75-block  0
call    0 never executed
call    1 never executed
call    2 never executed
branch  3 never executed
branch  4 never executed
    %%%%%:   75-block  1
    $$$$$:   75-block  2
call    5 never executed
------------------
_ZSt10_ConstructIN5Catch5clara6detail3OptEJRS3_EEvPT_DpOT0_:
function _ZSt10_ConstructIN5Catch5clara6detail3OptEJRS3_EEvPT_DpOT0_ called 0 returned 0% blocks executed 0%
    #####:   74:    _Construct(_T1* __p, _Args&&... __args)
    #####:   75:    { ::new(static_cast<void*>(__p)) _T1(std::forward<_Args>(__args)...); }
    %%%%%:   75-block  0
call    0 never executed
call    1 never executed
call    2 never executed
branch  3 never executed
branch  4 never executed
    %%%%%:   75-block  1
    $$$$$:   75-block  2
call    5 never executed
------------------
_ZSt10_ConstructINSt7__cxx1112basic_stringIcSt11char_traitsIcESaIcEEEJRS5_EEvPT_DpOT0_:
function _ZSt10_ConstructINSt7__cxx1112basic_stringIcSt11char_traitsIcESaIcEEEJRS5_EEvPT_DpOT0_ called 0 returned 0% blocks executed 0%
    #####:   74:    _Construct(_T1* __p, _Args&&... __args)
    #####:   75:    { ::new(static_cast<void*>(__p)) _T1(std::forward<_Args>(__args)...); }
    %%%%%:   75-block  0
call    0 never executed
call    1 never executed
call    2 never executed
branch  3 never executed
branch  4 never executed
    %%%%%:   75-block  1
    $$$$$:   75-block  2
call    5 never executed
------------------
_ZSt10_ConstructIN5Catch8TestSpec6FilterEJRKS2_EEvPT_DpOT0_:
function _ZSt10_ConstructIN5Catch8TestSpec6FilterEJRKS2_EEvPT_DpOT0_ called 0 returned 0% blocks executed 0%
    #####:   74:    _Construct(_T1* __p, _Args&&... __args)
    #####:   75:    { ::new(static_cast<void*>(__p)) _T1(std::forward<_Args>(__args)...); }
    %%%%%:   75-block  0
call    0 never executed
call    1 never executed
call    2 never executed
branch  3 never executed
branch  4 never executed
    %%%%%:   75-block  1
    $$$$$:   75-block  2
call    5 never executed
------------------
_ZSt10_ConstructIN5Catch11MessageInfoEJRKS1_EEvPT_DpOT0_:
function _ZSt10_ConstructIN5Catch11MessageInfoEJRKS1_EEvPT_DpOT0_ called 0 returned 0% blocks executed 0%
    #####:   74:    _Construct(_T1* __p, _Args&&... __args)
    #####:   75:    { ::new(static_cast<void*>(__p)) _T1(std::forward<_Args>(__args)...); }
    %%%%%:   75-block  0
call    0 never executed
call    1 never executed
call    2 never executed
branch  3 never executed
branch  4 never executed
    %%%%%:   75-block  1
    $$$$$:   75-block  2
call    5 never executed
------------------
_ZSt10_ConstructINSt7__cxx1112basic_stringIcSt11char_traitsIcESaIcEEEJRKS5_EEvPT_DpOT0_:
function _ZSt10_ConstructINSt7__cxx1112basic_stringIcSt11char_traitsIcESaIcEEEJRKS5_EEvPT_DpOT0_ called 1762 returned 100% blocks executed 83%
     1762:   74:    _Construct(_T1* __p, _Args&&... __args)
     1762:   75:    { ::new(static_cast<void*>(__p)) _T1(std::forward<_Args>(__args)...); }
     1762:   75-block  0
call    0 returned 1762
call    1 returned 1762
call    2 returned 1762
branch  3 taken 1762 (fallthrough)
branch  4 taken 0 (throw)
     1762:   75-block  1
    $$$$$:   75-block  2
call    5 never executed
------------------
_ZSt10_ConstructIN5Catch5clara6detail5TokenEJRKS3_EEvPT_DpOT0_:
function _ZSt10_ConstructIN5Catch5clara6detail5TokenEJRKS3_EEvPT_DpOT0_ called 0 returned 0% blocks executed 0%
    #####:   74:    _Construct(_T1* __p, _Args&&... __args)
    #####:   75:    { ::new(static_cast<void*>(__p)) _T1(std::forward<_Args>(__args)...); }
    %%%%%:   75-block  0
call    0 never executed
call    1 never executed
call    2 never executed
branch  3 never executed
branch  4 never executed
    %%%%%:   75-block  1
    $$$$$:   75-block  2
call    5 never executed
------------------
_ZSt10_ConstructIN5Catch5clara8TextFlow6ColumnEJRKS3_EEvPT_DpOT0_:
function _ZSt10_ConstructIN5Catch5clara8TextFlow6ColumnEJRKS3_EEvPT_DpOT0_ called 0 returned 0% blocks executed 0%
    #####:   74:    _Construct(_T1* __p, _Args&&... __args)
    #####:   75:    { ::new(static_cast<void*>(__p)) _T1(std::forward<_Args>(__args)...); }
    %%%%%:   75-block  0
call    0 never executed
call    1 never executed
call    2 never executed
branch  3 never executed
branch  4 never executed
    %%%%%:   75-block  1
    $$$$$:   75-block  2
call    5 never executed
------------------
_ZSt10_ConstructISt10shared_ptrIN5Catch22CumulativeReporterBaseINS1_13JunitReporterEE4NodeINS1_14TestGroupStatsENS5_INS1_13TestCaseStatsENS4_11SectionNodeEEEEEEJSB_EEvPT_DpOT0_:
function _ZSt10_ConstructISt10shared_ptrIN5Catch22CumulativeReporterBaseINS1_13JunitReporterEE4NodeINS1_14TestGroupStatsENS5_INS1_13TestCaseStatsENS4_11SectionNodeEEEEEEJSB_EEvPT_DpOT0_ called 0 returned 0% blocks executed 0%
    #####:   74:    _Construct(_T1* __p, _Args&&... __args)
    #####:   75:    { ::new(static_cast<void*>(__p)) _T1(std::forward<_Args>(__args)...); }
    %%%%%:   75-block  0
call    0 never executed
call    1 never executed
call    2 never executed
------------------
_ZSt10_ConstructISt4pairINSt7__cxx1112basic_stringIcSt11char_traitsIcESaIcEEES6_EJS7_EEvPT_DpOT0_:
function _ZSt10_ConstructISt4pairINSt7__cxx1112basic_stringIcSt11char_traitsIcESaIcEEES6_EJS7_EEvPT_DpOT0_ called 0 returned 0% blocks executed 0%
    #####:   74:    _Construct(_T1* __p, _Args&&... __args)
    #####:   75:    { ::new(static_cast<void*>(__p)) _T1(std::forward<_Args>(__args)...); }
    %%%%%:   75-block  0
call    0 never executed
call    1 never executed
call    2 never executed
------------------
_ZSt10_ConstructISt4pairIccEJS1_EEvPT_DpOT0_:
function _ZSt10_ConstructISt4pairIccEJS1_EEvPT_DpOT0_ called 0 returned 0% blocks executed 0%
    #####:   74:    _Construct(_T1* __p, _Args&&... __args)
    #####:   75:    { ::new(static_cast<void*>(__p)) _T1(std::forward<_Args>(__args)...); }
    %%%%%:   75-block  0
call    0 never executed
call    1 never executed
------------------
_ZSt10_ConstructISt4pairINSt7__cxx1112basic_stringIcSt11char_traitsIcESaIcEEES6_EJRKS7_EEvPT_DpOT0_:
function _ZSt10_ConstructISt4pairINSt7__cxx1112basic_stringIcSt11char_traitsIcESaIcEEES6_EJRKS7_EEvPT_DpOT0_ called 0 returned 0% blocks executed 0%
    #####:   74:    _Construct(_T1* __p, _Args&&... __args)
    #####:   75:    { ::new(static_cast<void*>(__p)) _T1(std::forward<_Args>(__args)...); }
    %%%%%:   75-block  0
call    0 never executed
call    1 never executed
call    2 never executed
branch  3 never executed
branch  4 never executed
    %%%%%:   75-block  1
    $$$$$:   75-block  2
call    5 never executed
------------------
_ZSt10_ConstructINSt7__cxx1112regex_traitsIcE10_RegexMaskEJRKS3_EEvPT_DpOT0_:
function _ZSt10_ConstructINSt7__cxx1112regex_traitsIcE10_RegexMaskEJRKS3_EEvPT_DpOT0_ called 0 returned 0% blocks executed 0%
    #####:   74:    _Construct(_T1* __p, _Args&&... __args)
    #####:   75:    { ::new(static_cast<void*>(__p)) _T1(std::forward<_Args>(__args)...); }
    %%%%%:   75-block  0
call    0 never executed
call    1 never executed
------------------
_ZSt10_ConstructISt4pairIccEJRKS1_EEvPT_DpOT0_:
function _ZSt10_ConstructISt4pairIccEJRKS1_EEvPT_DpOT0_ called 0 returned 0% blocks executed 0%
    #####:   74:    _Construct(_T1* __p, _Args&&... __args)
    #####:   75:    { ::new(static_cast<void*>(__p)) _T1(std::forward<_Args>(__args)...); }
    %%%%%:   75-block  0
call    0 never executed
call    1 never executed
------------------
_ZSt10_ConstructINSt7__cxx1112regex_traitsIcE10_RegexMaskEJS3_EEvPT_DpOT0_:
function _ZSt10_ConstructINSt7__cxx1112regex_traitsIcE10_RegexMaskEJS3_EEvPT_DpOT0_ called 0 returned 0% blocks executed 0%
    #####:   74:    _Construct(_T1* __p, _Args&&... __args)
    #####:   75:    { ::new(static_cast<void*>(__p)) _T1(std::forward<_Args>(__args)...); }
    %%%%%:   75-block  0
call    0 never executed
call    1 never executed
------------------
_ZSt10_ConstructISt4pairIlSt6vectorINSt7__cxx119sub_matchIN9__gnu_cxx17__normal_iteratorIPKcNS2_12basic_stringIcSt11char_traitsIcESaIcEEEEEEESaISE_EEEJSH_EEvPT_DpOT0_:
function _ZSt10_ConstructISt4pairIlSt6vectorINSt7__cxx119sub_matchIN9__gnu_cxx17__normal_iteratorIPKcNS2_12basic_stringIcSt11char_traitsIcESaIcEEEEEEESaISE_EEEJSH_EEvPT_DpOT0_ called 0 returned 0% blocks executed 0%
    #####:   74:    _Construct(_T1* __p, _Args&&... __args)
    #####:   75:    { ::new(static_cast<void*>(__p)) _T1(std::forward<_Args>(__args)...); }
    %%%%%:   75-block  0
call    0 never executed
call    1 never executed
call    2 never executed
------------------
_ZSt10_ConstructINSt8__detail6_StateIcEEJRKS2_EEvPT_DpOT0_:
function _ZSt10_ConstructINSt8__detail6_StateIcEEJRKS2_EEvPT_DpOT0_ called 0 returned 0% blocks executed 0%
    #####:   74:    _Construct(_T1* __p, _Args&&... __args)
    #####:   75:    { ::new(static_cast<void*>(__p)) _T1(std::forward<_Args>(__args)...); }
    %%%%%:   75-block  0
call    0 never executed
call    1 never executed
call    2 never executed
branch  3 never executed
branch  4 never executed
    %%%%%:   75-block  1
    $$$$$:   75-block  2
call    5 never executed
------------------
_ZSt10_ConstructINSt7__cxx119sub_matchIN9__gnu_cxx17__normal_iteratorIPKcNS0_12basic_stringIcSt11char_traitsIcESaIcEEEEEEEJRKSC_EEvPT_DpOT0_:
function _ZSt10_ConstructINSt7__cxx119sub_matchIN9__gnu_cxx17__normal_iteratorIPKcNS0_12basic_stringIcSt11char_traitsIcESaIcEEEEEEEJRKSC_EEvPT_DpOT0_ called 0 returned 0% blocks executed 0%
    #####:   74:    _Construct(_T1* __p, _Args&&... __args)
    #####:   75:    { ::new(static_cast<void*>(__p)) _T1(std::forward<_Args>(__args)...); }
    %%%%%:   75-block  0
call    0 never executed
call    1 never executed
------------------
_ZSt10_ConstructINSt7__cxx119sub_matchIN9__gnu_cxx17__normal_iteratorIPKcNS0_12basic_stringIcSt11char_traitsIcESaIcEEEEEEEJRSC_EEvPT_DpOT0_:
function _ZSt10_ConstructINSt7__cxx119sub_matchIN9__gnu_cxx17__normal_iteratorIPKcNS0_12basic_stringIcSt11char_traitsIcESaIcEEEEEEEJRSC_EEvPT_DpOT0_ called 0 returned 0% blocks executed 0%
    #####:   74:    _Construct(_T1* __p, _Args&&... __args)
    #####:   75:    { ::new(static_cast<void*>(__p)) _T1(std::forward<_Args>(__args)...); }
    %%%%%:   75-block  0
call    0 never executed
call    1 never executed
------------------
_ZSt10_ConstructINSt7__cxx119sub_matchIN9__gnu_cxx17__normal_iteratorIPKcNS0_12basic_stringIcSt11char_traitsIcESaIcEEEEEEEJSC_EEvPT_DpOT0_:
function _ZSt10_ConstructINSt7__cxx119sub_matchIN9__gnu_cxx17__normal_iteratorIPKcNS0_12basic_stringIcSt11char_traitsIcESaIcEEEEEEEJSC_EEvPT_DpOT0_ called 0 returned 0% blocks executed 0%
    #####:   74:    _Construct(_T1* __p, _Args&&... __args)
    #####:   75:    { ::new(static_cast<void*>(__p)) _T1(std::forward<_Args>(__args)...); }
    %%%%%:   75-block  0
call    0 never executed
call    1 never executed
------------------
_ZSt10_ConstructISt4pairIN9__gnu_cxx17__normal_iteratorIPKcNSt7__cxx1112basic_stringIcSt11char_traitsIcESaIcEEEEEiEJEEvPT_DpOT0_:
function _ZSt10_ConstructISt4pairIN9__gnu_cxx17__normal_iteratorIPKcNSt7__cxx1112basic_stringIcSt11char_traitsIcESaIcEEEEEiEJEEvPT_DpOT0_ called 0 returned 0% blocks executed 0%
    #####:   74:    _Construct(_T1* __p, _Args&&... __args)
    #####:   75:    { ::new(static_cast<void*>(__p)) _T1(std::forward<_Args>(__args)...); }
    %%%%%:   75-block  0
call    0 never executed
------------------
_ZSt10_ConstructINSt7__cxx119sub_matchIN9__gnu_cxx17__normal_iteratorIPKcNS0_12basic_stringIcSt11char_traitsIcESaIcEEEEEEEJEEvPT_DpOT0_:
function _ZSt10_ConstructINSt7__cxx119sub_matchIN9__gnu_cxx17__normal_iteratorIPKcNS0_12basic_stringIcSt11char_traitsIcESaIcEEEEEEEJEEvPT_DpOT0_ called 0 returned 0% blocks executed 0%
    #####:   74:    _Construct(_T1* __p, _Args&&... __args)
    #####:   75:    { ::new(static_cast<void*>(__p)) _T1(std::forward<_Args>(__args)...); }
    %%%%%:   75-block  0
call    0 never executed
    %%%%%:   75-block  1
    $$$$$:   75-block  2
call    1 never executed
------------------
_ZSt10_ConstructISt10unique_ptrIN5Catch18IStreamingReporterESt14default_deleteIS2_EEJS5_EEvPT_DpOT0_:
function _ZSt10_ConstructISt10unique_ptrIN5Catch18IStreamingReporterESt14default_deleteIS2_EEJS5_EEvPT_DpOT0_ called 0 returned 0% blocks executed 0%
    #####:   74:    _Construct(_T1* __p, _Args&&... __args)
    #####:   75:    { ::new(static_cast<void*>(__p)) _T1(std::forward<_Args>(__args)...); }
    %%%%%:   75-block  0
call    0 never executed
call    1 never executed
call    2 never executed
------------------
_ZSt10_ConstructISt10shared_ptrIN5Catch22CumulativeReporterBaseINS1_13JunitReporterEE4NodeINS1_12TestRunStatsENS5_INS1_14TestGroupStatsENS5_INS1_13TestCaseStatsENS4_11SectionNodeEEEEEEEEJSD_EEvPT_DpOT0_:
function _ZSt10_ConstructISt10shared_ptrIN5Catch22CumulativeReporterBaseINS1_13JunitReporterEE4NodeINS1_12TestRunStatsENS5_INS1_14TestGroupStatsENS5_INS1_13TestCaseStatsENS4_11SectionNodeEEEEEEEEJSD_EEvPT_DpOT0_ called 0 returned 0% blocks executed 0%
    #####:   74:    _Construct(_T1* __p, _Args&&... __args)
    #####:   75:    { ::new(static_cast<void*>(__p)) _T1(std::forward<_Args>(__args)...); }
    %%%%%:   75-block  0
call    0 never executed
call    1 never executed
call    2 never executed
------------------
_ZSt10_ConstructISt10shared_ptrIN5Catch22CumulativeReporterBaseINS1_13JunitReporterEE4NodeINS1_13TestCaseStatsENS4_11SectionNodeEEEEJS9_EEvPT_DpOT0_:
function _ZSt10_ConstructISt10shared_ptrIN5Catch22CumulativeReporterBaseINS1_13JunitReporterEE4NodeINS1_13TestCaseStatsENS4_11SectionNodeEEEEJS9_EEvPT_DpOT0_ called 0 returned 0% blocks executed 0%
    #####:   74:    _Construct(_T1* __p, _Args&&... __args)
    #####:   75:    { ::new(static_cast<void*>(__p)) _T1(std::forward<_Args>(__args)...); }
    %%%%%:   75-block  0
call    0 never executed
call    1 never executed
call    2 never executed
------------------
_ZSt10_ConstructISt10shared_ptrIN5Catch22CumulativeReporterBaseINS1_13JunitReporterEE11SectionNodeEEJS6_EEvPT_DpOT0_:
function _ZSt10_ConstructISt10shared_ptrIN5Catch22CumulativeReporterBaseINS1_13JunitReporterEE11SectionNodeEEJS6_EEvPT_DpOT0_ called 0 returned 0% blocks executed 0%
    #####:   74:    _Construct(_T1* __p, _Args&&... __args)
    #####:   75:    { ::new(static_cast<void*>(__p)) _T1(std::forward<_Args>(__args)...); }
    %%%%%:   75-block  0
call    0 never executed
call    1 never executed
call    2 never executed
------------------
_ZSt10_ConstructIN5Catch14AssertionStatsEJRKS1_EEvPT_DpOT0_:
function _ZSt10_ConstructIN5Catch14AssertionStatsEJRKS1_EEvPT_DpOT0_ called 0 returned 0% blocks executed 0%
    #####:   74:    _Construct(_T1* __p, _Args&&... __args)
    #####:   75:    { ::new(static_cast<void*>(__p)) _T1(std::forward<_Args>(__args)...); }
    %%%%%:   75-block  0
call    0 never executed
call    1 never executed
call    2 never executed
branch  3 never executed
branch  4 never executed
    %%%%%:   75-block  1
    $$$$$:   75-block  2
call    5 never executed
------------------
_ZSt10_ConstructIN5Catch13SummaryColumnEJS1_EEvPT_DpOT0_:
function _ZSt10_ConstructIN5Catch13SummaryColumnEJS1_EEvPT_DpOT0_ called 0 returned 0% blocks executed 0%
    #####:   74:    _Construct(_T1* __p, _Args&&... __args)
    #####:   75:    { ::new(static_cast<void*>(__p)) _T1(std::forward<_Args>(__args)...); }
    %%%%%:   75-block  0
call    0 never executed
call    1 never executed
call    2 never executed
------------------
_ZSt10_ConstructIN5Catch11SectionInfoEJS1_EEvPT_DpOT0_:
function _ZSt10_ConstructIN5Catch11SectionInfoEJS1_EEvPT_DpOT0_ called 0 returned 0% blocks executed 0%
    #####:   74:    _Construct(_T1* __p, _Args&&... __args)
    #####:   75:    { ::new(static_cast<void*>(__p)) _T1(std::forward<_Args>(__args)...); }
    %%%%%:   75-block  0
call    0 never executed
call    1 never executed
call    2 never executed
------------------
_ZSt10_ConstructISt10shared_ptrIN5Catch8TestSpec7PatternEEJRKS4_EEvPT_DpOT0_:
function _ZSt10_ConstructISt10shared_ptrIN5Catch8TestSpec7PatternEEJRKS4_EEvPT_DpOT0_ called 0 returned 0% blocks executed 0%
    #####:   74:    _Construct(_T1* __p, _Args&&... __args)
    #####:   75:    { ::new(static_cast<void*>(__p)) _T1(std::forward<_Args>(__args)...); }
    %%%%%:   75-block  0
call    0 never executed
call    1 never executed
call    2 never executed
------------------
_ZSt10_ConstructISt10shared_ptrIN5Catch8TestSpec7PatternEEJS4_EEvPT_DpOT0_:
function _ZSt10_ConstructISt10shared_ptrIN5Catch8TestSpec7PatternEEJS4_EEvPT_DpOT0_ called 0 returned 0% blocks executed 0%
    #####:   74:    _Construct(_T1* __p, _Args&&... __args)
    #####:   75:    { ::new(static_cast<void*>(__p)) _T1(std::forward<_Args>(__args)...); }
    %%%%%:   75-block  0
call    0 never executed
call    1 never executed
call    2 never executed
------------------
_ZSt10_ConstructISt10unique_ptrINSt7__cxx1119basic_ostringstreamIcSt11char_traitsIcESaIcEEESt14default_deleteIS6_EEJS9_EEvPT_DpOT0_:
function _ZSt10_ConstructISt10unique_ptrINSt7__cxx1119basic_ostringstreamIcSt11char_traitsIcESaIcEEESt14default_deleteIS6_EEJS9_EEvPT_DpOT0_ called 0 returned 0% blocks executed 0%
    #####:   74:    _Construct(_T1* __p, _Args&&... __args)
    #####:   75:    { ::new(static_cast<void*>(__p)) _T1(std::forward<_Args>(__args)...); }
    %%%%%:   75-block  0
call    0 never executed
call    1 never executed
call    2 never executed
------------------
_ZSt10_ConstructISt10unique_ptrIKN5Catch20IExceptionTranslatorESt14default_deleteIS3_EEJS6_EEvPT_DpOT0_:
function _ZSt10_ConstructISt10unique_ptrIKN5Catch20IExceptionTranslatorESt14default_deleteIS3_EEJS6_EEvPT_DpOT0_ called 0 returned 0% blocks executed 0%
    #####:   74:    _Construct(_T1* __p, _Args&&... __args)
    #####:   75:    { ::new(static_cast<void*>(__p)) _T1(std::forward<_Args>(__args)...); }
    %%%%%:   75-block  0
call    0 never executed
call    1 never executed
call    2 never executed
------------------
_ZSt10_ConstructISt10unique_ptrIN5Catch6Detail8EnumInfoESt14default_deleteIS3_EEJS6_EEvPT_DpOT0_:
function _ZSt10_ConstructISt10unique_ptrIN5Catch6Detail8EnumInfoESt14default_deleteIS3_EEJS6_EEvPT_DpOT0_ called 0 returned 0% blocks executed 0%
    #####:   74:    _Construct(_T1* __p, _Args&&... __args)
    #####:   75:    { ::new(static_cast<void*>(__p)) _T1(std::forward<_Args>(__args)...); }
    %%%%%:   75-block  0
call    0 never executed
call    1 never executed
call    2 never executed
------------------
_ZSt10_ConstructIN5Catch5clara6detail11HelpColumnsEJS3_EEvPT_DpOT0_:
function _ZSt10_ConstructIN5Catch5clara6detail11HelpColumnsEJS3_EEvPT_DpOT0_ called 0 returned 0% blocks executed 0%
    #####:   74:    _Construct(_T1* __p, _Args&&... __args)
    #####:   75:    { ::new(static_cast<void*>(__p)) _T1(std::forward<_Args>(__args)...); }
    %%%%%:   75-block  0
call    0 never executed
call    1 never executed
call    2 never executed
------------------
_ZSt10_ConstructIN5Catch8TestSpec6FilterEJS2_EEvPT_DpOT0_:
function _ZSt10_ConstructIN5Catch8TestSpec6FilterEJS2_EEvPT_DpOT0_ called 0 returned 0% blocks executed 0%
    #####:   74:    _Construct(_T1* __p, _Args&&... __args)
    #####:   75:    { ::new(static_cast<void*>(__p)) _T1(std::forward<_Args>(__args)...); }
    %%%%%:   75-block  0
call    0 never executed
call    1 never executed
call    2 never executed
------------------
_ZSt10_ConstructISt10shared_ptrIN5Catch16TestCaseTracking8ITrackerEEJS4_EEvPT_DpOT0_:
function _ZSt10_ConstructISt10shared_ptrIN5Catch16TestCaseTracking8ITrackerEEJS4_EEvPT_DpOT0_ called 0 returned 0% blocks executed 0%
    #####:   74:    _Construct(_T1* __p, _Args&&... __args)
    #####:   75:    { ::new(static_cast<void*>(__p)) _T1(std::forward<_Args>(__args)...); }
    %%%%%:   75-block  0
call    0 never executed
call    1 never executed
call    2 never executed
------------------
_ZSt10_ConstructINSt15__exception_ptr13exception_ptrEJS1_EEvPT_DpOT0_:
function _ZSt10_ConstructINSt15__exception_ptr13exception_ptrEJS1_EEvPT_DpOT0_ called 0 returned 0% blocks executed 0%
    #####:   74:    _Construct(_T1* __p, _Args&&... __args)
    #####:   75:    { ::new(static_cast<void*>(__p)) _T1(std::forward<_Args>(__args)...); }
    %%%%%:   75-block  0
call    0 never executed
call    1 never executed
call    2 never executed
------------------
        -:   76:#else
        -:   77:  template<typename _T1, typename _T2>
        -:   78:    inline void
        -:   79:    _Construct(_T1* __p, const _T2& __value)
        -:   80:    {
        -:   81:      // _GLIBCXX_RESOLVE_LIB_DEFECTS
        -:   82:      // 402. wrong new expression in [some_]allocator::construct
        -:   83:      ::new(static_cast<void*>(__p)) _T1(__value);
        -:   84:    }
        -:   85:#endif
        -:   86:
        -:   87:  template<typename _T1>
        -:   88:    inline void
        -:   89:    _Construct_novalue(_T1* __p)
        -:   90:    { ::new(static_cast<void*>(__p)) _T1; }
        -:   91:
        -:   92:  /**
        -:   93:   * Destroy the object pointed to by a pointer type.
        -:   94:   */
        -:   95:  template<typename _Tp>
        -:   96:    inline void
    3201*:   97:    _Destroy(_Tp* __pointer)
    3201*:   98:    { __pointer->~_Tp(); }
------------------
_ZSt8_DestroyISt10shared_ptrIN5Catch8TestSpec7PatternEEEvPT_:
function _ZSt8_DestroyISt10shared_ptrIN5Catch8TestSpec7PatternEEEvPT_ called 0 returned 0% blocks executed 0%
    #####:   97:    _Destroy(_Tp* __pointer)
    #####:   98:    { __pointer->~_Tp(); }
    %%%%%:   98-block  0
call    0 never executed
------------------
_ZSt8_DestroyIN5Catch13ScopedMessageEEvPT_:
function _ZSt8_DestroyIN5Catch13ScopedMessageEEvPT_ called 0 returned 0% blocks executed 0%
    #####:   97:    _Destroy(_Tp* __pointer)
    #####:   98:    { __pointer->~_Tp(); }
    %%%%%:   98-block  0
call    0 never executed
------------------
_ZSt8_DestroyISt10shared_ptrIN5Catch16TestCaseTracking8ITrackerEEEvPT_:
function _ZSt8_DestroyISt10shared_ptrIN5Catch16TestCaseTracking8ITrackerEEEvPT_ called 8 returned 100% blocks executed 100%
        8:   97:    _Destroy(_Tp* __pointer)
        8:   98:    { __pointer->~_Tp(); }
        8:   98-block  0
call    0 returned 8
------------------
_ZSt8_DestroyISt10shared_ptrIN5Catch16IReporterFactoryEEEvPT_:
function _ZSt8_DestroyISt10shared_ptrIN5Catch16IReporterFactoryEEEvPT_ called 0 returned 0% blocks executed 0%
    #####:   97:    _Destroy(_Tp* __pointer)
    #####:   98:    { __pointer->~_Tp(); }
    %%%%%:   98-block  0
call    0 never executed
------------------
_ZSt8_DestroyIN5Catch8TestCaseEEvPT_:
function _ZSt8_DestroyIN5Catch8TestCaseEEvPT_ called 23 returned 100% blocks executed 100%
       23:   97:    _Destroy(_Tp* __pointer)
       23:   98:    { __pointer->~_Tp(); }
       23:   98-block  0
call    0 returned 23
------------------
_ZSt8_DestroyIN5Catch11MessageInfoEEvPT_:
function _ZSt8_DestroyIN5Catch11MessageInfoEEvPT_ called 0 returned 0% blocks executed 0%
    #####:   97:    _Destroy(_Tp* __pointer)
    #####:   98:    { __pointer->~_Tp(); }
    %%%%%:   98-block  0
call    0 never executed
------------------
_ZSt8_DestroyISt10unique_ptrIKN5Catch20IExceptionTranslatorESt14default_deleteIS3_EEEvPT_:
function _ZSt8_DestroyISt10unique_ptrIKN5Catch20IExceptionTranslatorESt14default_deleteIS3_EEEvPT_ called 0 returned 0% blocks executed 0%
    #####:   97:    _Destroy(_Tp* __pointer)
    #####:   98:    { __pointer->~_Tp(); }
    %%%%%:   98-block  0
call    0 never executed
------------------
_ZSt8_DestroyISt4pairIiN5Catch9StringRefEEEvPT_:
function _ZSt8_DestroyISt4pairIiN5Catch9StringRefEEEvPT_ called 0 returned 0% blocks executed 0%
    #####:   97:    _Destroy(_Tp* __pointer)
    #####:   98:    { __pointer->~_Tp(); }
    %%%%%:   98-block  0
call    0 never executed
------------------
_ZSt8_DestroyIN5Catch9StringRefEEvPT_:
function _ZSt8_DestroyIN5Catch9StringRefEEvPT_ called 0 returned 0% blocks executed 0%
    #####:   97:    _Destroy(_Tp* __pointer)
    #####:   98:    { __pointer->~_Tp(); }
    %%%%%:   98-block  0
call    0 never executed
------------------
_ZSt8_DestroyIN5Catch14SectionEndInfoEEvPT_:
function _ZSt8_DestroyIN5Catch14SectionEndInfoEEvPT_ called 0 returned 0% blocks executed 0%
    #####:   97:    _Destroy(_Tp* __pointer)
    #####:   98:    { __pointer->~_Tp(); }
    %%%%%:   98-block  0
call    0 never executed
------------------
_ZSt8_DestroyIN5Catch8TestSpec6FilterEEvPT_:
function _ZSt8_DestroyIN5Catch8TestSpec6FilterEEvPT_ called 0 returned 0% blocks executed 0%
    #####:   97:    _Destroy(_Tp* __pointer)
    #####:   98:    { __pointer->~_Tp(); }
    %%%%%:   98-block  0
call    0 never executed
------------------
_ZSt8_DestroyIN5Catch5clara6detail3ArgEEvPT_:
function _ZSt8_DestroyIN5Catch5clara6detail3ArgEEvPT_ called 2 returned 100% blocks executed 100%
        2:   97:    _Destroy(_Tp* __pointer)
        2:   98:    { __pointer->~_Tp(); }
        2:   98-block  0
call    0 returned 2
------------------
_ZSt8_DestroyIN5Catch5clara6detail3OptEEvPT_:
function _ZSt8_DestroyIN5Catch5clara6detail3OptEEvPT_ called 1334 returned 100% blocks executed 100%
     1334:   97:    _Destroy(_Tp* __pointer)
     1334:   98:    { __pointer->~_Tp(); }
     1334:   98-block  0
call    0 returned 1334
------------------
_ZSt8_DestroyIN5Catch5clara6detail11HelpColumnsEEvPT_:
function _ZSt8_DestroyIN5Catch5clara6detail11HelpColumnsEEvPT_ called 0 returned 0% blocks executed 0%
    #####:   97:    _Destroy(_Tp* __pointer)
    #####:   98:    { __pointer->~_Tp(); }
    %%%%%:   98-block  0
call    0 never executed
------------------
_ZSt8_DestroyIN5Catch5clara6detail5TokenEEvPT_:
function _ZSt8_DestroyIN5Catch5clara6detail5TokenEEvPT_ called 0 returned 0% blocks executed 0%
    #####:   97:    _Destroy(_Tp* __pointer)
    #####:   98:    { __pointer->~_Tp(); }
    %%%%%:   98-block  0
call    0 never executed
------------------
_ZSt8_DestroyIN5Catch5clara8TextFlow6ColumnEEvPT_:
function _ZSt8_DestroyIN5Catch5clara8TextFlow6ColumnEEvPT_ called 0 returned 0% blocks executed 0%
    #####:   97:    _Destroy(_Tp* __pointer)
    #####:   98:    { __pointer->~_Tp(); }
    %%%%%:   98-block  0
call    0 never executed
------------------
_ZSt8_DestroyINSt7__cxx1112basic_stringIcSt11char_traitsIcESaIcEEEEvPT_:
function _ZSt8_DestroyINSt7__cxx1112basic_stringIcSt11char_traitsIcESaIcEEEEvPT_ called 1830 returned 100% blocks executed 100%
     1830:   97:    _Destroy(_Tp* __pointer)
     1830:   98:    { __pointer->~_Tp(); }
     1830:   98-block  0
call    0 returned 1830
------------------
_ZSt8_DestroyISt10shared_ptrIN5Catch22CumulativeReporterBaseINS1_13JunitReporterEE4NodeINS1_14TestGroupStatsENS5_INS1_13TestCaseStatsENS4_11SectionNodeEEEEEEEvPT_:
function _ZSt8_DestroyISt10shared_ptrIN5Catch22CumulativeReporterBaseINS1_13JunitReporterEE4NodeINS1_14TestGroupStatsENS5_INS1_13TestCaseStatsENS4_11SectionNodeEEEEEEEvPT_ called 0 returned 0% blocks executed 0%
    #####:   97:    _Destroy(_Tp* __pointer)
    #####:   98:    { __pointer->~_Tp(); }
    %%%%%:   98-block  0
call    0 never executed
------------------
_ZSt8_DestroyINSt8__detail6_StateIcEEEvPT_:
function _ZSt8_DestroyINSt8__detail6_StateIcEEEvPT_ called 0 returned 0% blocks executed 0%
    #####:   97:    _Destroy(_Tp* __pointer)
    #####:   98:    { __pointer->~_Tp(); }
    %%%%%:   98-block  0
call    0 never executed
------------------
_ZSt8_DestroyISt4pairIlSt6vectorINSt7__cxx119sub_matchIN9__gnu_cxx17__normal_iteratorIPKcNS2_12basic_stringIcSt11char_traitsIcESaIcEEEEEEESaISE_EEEEvPT_:
function _ZSt8_DestroyISt4pairIlSt6vectorINSt7__cxx119sub_matchIN9__gnu_cxx17__normal_iteratorIPKcNS2_12basic_stringIcSt11char_traitsIcESaIcEEEEEEESaISE_EEEEvPT_ called 0 returned 0% blocks executed 0%
    #####:   97:    _Destroy(_Tp* __pointer)
    #####:   98:    { __pointer->~_Tp(); }
    %%%%%:   98-block  0
call    0 never executed
------------------
_ZSt8_DestroyISt10unique_ptrINSt7__cxx1119basic_ostringstreamIcSt11char_traitsIcESaIcEEESt14default_deleteIS6_EEEvPT_:
function _ZSt8_DestroyISt10unique_ptrINSt7__cxx1119basic_ostringstreamIcSt11char_traitsIcESaIcEEESt14default_deleteIS6_EEEvPT_ called 0 returned 0% blocks executed 0%
    #####:   97:    _Destroy(_Tp* __pointer)
    #####:   98:    { __pointer->~_Tp(); }
    %%%%%:   98-block  0
call    0 never executed
------------------
_ZSt8_DestroyISt10unique_ptrIN5Catch6Detail8EnumInfoESt14default_deleteIS3_EEEvPT_:
function _ZSt8_DestroyISt10unique_ptrIN5Catch6Detail8EnumInfoESt14default_deleteIS3_EEEvPT_ called 0 returned 0% blocks executed 0%
    #####:   97:    _Destroy(_Tp* __pointer)
    #####:   98:    { __pointer->~_Tp(); }
    %%%%%:   98-block  0
call    0 never executed
------------------
_ZSt8_DestroyINSt15__exception_ptr13exception_ptrEEvPT_:
function _ZSt8_DestroyINSt15__exception_ptr13exception_ptrEEvPT_ called 0 returned 0% blocks executed 0%
    #####:   97:    _Destroy(_Tp* __pointer)
    #####:   98:    { __pointer->~_Tp(); }
    %%%%%:   98-block  0
call    0 never executed
------------------
_ZSt8_DestroyISt10unique_ptrIN5Catch18IStreamingReporterESt14default_deleteIS2_EEEvPT_:
function _ZSt8_DestroyISt10unique_ptrIN5Catch18IStreamingReporterESt14default_deleteIS2_EEEvPT_ called 0 returned 0% blocks executed 0%
    #####:   97:    _Destroy(_Tp* __pointer)
    #####:   98:    { __pointer->~_Tp(); }
    %%%%%:   98-block  0
call    0 never executed
------------------
_ZSt8_DestroyISt10shared_ptrIN5Catch22CumulativeReporterBaseINS1_13JunitReporterEE11SectionNodeEEEvPT_:
function _ZSt8_DestroyISt10shared_ptrIN5Catch22CumulativeReporterBaseINS1_13JunitReporterEE11SectionNodeEEEvPT_ called 0 returned 0% blocks executed 0%
    #####:   97:    _Destroy(_Tp* __pointer)
    #####:   98:    { __pointer->~_Tp(); }
    %%%%%:   98-block  0
call    0 never executed
------------------
_ZSt8_DestroyISt10shared_ptrIN5Catch22CumulativeReporterBaseINS1_13JunitReporterEE4NodeINS1_12TestRunStatsENS5_INS1_14TestGroupStatsENS5_INS1_13TestCaseStatsENS4_11SectionNodeEEEEEEEEEvPT_:
function _ZSt8_DestroyISt10shared_ptrIN5Catch22CumulativeReporterBaseINS1_13JunitReporterEE4NodeINS1_12TestRunStatsENS5_INS1_14TestGroupStatsENS5_INS1_13TestCaseStatsENS4_11SectionNodeEEEEEEEEEvPT_ called 0 returned 0% blocks executed 0%
    #####:   97:    _Destroy(_Tp* __pointer)
    #####:   98:    { __pointer->~_Tp(); }
    %%%%%:   98-block  0
call    0 never executed
------------------
_ZSt8_DestroyISt4pairINSt7__cxx1112basic_stringIcSt11char_traitsIcESaIcEEES6_EEvPT_:
function _ZSt8_DestroyISt4pairINSt7__cxx1112basic_stringIcSt11char_traitsIcESaIcEEES6_EEvPT_ called 0 returned 0% blocks executed 0%
    #####:   97:    _Destroy(_Tp* __pointer)
    #####:   98:    { __pointer->~_Tp(); }
    %%%%%:   98-block  0
call    0 never executed
------------------
_ZSt8_DestroyISt10shared_ptrIN5Catch22CumulativeReporterBaseINS1_13JunitReporterEE4NodeINS1_13TestCaseStatsENS4_11SectionNodeEEEEEvPT_:
function _ZSt8_DestroyISt10shared_ptrIN5Catch22CumulativeReporterBaseINS1_13JunitReporterEE4NodeINS1_13TestCaseStatsENS4_11SectionNodeEEEEEvPT_ called 0 returned 0% blocks executed 0%
    #####:   97:    _Destroy(_Tp* __pointer)
    #####:   98:    { __pointer->~_Tp(); }
    %%%%%:   98-block  0
call    0 never executed
------------------
_ZSt8_DestroyISt6vectorISt10shared_ptrIN5Catch22CumulativeReporterBaseINS2_13JunitReporterEE11SectionNodeEESaIS7_EEEvPT_:
function _ZSt8_DestroyISt6vectorISt10shared_ptrIN5Catch22CumulativeReporterBaseINS2_13JunitReporterEE11SectionNodeEESaIS7_EEEvPT_ called 0 returned 0% blocks executed 0%
    #####:   97:    _Destroy(_Tp* __pointer)
    #####:   98:    { __pointer->~_Tp(); }
    %%%%%:   98-block  0
call    0 never executed
------------------
_ZSt8_DestroyIN5Catch14AssertionStatsEEvPT_:
function _ZSt8_DestroyIN5Catch14AssertionStatsEEvPT_ called 0 returned 0% blocks executed 0%
    #####:   97:    _Destroy(_Tp* __pointer)
    #####:   98:    { __pointer->~_Tp(); }
    %%%%%:   98-block  0
call    0 never executed
------------------
_ZSt8_DestroyIN5Catch13SummaryColumnEEvPT_:
function _ZSt8_DestroyIN5Catch13SummaryColumnEEvPT_ called 0 returned 0% blocks executed 0%
    #####:   97:    _Destroy(_Tp* __pointer)
    #####:   98:    { __pointer->~_Tp(); }
    %%%%%:   98-block  0
call    0 never executed
------------------
_ZSt8_DestroyIN5Catch12_GLOBAL__N_110ColumnInfoEEvPT_:
function _ZSt8_DestroyIN5Catch12_GLOBAL__N_110ColumnInfoEEvPT_ called 4 returned 100% blocks executed 100%
        4:   97:    _Destroy(_Tp* __pointer)
        4:   98:    { __pointer->~_Tp(); }
        4:   98-block  0
call    0 returned 4
------------------
_ZSt8_DestroyIN5Catch11SectionInfoEEvPT_:
function _ZSt8_DestroyIN5Catch11SectionInfoEEvPT_ called 0 returned 0% blocks executed 0%
    #####:   97:    _Destroy(_Tp* __pointer)
    #####:   98:    { __pointer->~_Tp(); }
    %%%%%:   98-block  0
call    0 never executed
------------------
_ZSt8_DestroyIN5Catch8TestSpec11FilterMatchEEvPT_:
function _ZSt8_DestroyIN5Catch8TestSpec11FilterMatchEEvPT_ called 0 returned 0% blocks executed 0%
    #####:   97:    _Destroy(_Tp* __pointer)
    #####:   98:    { __pointer->~_Tp(); }
    %%%%%:   98-block  0
call    0 never executed
------------------
        -:   99:
        -:  100:  template<bool>
        -:  101:    struct _Destroy_aux
        -:  102:    {
        -:  103:      template<typename _ForwardIterator>
        -:  104:        static void
    5003*:  105:        __destroy(_ForwardIterator __first, _ForwardIterator __last)
        -:  106:	{
    5003*:  107:	  for (; __first != __last; ++__first)
    3201*:  108:	    std::_Destroy(std::__addressof(*__first));
    1802*:  109:	}
------------------
_ZNSt12_Destroy_auxILb0EE9__destroyIPN5Catch9StringRefEEEvT_S5_:
function _ZNSt12_Destroy_auxILb0EE9__destroyIPN5Catch9StringRefEEEvT_S5_ called 0 returned 0% blocks executed 0%
    #####:  105:        __destroy(_ForwardIterator __first, _ForwardIterator __last)
        -:  106:	{
    #####:  107:	  for (; __first != __last; ++__first)
    %%%%%:  107-block  0
branch  0 never executed
branch  1 never executed
    #####:  108:	    std::_Destroy(std::__addressof(*__first));
    %%%%%:  108-block  0
call    0 never executed
call    1 never executed
    #####:  109:	}
------------------
_ZNSt12_Destroy_auxILb0EE9__destroyIPN5Catch8TestSpec11FilterMatchEEEvT_S6_:
function _ZNSt12_Destroy_auxILb0EE9__destroyIPN5Catch8TestSpec11FilterMatchEEEvT_S6_ called 3 returned 100% blocks executed 40%
        3:  105:        __destroy(_ForwardIterator __first, _ForwardIterator __last)
        -:  106:	{
       3*:  107:	  for (; __first != __last; ++__first)
        3:  107-block  0
branch  0 taken 0 (fallthrough)
branch  1 taken 3
    #####:  108:	    std::_Destroy(std::__addressof(*__first));
    %%%%%:  108-block  0
call    0 never executed
call    1 never executed
        3:  109:	}
------------------
_ZNSt12_Destroy_auxILb0EE9__destroyIPN5Catch14SectionEndInfoEEEvT_S5_:
function _ZNSt12_Destroy_auxILb0EE9__destroyIPN5Catch14SectionEndInfoEEEvT_S5_ called 1 returned 100% blocks executed 40%
        1:  105:        __destroy(_ForwardIterator __first, _ForwardIterator __last)
        -:  106:	{
       1*:  107:	  for (; __first != __last; ++__first)
        1:  107-block  0
branch  0 taken 0 (fallthrough)
branch  1 taken 1
    #####:  108:	    std::_Destroy(std::__addressof(*__first));
    %%%%%:  108-block  0
call    0 never executed
call    1 never executed
        1:  109:	}
------------------
_ZNSt12_Destroy_auxILb0EE9__destroyIPN5Catch13ScopedMessageEEEvT_S5_:
function _ZNSt12_Destroy_auxILb0EE9__destroyIPN5Catch13ScopedMessageEEEvT_S5_ called 1 returned 100% blocks executed 40%
        1:  105:        __destroy(_ForwardIterator __first, _ForwardIterator __last)
        -:  106:	{
       1*:  107:	  for (; __first != __last; ++__first)
        1:  107-block  0
branch  0 taken 0 (fallthrough)
branch  1 taken 1
    #####:  108:	    std::_Destroy(std::__addressof(*__first));
    %%%%%:  108-block  0
call    0 never executed
call    1 never executed
        1:  109:	}
------------------
_ZNSt12_Destroy_auxILb0EE9__destroyIPSt10shared_ptrIN5Catch16TestCaseTracking8ITrackerEEEEvT_S8_:
function _ZNSt12_Destroy_auxILb0EE9__destroyIPSt10shared_ptrIN5Catch16TestCaseTracking8ITrackerEEEEvT_S8_ called 24 returned 100% blocks executed 100%
       32:  105:        __destroy(_ForwardIterator __first, _ForwardIterator __last)
        -:  106:	{
       32:  107:	  for (; __first != __last; ++__first)
       32:  107-block  0
branch  0 taken 8 (fallthrough)
branch  1 taken 24
        8:  108:	    std::_Destroy(std::__addressof(*__first));
        8:  108-block  0
call    0 returned 8
call    1 returned 8
       24:  109:	}
------------------
_ZNSt12_Destroy_auxILb0EE9__destroyIPSt10shared_ptrIN5Catch16IReporterFactoryEEEEvT_S7_:
function _ZNSt12_Destroy_auxILb0EE9__destroyIPSt10shared_ptrIN5Catch16IReporterFactoryEEEEvT_S7_ called 1 returned 100% blocks executed 40%
        1:  105:        __destroy(_ForwardIterator __first, _ForwardIterator __last)
        -:  106:	{
       1*:  107:	  for (; __first != __last; ++__first)
        1:  107-block  0
branch  0 taken 0 (fallthrough)
branch  1 taken 1
    #####:  108:	    std::_Destroy(std::__addressof(*__first));
    %%%%%:  108-block  0
call    0 never executed
call    1 never executed
        1:  109:	}
------------------
_ZNSt12_Destroy_auxILb0EE9__destroyIPN5Catch8TestCaseEEEvT_S5_:
function _ZNSt12_Destroy_auxILb0EE9__destroyIPN5Catch8TestCaseEEEvT_S5_ called 8 returned 100% blocks executed 100%
       31:  105:        __destroy(_ForwardIterator __first, _ForwardIterator __last)
        -:  106:	{
       31:  107:	  for (; __first != __last; ++__first)
       31:  107-block  0
branch  0 taken 23 (fallthrough)
branch  1 taken 8
       23:  108:	    std::_Destroy(std::__addressof(*__first));
       23:  108-block  0
call    0 returned 23
call    1 returned 23
        8:  109:	}
------------------
_ZNSt12_Destroy_auxILb0EE9__destroyIPN5Catch11MessageInfoEEEvT_S5_:
function _ZNSt12_Destroy_auxILb0EE9__destroyIPN5Catch11MessageInfoEEEvT_S5_ called 1 returned 100% blocks executed 40%
        1:  105:        __destroy(_ForwardIterator __first, _ForwardIterator __last)
        -:  106:	{
       1*:  107:	  for (; __first != __last; ++__first)
        1:  107-block  0
branch  0 taken 0 (fallthrough)
branch  1 taken 1
    #####:  108:	    std::_Destroy(std::__addressof(*__first));
    %%%%%:  108-block  0
call    0 never executed
call    1 never executed
        1:  109:	}
------------------
_ZNSt12_Destroy_auxILb0EE9__destroyIPSt10unique_ptrIKN5Catch20IExceptionTranslatorESt14default_deleteIS5_EEEEvT_SA_:
function _ZNSt12_Destroy_auxILb0EE9__destroyIPSt10unique_ptrIKN5Catch20IExceptionTranslatorESt14default_deleteIS5_EEEEvT_SA_ called 1 returned 100% blocks executed 40%
        1:  105:        __destroy(_ForwardIterator __first, _ForwardIterator __last)
        -:  106:	{
       1*:  107:	  for (; __first != __last; ++__first)
        1:  107-block  0
branch  0 taken 0 (fallthrough)
branch  1 taken 1
    #####:  108:	    std::_Destroy(std::__addressof(*__first));
    %%%%%:  108-block  0
call    0 never executed
call    1 never executed
        1:  109:	}
------------------
_ZNSt12_Destroy_auxILb0EE9__destroyIPSt4pairIiN5Catch9StringRefEEEEvT_S7_:
function _ZNSt12_Destroy_auxILb0EE9__destroyIPSt4pairIiN5Catch9StringRefEEEEvT_S7_ called 0 returned 0% blocks executed 0%
    #####:  105:        __destroy(_ForwardIterator __first, _ForwardIterator __last)
        -:  106:	{
    #####:  107:	  for (; __first != __last; ++__first)
    %%%%%:  107-block  0
branch  0 never executed
branch  1 never executed
    #####:  108:	    std::_Destroy(std::__addressof(*__first));
    %%%%%:  108-block  0
call    0 never executed
call    1 never executed
    #####:  109:	}
------------------
_ZNSt12_Destroy_auxILb0EE9__destroyIN9__gnu_cxx17__normal_iteratorIPNSt7__cxx1112basic_stringIcSt11char_traitsIcESaIcEEESt6vectorIS9_SaIS9_EEEEEEvT_SF_:
function _ZNSt12_Destroy_auxILb0EE9__destroyIN9__gnu_cxx17__normal_iteratorIPNSt7__cxx1112basic_stringIcSt11char_traitsIcESaIcEEESt6vectorIS9_SaIS9_EEEEEEvT_SF_ called 0 returned 0% blocks executed 0%
    #####:  105:        __destroy(_ForwardIterator __first, _ForwardIterator __last)
        -:  106:	{
    #####:  107:	  for (; __first != __last; ++__first)
    %%%%%:  107-block  0
call    0 never executed
branch  1 never executed
branch  2 never executed
call    3 never executed
    #####:  108:	    std::_Destroy(std::__addressof(*__first));
    %%%%%:  108-block  0
call    0 never executed
call    1 never executed
call    2 never executed
    #####:  109:	}
------------------
_ZNSt12_Destroy_auxILb0EE9__destroyIPSt10shared_ptrIN5Catch8TestSpec7PatternEEEEvT_S8_:
function _ZNSt12_Destroy_auxILb0EE9__destroyIPSt10shared_ptrIN5Catch8TestSpec7PatternEEEEvT_S8_ called 1 returned 100% blocks executed 40%
        1:  105:        __destroy(_ForwardIterator __first, _ForwardIterator __last)
        -:  106:	{
       1*:  107:	  for (; __first != __last; ++__first)
        1:  107-block  0
branch  0 taken 0 (fallthrough)
branch  1 taken 1
    #####:  108:	    std::_Destroy(std::__addressof(*__first));
    %%%%%:  108-block  0
call    0 never executed
call    1 never executed
        1:  109:	}
------------------
_ZNSt12_Destroy_auxILb0EE9__destroyIPN5Catch8TestSpec6FilterEEEvT_S6_:
function _ZNSt12_Destroy_auxILb0EE9__destroyIPN5Catch8TestSpec6FilterEEEvT_S6_ called 4 returned 100% blocks executed 40%
        4:  105:        __destroy(_ForwardIterator __first, _ForwardIterator __last)
        -:  106:	{
       4*:  107:	  for (; __first != __last; ++__first)
        4:  107-block  0
branch  0 taken 0 (fallthrough)
branch  1 taken 4
    #####:  108:	    std::_Destroy(std::__addressof(*__first));
    %%%%%:  108-block  0
call    0 never executed
call    1 never executed
        4:  109:	}
------------------
_ZNSt12_Destroy_auxILb0EE9__destroyIPN5Catch5clara6detail3ArgEEEvT_S7_:
function _ZNSt12_Destroy_auxILb0EE9__destroyIPN5Catch5clara6detail3ArgEEEvT_S7_ called 66 returned 100% blocks executed 100%
       68:  105:        __destroy(_ForwardIterator __first, _ForwardIterator __last)
        -:  106:	{
       68:  107:	  for (; __first != __last; ++__first)
       68:  107-block  0
branch  0 taken 2 (fallthrough)
branch  1 taken 66
        2:  108:	    std::_Destroy(std::__addressof(*__first));
        2:  108-block  0
call    0 returned 2
call    1 returned 2
       66:  109:	}
------------------
_ZNSt12_Destroy_auxILb0EE9__destroyIPN5Catch5clara6detail3OptEEEvT_S7_:
function _ZNSt12_Destroy_auxILb0EE9__destroyIPN5Catch5clara6detail3OptEEEvT_S7_ called 94 returned 100% blocks executed 100%
     1428:  105:        __destroy(_ForwardIterator __first, _ForwardIterator __last)
        -:  106:	{
     1428:  107:	  for (; __first != __last; ++__first)
     1428:  107-block  0
branch  0 taken 1334 (fallthrough)
branch  1 taken 94
     1334:  108:	    std::_Destroy(std::__addressof(*__first));
     1334:  108-block  0
call    0 returned 1334
call    1 returned 1334
       94:  109:	}
------------------
_ZNSt12_Destroy_auxILb0EE9__destroyIPN5Catch5clara6detail11HelpColumnsEEEvT_S7_:
function _ZNSt12_Destroy_auxILb0EE9__destroyIPN5Catch5clara6detail11HelpColumnsEEEvT_S7_ called 0 returned 0% blocks executed 0%
    #####:  105:        __destroy(_ForwardIterator __first, _ForwardIterator __last)
        -:  106:	{
    #####:  107:	  for (; __first != __last; ++__first)
    %%%%%:  107-block  0
branch  0 never executed
branch  1 never executed
    #####:  108:	    std::_Destroy(std::__addressof(*__first));
    %%%%%:  108-block  0
call    0 never executed
call    1 never executed
    #####:  109:	}
------------------
_ZNSt12_Destroy_auxILb0EE9__destroyIPN5Catch5clara6detail5TokenEEEvT_S7_:
function _ZNSt12_Destroy_auxILb0EE9__destroyIPN5Catch5clara6detail5TokenEEEvT_S7_ called 5 returned 100% blocks executed 40%
        5:  105:        __destroy(_ForwardIterator __first, _ForwardIterator __last)
        -:  106:	{
       5*:  107:	  for (; __first != __last; ++__first)
        5:  107-block  0
branch  0 taken 0 (fallthrough)
branch  1 taken 5
    #####:  108:	    std::_Destroy(std::__addressof(*__first));
    %%%%%:  108-block  0
call    0 never executed
call    1 never executed
        5:  109:	}
------------------
_ZNSt12_Destroy_auxILb0EE9__destroyIPN5Catch5clara8TextFlow6ColumnEEEvT_S7_:
function _ZNSt12_Destroy_auxILb0EE9__destroyIPN5Catch5clara8TextFlow6ColumnEEEvT_S7_ called 0 returned 0% blocks executed 0%
    #####:  105:        __destroy(_ForwardIterator __first, _ForwardIterator __last)
        -:  106:	{
    #####:  107:	  for (; __first != __last; ++__first)
    %%%%%:  107-block  0
branch  0 never executed
branch  1 never executed
    #####:  108:	    std::_Destroy(std::__addressof(*__first));
    %%%%%:  108-block  0
call    0 never executed
call    1 never executed
    #####:  109:	}
------------------
_ZNSt12_Destroy_auxILb0EE9__destroyIPNSt7__cxx1112basic_stringIcSt11char_traitsIcESaIcEEEEEvT_S9_:
function _ZNSt12_Destroy_auxILb0EE9__destroyIPNSt7__cxx1112basic_stringIcSt11char_traitsIcESaIcEEEEEvT_S9_ called 1586 returned 100% blocks executed 100%
     3416:  105:        __destroy(_ForwardIterator __first, _ForwardIterator __last)
        -:  106:	{
     3416:  107:	  for (; __first != __last; ++__first)
     3416:  107-block  0
branch  0 taken 1830 (fallthrough)
branch  1 taken 1586
     1830:  108:	    std::_Destroy(std::__addressof(*__first));
     1830:  108-block  0
call    0 returned 1830
call    1 returned 1830
     1586:  109:	}
------------------
_ZNSt12_Destroy_auxILb0EE9__destroyIPSt10shared_ptrIN5Catch22CumulativeReporterBaseINS3_13JunitReporterEE4NodeINS3_14TestGroupStatsENS7_INS3_13TestCaseStatsENS6_11SectionNodeEEEEEEEEvT_SF_:
function _ZNSt12_Destroy_auxILb0EE9__destroyIPSt10shared_ptrIN5Catch22CumulativeReporterBaseINS3_13JunitReporterEE4NodeINS3_14TestGroupStatsENS7_INS3_13TestCaseStatsENS6_11SectionNodeEEEEEEEEvT_SF_ called 0 returned 0% blocks executed 0%
    #####:  105:        __destroy(_ForwardIterator __first, _ForwardIterator __last)
        -:  106:	{
    #####:  107:	  for (; __first != __last; ++__first)
    %%%%%:  107-block  0
branch  0 never executed
branch  1 never executed
    #####:  108:	    std::_Destroy(std::__addressof(*__first));
    %%%%%:  108-block  0
call    0 never executed
call    1 never executed
    #####:  109:	}
------------------
_ZNSt12_Destroy_auxILb0EE9__destroyIPNSt8__detail6_StateIcEEEEvT_S6_:
function _ZNSt12_Destroy_auxILb0EE9__destroyIPNSt8__detail6_StateIcEEEEvT_S6_ called 0 returned 0% blocks executed 0%
    #####:  105:        __destroy(_ForwardIterator __first, _ForwardIterator __last)
        -:  106:	{
    #####:  107:	  for (; __first != __last; ++__first)
    %%%%%:  107-block  0
branch  0 never executed
branch  1 never executed
    #####:  108:	    std::_Destroy(std::__addressof(*__first));
    %%%%%:  108-block  0
call    0 never executed
call    1 never executed
    #####:  109:	}
------------------
_ZNSt12_Destroy_auxILb0EE9__destroyIPSt4pairIlSt6vectorINSt7__cxx119sub_matchIN9__gnu_cxx17__normal_iteratorIPKcNS4_12basic_stringIcSt11char_traitsIcESaIcEEEEEEESaISG_EEEEEvT_SL_:
function _ZNSt12_Destroy_auxILb0EE9__destroyIPSt4pairIlSt6vectorINSt7__cxx119sub_matchIN9__gnu_cxx17__normal_iteratorIPKcNS4_12basic_stringIcSt11char_traitsIcESaIcEEEEEEESaISG_EEEEEvT_SL_ called 0 returned 0% blocks executed 0%
    #####:  105:        __destroy(_ForwardIterator __first, _ForwardIterator __last)
        -:  106:	{
    #####:  107:	  for (; __first != __last; ++__first)
    %%%%%:  107-block  0
branch  0 never executed
branch  1 never executed
    #####:  108:	    std::_Destroy(std::__addressof(*__first));
    %%%%%:  108-block  0
call    0 never executed
call    1 never executed
    #####:  109:	}
------------------
_ZNSt12_Destroy_auxILb0EE9__destroyIPSt10unique_ptrINSt7__cxx1119basic_ostringstreamIcSt11char_traitsIcESaIcEEESt14default_deleteIS8_EEEEvT_SD_:
function _ZNSt12_Destroy_auxILb0EE9__destroyIPSt10unique_ptrINSt7__cxx1119basic_ostringstreamIcSt11char_traitsIcESaIcEEESt14default_deleteIS8_EEEEvT_SD_ called 0 returned 0% blocks executed 0%
    #####:  105:        __destroy(_ForwardIterator __first, _ForwardIterator __last)
        -:  106:	{
    #####:  107:	  for (; __first != __last; ++__first)
    %%%%%:  107-block  0
branch  0 never executed
branch  1 never executed
    #####:  108:	    std::_Destroy(std::__addressof(*__first));
    %%%%%:  108-block  0
call    0 never executed
call    1 never executed
    #####:  109:	}
------------------
_ZNSt12_Destroy_auxILb0EE9__destroyIPSt10unique_ptrIN5Catch6Detail8EnumInfoESt14default_deleteIS5_EEEEvT_SA_:
function _ZNSt12_Destroy_auxILb0EE9__destroyIPSt10unique_ptrIN5Catch6Detail8EnumInfoESt14default_deleteIS5_EEEEvT_SA_ called 1 returned 100% blocks executed 40%
        1:  105:        __destroy(_ForwardIterator __first, _ForwardIterator __last)
        -:  106:	{
       1*:  107:	  for (; __first != __last; ++__first)
        1:  107-block  0
branch  0 taken 0 (fallthrough)
branch  1 taken 1
    #####:  108:	    std::_Destroy(std::__addressof(*__first));
    %%%%%:  108-block  0
call    0 never executed
call    1 never executed
        1:  109:	}
------------------
_ZNSt12_Destroy_auxILb0EE9__destroyIPNSt15__exception_ptr13exception_ptrEEEvT_S5_:
function _ZNSt12_Destroy_auxILb0EE9__destroyIPNSt15__exception_ptr13exception_ptrEEEvT_S5_ called 1 returned 100% blocks executed 40%
        1:  105:        __destroy(_ForwardIterator __first, _ForwardIterator __last)
        -:  106:	{
       1*:  107:	  for (; __first != __last; ++__first)
        1:  107-block  0
branch  0 taken 0 (fallthrough)
branch  1 taken 1
    #####:  108:	    std::_Destroy(std::__addressof(*__first));
    %%%%%:  108-block  0
call    0 never executed
call    1 never executed
        1:  109:	}
------------------
_ZNSt12_Destroy_auxILb0EE9__destroyIPSt10unique_ptrIN5Catch18IStreamingReporterESt14default_deleteIS4_EEEEvT_S9_:
function _ZNSt12_Destroy_auxILb0EE9__destroyIPSt10unique_ptrIN5Catch18IStreamingReporterESt14default_deleteIS4_EEEEvT_S9_ called 0 returned 0% blocks executed 0%
    #####:  105:        __destroy(_ForwardIterator __first, _ForwardIterator __last)
        -:  106:	{
    #####:  107:	  for (; __first != __last; ++__first)
    %%%%%:  107-block  0
branch  0 never executed
branch  1 never executed
    #####:  108:	    std::_Destroy(std::__addressof(*__first));
    %%%%%:  108-block  0
call    0 never executed
call    1 never executed
    #####:  109:	}
------------------
_ZNSt12_Destroy_auxILb0EE9__destroyIPSt10shared_ptrIN5Catch22CumulativeReporterBaseINS3_13JunitReporterEE11SectionNodeEEEEvT_SA_:
function _ZNSt12_Destroy_auxILb0EE9__destroyIPSt10shared_ptrIN5Catch22CumulativeReporterBaseINS3_13JunitReporterEE11SectionNodeEEEEvT_SA_ called 0 returned 0% blocks executed 0%
    #####:  105:        __destroy(_ForwardIterator __first, _ForwardIterator __last)
        -:  106:	{
    #####:  107:	  for (; __first != __last; ++__first)
    %%%%%:  107-block  0
branch  0 never executed
branch  1 never executed
    #####:  108:	    std::_Destroy(std::__addressof(*__first));
    %%%%%:  108-block  0
call    0 never executed
call    1 never executed
    #####:  109:	}
------------------
_ZNSt12_Destroy_auxILb0EE9__destroyIPSt10shared_ptrIN5Catch22CumulativeReporterBaseINS3_13JunitReporterEE4NodeINS3_12TestRunStatsENS7_INS3_14TestGroupStatsENS7_INS3_13TestCaseStatsENS6_11SectionNodeEEEEEEEEEEvT_SH_:
function _ZNSt12_Destroy_auxILb0EE9__destroyIPSt10shared_ptrIN5Catch22CumulativeReporterBaseINS3_13JunitReporterEE4NodeINS3_12TestRunStatsENS7_INS3_14TestGroupStatsENS7_INS3_13TestCaseStatsENS6_11SectionNodeEEEEEEEEEEvT_SH_ called 0 returned 0% blocks executed 0%
    #####:  105:        __destroy(_ForwardIterator __first, _ForwardIterator __last)
        -:  106:	{
    #####:  107:	  for (; __first != __last; ++__first)
    %%%%%:  107-block  0
branch  0 never executed
branch  1 never executed
    #####:  108:	    std::_Destroy(std::__addressof(*__first));
    %%%%%:  108-block  0
call    0 never executed
call    1 never executed
    #####:  109:	}
------------------
_ZNSt12_Destroy_auxILb0EE9__destroyIPSt4pairINSt7__cxx1112basic_stringIcSt11char_traitsIcESaIcEEES8_EEEvT_SB_:
function _ZNSt12_Destroy_auxILb0EE9__destroyIPSt4pairINSt7__cxx1112basic_stringIcSt11char_traitsIcESaIcEEES8_EEEvT_SB_ called 0 returned 0% blocks executed 0%
    #####:  105:        __destroy(_ForwardIterator __first, _ForwardIterator __last)
        -:  106:	{
    #####:  107:	  for (; __first != __last; ++__first)
    %%%%%:  107-block  0
branch  0 never executed
branch  1 never executed
    #####:  108:	    std::_Destroy(std::__addressof(*__first));
    %%%%%:  108-block  0
call    0 never executed
call    1 never executed
    #####:  109:	}
------------------
_ZNSt12_Destroy_auxILb0EE9__destroyIPSt10shared_ptrIN5Catch22CumulativeReporterBaseINS3_13JunitReporterEE4NodeINS3_13TestCaseStatsENS6_11SectionNodeEEEEEEvT_SD_:
function _ZNSt12_Destroy_auxILb0EE9__destroyIPSt10shared_ptrIN5Catch22CumulativeReporterBaseINS3_13JunitReporterEE4NodeINS3_13TestCaseStatsENS6_11SectionNodeEEEEEEvT_SD_ called 0 returned 0% blocks executed 0%
    #####:  105:        __destroy(_ForwardIterator __first, _ForwardIterator __last)
        -:  106:	{
    #####:  107:	  for (; __first != __last; ++__first)
    %%%%%:  107-block  0
branch  0 never executed
branch  1 never executed
    #####:  108:	    std::_Destroy(std::__addressof(*__first));
    %%%%%:  108-block  0
call    0 never executed
call    1 never executed
    #####:  109:	}
------------------
_ZNSt12_Destroy_auxILb0EE9__destroyIPSt6vectorISt10shared_ptrIN5Catch22CumulativeReporterBaseINS4_13JunitReporterEE11SectionNodeEESaIS9_EEEEvT_SD_:
function _ZNSt12_Destroy_auxILb0EE9__destroyIPSt6vectorISt10shared_ptrIN5Catch22CumulativeReporterBaseINS4_13JunitReporterEE11SectionNodeEESaIS9_EEEEvT_SD_ called 0 returned 0% blocks executed 0%
    #####:  105:        __destroy(_ForwardIterator __first, _ForwardIterator __last)
        -:  106:	{
    #####:  107:	  for (; __first != __last; ++__first)
    %%%%%:  107-block  0
branch  0 never executed
branch  1 never executed
    #####:  108:	    std::_Destroy(std::__addressof(*__first));
    %%%%%:  108-block  0
call    0 never executed
call    1 never executed
    #####:  109:	}
------------------
_ZNSt12_Destroy_auxILb0EE9__destroyIPN5Catch14AssertionStatsEEEvT_S5_:
function _ZNSt12_Destroy_auxILb0EE9__destroyIPN5Catch14AssertionStatsEEEvT_S5_ called 0 returned 0% blocks executed 0%
    #####:  105:        __destroy(_ForwardIterator __first, _ForwardIterator __last)
        -:  106:	{
    #####:  107:	  for (; __first != __last; ++__first)
    %%%%%:  107-block  0
branch  0 never executed
branch  1 never executed
    #####:  108:	    std::_Destroy(std::__addressof(*__first));
    %%%%%:  108-block  0
call    0 never executed
call    1 never executed
    #####:  109:	}
------------------
_ZNSt12_Destroy_auxILb0EE9__destroyIPN5Catch13SummaryColumnEEEvT_S5_:
function _ZNSt12_Destroy_auxILb0EE9__destroyIPN5Catch13SummaryColumnEEEvT_S5_ called 0 returned 0% blocks executed 0%
    #####:  105:        __destroy(_ForwardIterator __first, _ForwardIterator __last)
        -:  106:	{
    #####:  107:	  for (; __first != __last; ++__first)
    %%%%%:  107-block  0
branch  0 never executed
branch  1 never executed
    #####:  108:	    std::_Destroy(std::__addressof(*__first));
    %%%%%:  108-block  0
call    0 never executed
call    1 never executed
    #####:  109:	}
------------------
_ZNSt12_Destroy_auxILb0EE9__destroyIPN5Catch12_GLOBAL__N_110ColumnInfoEEEvT_S6_:
function _ZNSt12_Destroy_auxILb0EE9__destroyIPN5Catch12_GLOBAL__N_110ColumnInfoEEEvT_S6_ called 2 returned 100% blocks executed 100%
        6:  105:        __destroy(_ForwardIterator __first, _ForwardIterator __last)
        -:  106:	{
        6:  107:	  for (; __first != __last; ++__first)
        6:  107-block  0
branch  0 taken 4 (fallthrough)
branch  1 taken 2
        4:  108:	    std::_Destroy(std::__addressof(*__first));
        4:  108-block  0
call    0 returned 4
call    1 returned 4
        2:  109:	}
------------------
_ZNSt12_Destroy_auxILb0EE9__destroyIPN5Catch11SectionInfoEEEvT_S5_:
function _ZNSt12_Destroy_auxILb0EE9__destroyIPN5Catch11SectionInfoEEEvT_S5_ called 2 returned 100% blocks executed 40%
        2:  105:        __destroy(_ForwardIterator __first, _ForwardIterator __last)
        -:  106:	{
       2*:  107:	  for (; __first != __last; ++__first)
        2:  107-block  0
branch  0 taken 0 (fallthrough)
branch  1 taken 2
    #####:  108:	    std::_Destroy(std::__addressof(*__first));
    %%%%%:  108-block  0
call    0 never executed
call    1 never executed
        2:  109:	}
------------------
_ZNSt12_Destroy_auxILb0EE9__destroyIN9__gnu_cxx17__normal_iteratorIPN5Catch5clara6detail3ArgESt6vectorIS7_SaIS7_EEEEEEvT_SD_:
function _ZNSt12_Destroy_auxILb0EE9__destroyIN9__gnu_cxx17__normal_iteratorIPN5Catch5clara6detail3ArgESt6vectorIS7_SaIS7_EEEEEEvT_SD_ called 0 returned 0% blocks executed 0%
    #####:  105:        __destroy(_ForwardIterator __first, _ForwardIterator __last)
        -:  106:	{
    #####:  107:	  for (; __first != __last; ++__first)
    %%%%%:  107-block  0
call    0 never executed
branch  1 never executed
branch  2 never executed
call    3 never executed
    #####:  108:	    std::_Destroy(std::__addressof(*__first));
    %%%%%:  108-block  0
call    0 never executed
call    1 never executed
call    2 never executed
    #####:  109:	}
------------------
_ZNSt12_Destroy_auxILb0EE9__destroyIN9__gnu_cxx17__normal_iteratorIPN5Catch5clara6detail3OptESt6vectorIS7_SaIS7_EEEEEEvT_SD_:
function _ZNSt12_Destroy_auxILb0EE9__destroyIN9__gnu_cxx17__normal_iteratorIPN5Catch5clara6detail3OptESt6vectorIS7_SaIS7_EEEEEEvT_SD_ called 0 returned 0% blocks executed 0%
    #####:  105:        __destroy(_ForwardIterator __first, _ForwardIterator __last)
        -:  106:	{
    #####:  107:	  for (; __first != __last; ++__first)
    %%%%%:  107-block  0
call    0 never executed
branch  1 never executed
branch  2 never executed
call    3 never executed
    #####:  108:	    std::_Destroy(std::__addressof(*__first));
    %%%%%:  108-block  0
call    0 never executed
call    1 never executed
call    2 never executed
    #####:  109:	}
------------------
        -:  110:    };
        -:  111:
        -:  112:  template<>
        -:  113:    struct _Destroy_aux<true>
        -:  114:    {
        -:  115:      template<typename _ForwardIterator>
        -:  116:        static void
       4*:  117:        __destroy(_ForwardIterator, _ForwardIterator) { }
------------------
_ZNSt12_Destroy_auxILb1EE9__destroyIPNSt7__cxx1112regex_traitsIcE10_RegexMaskEEEvT_S7_:
function _ZNSt12_Destroy_auxILb1EE9__destroyIPNSt7__cxx1112regex_traitsIcE10_RegexMaskEEEvT_S7_ called 0 returned 0% blocks executed 0%
    #####:  117:        __destroy(_ForwardIterator, _ForwardIterator) { }
------------------
_ZNSt12_Destroy_auxILb1EE9__destroyIPSt4pairIccEEEvT_S5_:
function _ZNSt12_Destroy_auxILb1EE9__destroyIPSt4pairIccEEEvT_S5_ called 0 returned 0% blocks executed 0%
    #####:  117:        __destroy(_ForwardIterator, _ForwardIterator) { }
------------------
_ZNSt12_Destroy_auxILb1EE9__destroyIN9__gnu_cxx17__normal_iteratorIPNSt7__cxx119sub_matchINS3_IPKcNS4_12basic_stringIcSt11char_traitsIcESaIcEEEEEEESt6vectorISE_SaISE_EEEEEEvT_SK_:
function _ZNSt12_Destroy_auxILb1EE9__destroyIN9__gnu_cxx17__normal_iteratorIPNSt7__cxx119sub_matchINS3_IPKcNS4_12basic_stringIcSt11char_traitsIcESaIcEEEEEEESt6vectorISE_SaISE_EEEEEEvT_SK_ called 0 returned 0% blocks executed 0%
    #####:  117:        __destroy(_ForwardIterator, _ForwardIterator) { }
------------------
_ZNSt12_Destroy_auxILb1EE9__destroyIPSt4pairIN9__gnu_cxx17__normal_iteratorIPKcNSt7__cxx1112basic_stringIcSt11char_traitsIcESaIcEEEEEiEEEvT_SG_:
function _ZNSt12_Destroy_auxILb1EE9__destroyIPSt4pairIN9__gnu_cxx17__normal_iteratorIPKcNSt7__cxx1112basic_stringIcSt11char_traitsIcESaIcEEEEEiEEEvT_SG_ called 0 returned 0% blocks executed 0%
    #####:  117:        __destroy(_ForwardIterator, _ForwardIterator) { }
------------------
_ZNSt12_Destroy_auxILb1EE9__destroyIPNSt7__cxx119sub_matchIN9__gnu_cxx17__normal_iteratorIPKcNS2_12basic_stringIcSt11char_traitsIcESaIcEEEEEEEEEvT_SG_:
function _ZNSt12_Destroy_auxILb1EE9__destroyIPNSt7__cxx119sub_matchIN9__gnu_cxx17__normal_iteratorIPKcNS2_12basic_stringIcSt11char_traitsIcESaIcEEEEEEEEEvT_SG_ called 0 returned 0% blocks executed 0%
    #####:  117:        __destroy(_ForwardIterator, _ForwardIterator) { }
------------------
_ZNSt12_Destroy_auxILb1EE9__destroyIPcEEvT_S3_:
function _ZNSt12_Destroy_auxILb1EE9__destroyIPcEEvT_S3_ called 0 returned 0% blocks executed 0%
    #####:  117:        __destroy(_ForwardIterator, _ForwardIterator) { }
------------------
_ZNSt12_Destroy_auxILb1EE9__destroyIPPKN5Catch8TestCaseEEEvT_S7_:
function _ZNSt12_Destroy_auxILb1EE9__destroyIPPKN5Catch8TestCaseEEEvT_S7_ called 0 returned 0% blocks executed 0%
    #####:  117:        __destroy(_ForwardIterator, _ForwardIterator) { }
------------------
_ZNSt12_Destroy_auxILb1EE9__destroyIPPN5Catch10ISingletonEEEvT_S6_:
function _ZNSt12_Destroy_auxILb1EE9__destroyIPPN5Catch10ISingletonEEEvT_S6_ called 2 returned 100% blocks executed 100%
        2:  117:        __destroy(_ForwardIterator, _ForwardIterator) { }
------------------
_ZNSt12_Destroy_auxILb1EE9__destroyIPPN5Catch16TestCaseTracking8ITrackerEEEvT_S7_:
function _ZNSt12_Destroy_auxILb1EE9__destroyIPPN5Catch16TestCaseTracking8ITrackerEEEvT_S7_ called 1 returned 100% blocks executed 100%
        1:  117:        __destroy(_ForwardIterator, _ForwardIterator) { }
------------------
_ZNSt12_Destroy_auxILb1EE9__destroyIPN5Catch5clara8TextFlow6Column8iteratorEEEvT_S8_:
function _ZNSt12_Destroy_auxILb1EE9__destroyIPN5Catch5clara8TextFlow6Column8iteratorEEEvT_S8_ called 0 returned 0% blocks executed 0%
    #####:  117:        __destroy(_ForwardIterator, _ForwardIterator) { }
------------------
_ZNSt12_Destroy_auxILb1EE9__destroyIPjEEvT_S3_:
function _ZNSt12_Destroy_auxILb1EE9__destroyIPjEEvT_S3_ called 1 returned 100% blocks executed 100%
        1:  117:        __destroy(_ForwardIterator, _ForwardIterator) { }
------------------
        -:  118:    };
        -:  119:
        -:  120:  /**
        -:  121:   * Destroy a range of objects.  If the value_type of the object has
        -:  122:   * a trivial destructor, the compiler should optimize all of this
        -:  123:   * away, otherwise the objects' destructors must be invoked.
        -:  124:   */
        -:  125:  template<typename _ForwardIterator>
        -:  126:    inline void
    1806*:  127:    _Destroy(_ForwardIterator __first, _ForwardIterator __last)
        -:  128:    {
        -:  129:      typedef typename iterator_traits<_ForwardIterator>::value_type
        -:  130:                       _Value_type;
        -:  131:#if __cplusplus >= 201103L
        -:  132:      // A deleted destructor is trivial, this ensures we reject such types:
        -:  133:      static_assert(is_destructible<_Value_type>::value,
        -:  134:		    "value type is destructible");
        -:  135:#endif
        -:  136:      std::_Destroy_aux<__has_trivial_destructor(_Value_type)>::
    1806*:  137:	__destroy(__first, __last);
    1806*:  138:    }
------------------
_ZSt8_DestroyIPSt4pairIiN5Catch9StringRefEEEvT_S5_:
function _ZSt8_DestroyIPSt4pairIiN5Catch9StringRefEEEvT_S5_ called 0 returned 0% blocks executed 0%
    #####:  127:    _Destroy(_ForwardIterator __first, _ForwardIterator __last)
        -:  128:    {
        -:  129:      typedef typename iterator_traits<_ForwardIterator>::value_type
        -:  130:                       _Value_type;
        -:  131:#if __cplusplus >= 201103L
        -:  132:      // A deleted destructor is trivial, this ensures we reject such types:
        -:  133:      static_assert(is_destructible<_Value_type>::value,
        -:  134:		    "value type is destructible");
        -:  135:#endif
[...]
function _ZSt8_DestroyIPSt10unique_ptrIKN5Catch20IExceptionTranslatorESt14default_deleteIS3_EES6_EvT_S8_RSaIT0_E called 1 returned 100% blocks executed 100%
        1:  203:    _Destroy(_ForwardIterator __first, _ForwardIterator __last,
        -:  204:	     allocator<_Tp>&)
        -:  205:    {
        1:  206:      _Destroy(__first, __last);
        1:  206-block  0
call    0 returned 1
        1:  207:    }
------------------
_ZSt8_DestroyIN9__gnu_cxx17__normal_iteratorIPN5Catch5clara6detail3ArgESt6vectorIS5_SaIS5_EEEES5_EvT_SB_RSaIT0_E:
function _ZSt8_DestroyIN9__gnu_cxx17__normal_iteratorIPN5Catch5clara6detail3ArgESt6vectorIS5_SaIS5_EEEES5_EvT_SB_RSaIT0_E called 0 returned 0% blocks executed 0%
    #####:  203:    _Destroy(_ForwardIterator __first, _ForwardIterator __last,
        -:  204:	     allocator<_Tp>&)
        -:  205:    {
    #####:  206:      _Destroy(__first, __last);
    %%%%%:  206-block  0
call    0 never executed
    #####:  207:    }
------------------
_ZSt8_DestroyIPN5Catch9StringRefES1_EvT_S3_RSaIT0_E:
function _ZSt8_DestroyIPN5Catch9StringRefES1_EvT_S3_RSaIT0_E called 0 returned 0% blocks executed 0%
    #####:  203:    _Destroy(_ForwardIterator __first, _ForwardIterator __last,
        -:  204:	     allocator<_Tp>&)
        -:  205:    {
    #####:  206:      _Destroy(__first, __last);
    %%%%%:  206-block  0
call    0 never executed
    #####:  207:    }
------------------
_ZSt8_DestroyIPSt10shared_ptrIN5Catch8TestSpec7PatternEES4_EvT_S6_RSaIT0_E:
function _ZSt8_DestroyIPSt10shared_ptrIN5Catch8TestSpec7PatternEES4_EvT_S6_RSaIT0_E called 1 returned 100% blocks executed 100%
        1:  203:    _Destroy(_ForwardIterator __first, _ForwardIterator __last,
        -:  204:	     allocator<_Tp>&)
        -:  205:    {
        1:  206:      _Destroy(__first, __last);
        1:  206-block  0
call    0 returned 1
        1:  207:    }
------------------
_ZSt8_DestroyIPN5Catch8TestSpec6FilterES2_EvT_S4_RSaIT0_E:
function _ZSt8_DestroyIPN5Catch8TestSpec6FilterES2_EvT_S4_RSaIT0_E called 4 returned 100% blocks executed 100%
        4:  203:    _Destroy(_ForwardIterator __first, _ForwardIterator __last,
        -:  204:	     allocator<_Tp>&)
        -:  205:    {
        4:  206:      _Destroy(__first, __last);
        4:  206-block  0
call    0 returned 4
        4:  207:    }
------------------
_ZSt8_DestroyIPN5Catch5clara6detail3ArgES3_EvT_S5_RSaIT0_E:
function _ZSt8_DestroyIPN5Catch5clara6detail3ArgES3_EvT_S5_RSaIT0_E called 66 returned 100% blocks executed 100%
       66:  203:    _Destroy(_ForwardIterator __first, _ForwardIterator __last,
        -:  204:	     allocator<_Tp>&)
        -:  205:    {
       66:  206:      _Destroy(__first, __last);
       66:  206-block  0
call    0 returned 66
       66:  207:    }
------------------
_ZSt8_DestroyIPN5Catch5clara6detail3OptES3_EvT_S5_RSaIT0_E:
function _ZSt8_DestroyIPN5Catch5clara6detail3OptES3_EvT_S5_RSaIT0_E called 94 returned 100% blocks executed 100%
       94:  203:    _Destroy(_ForwardIterator __first, _ForwardIterator __last,
        -:  204:	     allocator<_Tp>&)
        -:  205:    {
       94:  206:      _Destroy(__first, __last);
       94:  206-block  0
call    0 returned 94
       94:  207:    }
------------------
_ZSt8_DestroyIPN5Catch5clara6detail11HelpColumnsES3_EvT_S5_RSaIT0_E:
function _ZSt8_DestroyIPN5Catch5clara6detail11HelpColumnsES3_EvT_S5_RSaIT0_E called 0 returned 0% blocks executed 0%
    #####:  203:    _Destroy(_ForwardIterator __first, _ForwardIterator __last,
        -:  204:	     allocator<_Tp>&)
        -:  205:    {
    #####:  206:      _Destroy(__first, __last);
    %%%%%:  206-block  0
call    0 never executed
    #####:  207:    }
------------------
_ZSt8_DestroyIPN5Catch5clara6detail5TokenES3_EvT_S5_RSaIT0_E:
function _ZSt8_DestroyIPN5Catch5clara6detail5TokenES3_EvT_S5_RSaIT0_E called 5 returned 100% blocks executed 100%
        5:  203:    _Destroy(_ForwardIterator __first, _ForwardIterator __last,
        -:  204:	     allocator<_Tp>&)
        -:  205:    {
        5:  206:      _Destroy(__first, __last);
        5:  206-block  0
call    0 returned 5
        5:  207:    }
------------------
_ZSt8_DestroyIPN5Catch5clara8TextFlow6ColumnES3_EvT_S5_RSaIT0_E:
function _ZSt8_DestroyIPN5Catch5clara8TextFlow6ColumnES3_EvT_S5_RSaIT0_E called 0 returned 0% blocks executed 0%
    #####:  203:    _Destroy(_ForwardIterator __first, _ForwardIterator __last,
        -:  204:	     allocator<_Tp>&)
        -:  205:    {
    #####:  206:      _Destroy(__first, __last);
    %%%%%:  206-block  0
call    0 never executed
    #####:  207:    }
------------------
_ZSt8_DestroyIPN5Catch5clara8TextFlow6Column8iteratorES4_EvT_S6_RSaIT0_E:
function _ZSt8_DestroyIPN5Catch5clara8TextFlow6Column8iteratorES4_EvT_S6_RSaIT0_E called 0 returned 0% blocks executed 0%
    #####:  203:    _Destroy(_ForwardIterator __first, _ForwardIterator __last,
        -:  204:	     allocator<_Tp>&)
        -:  205:    {
    #####:  206:      _Destroy(__first, __last);
    %%%%%:  206-block  0
call    0 never executed
    #####:  207:    }
------------------
_ZSt8_DestroyIPNSt7__cxx1112basic_stringIcSt11char_traitsIcESaIcEEES5_EvT_S7_RSaIT0_E:
function _ZSt8_DestroyIPNSt7__cxx1112basic_stringIcSt11char_traitsIcESaIcEEES5_EvT_S7_RSaIT0_E called 1586 returned 100% blocks executed 100%
     1586:  203:    _Destroy(_ForwardIterator __first, _ForwardIterator __last,
        -:  204:	     allocator<_Tp>&)
        -:  205:    {
     1586:  206:      _Destroy(__first, __last);
     1586:  206-block  0
call    0 returned 1586
     1586:  207:    }
------------------
_ZSt8_DestroyIPjjEvT_S1_RSaIT0_E:
function _ZSt8_DestroyIPjjEvT_S1_RSaIT0_E called 1 returned 100% blocks executed 100%
        1:  203:    _Destroy(_ForwardIterator __first, _ForwardIterator __last,
        -:  204:	     allocator<_Tp>&)
        -:  205:    {
        1:  206:      _Destroy(__first, __last);
        1:  206-block  0
call    0 returned 1
        1:  207:    }
------------------
_ZSt8_DestroyIPSt10unique_ptrIN5Catch18IStreamingReporterESt14default_deleteIS2_EES5_EvT_S7_RSaIT0_E:
function _ZSt8_DestroyIPSt10unique_ptrIN5Catch18IStreamingReporterESt14default_deleteIS2_EES5_EvT_S7_RSaIT0_E called 0 returned 0% blocks executed 0%
    #####:  203:    _Destroy(_ForwardIterator __first, _ForwardIterator __last,
        -:  204:	     allocator<_Tp>&)
        -:  205:    {
    #####:  206:      _Destroy(__first, __last);
    %%%%%:  206-block  0
call    0 never executed
    #####:  207:    }
------------------
_ZSt8_DestroyIPNSt7__cxx1112regex_traitsIcE10_RegexMaskES3_EvT_S5_RSaIT0_E:
function _ZSt8_DestroyIPNSt7__cxx1112regex_traitsIcE10_RegexMaskES3_EvT_S5_RSaIT0_E called 0 returned 0% blocks executed 0%
    #####:  203:    _Destroy(_ForwardIterator __first, _ForwardIterator __last,
        -:  204:	     allocator<_Tp>&)
        -:  205:    {
    #####:  206:      _Destroy(__first, __last);
    %%%%%:  206-block  0
call    0 never executed
    #####:  207:    }
------------------
_ZSt8_DestroyIPSt4pairIccES1_EvT_S3_RSaIT0_E:
function _ZSt8_DestroyIPSt4pairIccES1_EvT_S3_RSaIT0_E called 0 returned 0% blocks executed 0%
    #####:  203:    _Destroy(_ForwardIterator __first, _ForwardIterator __last,
        -:  204:	     allocator<_Tp>&)
        -:  205:    {
    #####:  206:      _Destroy(__first, __last);
    %%%%%:  206-block  0
call    0 never executed
    #####:  207:    }
------------------
_ZSt8_DestroyIPNSt8__detail6_StateIcEES2_EvT_S4_RSaIT0_E:
function _ZSt8_DestroyIPNSt8__detail6_StateIcEES2_EvT_S4_RSaIT0_E called 0 returned 0% blocks executed 0%
    #####:  203:    _Destroy(_ForwardIterator __first, _ForwardIterator __last,
        -:  204:	     allocator<_Tp>&)
        -:  205:    {
    #####:  206:      _Destroy(__first, __last);
    %%%%%:  206-block  0
call    0 never executed
    #####:  207:    }
------------------
_ZSt8_DestroyIN9__gnu_cxx17__normal_iteratorIPNSt7__cxx119sub_matchINS1_IPKcNS2_12basic_stringIcSt11char_traitsIcESaIcEEEEEEESt6vectorISC_SaISC_EEEESC_EvT_SI_RSaIT0_E:
function _ZSt8_DestroyIN9__gnu_cxx17__normal_iteratorIPNSt7__cxx119sub_matchINS1_IPKcNS2_12basic_stringIcSt11char_traitsIcESaIcEEEEEEESt6vectorISC_SaISC_EEEESC_EvT_SI_RSaIT0_E called 0 returned 0% blocks executed 0%
    #####:  203:    _Destroy(_ForwardIterator __first, _ForwardIterator __last,
        -:  204:	     allocator<_Tp>&)
        -:  205:    {
    #####:  206:      _Destroy(__first, __last);
    %%%%%:  206-block  0
call    0 never executed
    #####:  207:    }
------------------
_ZSt8_DestroyIPSt4pairIlSt6vectorINSt7__cxx119sub_matchIN9__gnu_cxx17__normal_iteratorIPKcNS2_12basic_stringIcSt11char_traitsIcESaIcEEEEEEESaISE_EEESH_EvT_SJ_RSaIT0_E:
function _ZSt8_DestroyIPSt4pairIlSt6vectorINSt7__cxx119sub_matchIN9__gnu_cxx17__normal_iteratorIPKcNS2_12basic_stringIcSt11char_traitsIcESaIcEEEEEEESaISE_EEESH_EvT_SJ_RSaIT0_E called 0 returned 0% blocks executed 0%
    #####:  203:    _Destroy(_ForwardIterator __first, _ForwardIterator __last,
        -:  204:	     allocator<_Tp>&)
        -:  205:    {
    #####:  206:      _Destroy(__first, __last);
    %%%%%:  206-block  0
call    0 never executed
    #####:  207:    }
------------------
_ZSt8_DestroyIPSt4pairIN9__gnu_cxx17__normal_iteratorIPKcNSt7__cxx1112basic_stringIcSt11char_traitsIcESaIcEEEEEiESC_EvT_SE_RSaIT0_E:
function _ZSt8_DestroyIPSt4pairIN9__gnu_cxx17__normal_iteratorIPKcNSt7__cxx1112basic_stringIcSt11char_traitsIcESaIcEEEEEiESC_EvT_SE_RSaIT0_E called 0 returned 0% blocks executed 0%
    #####:  203:    _Destroy(_ForwardIterator __first, _ForwardIterator __last,
        -:  204:	     allocator<_Tp>&)
        -:  205:    {
    #####:  206:      _Destroy(__first, __last);
    %%%%%:  206-block  0
call    0 never executed
    #####:  207:    }
------------------
_ZSt8_DestroyIPNSt7__cxx119sub_matchIN9__gnu_cxx17__normal_iteratorIPKcNS0_12basic_stringIcSt11char_traitsIcESaIcEEEEEEESC_EvT_SE_RSaIT0_E:
function _ZSt8_DestroyIPNSt7__cxx119sub_matchIN9__gnu_cxx17__normal_iteratorIPKcNS0_12basic_stringIcSt11char_traitsIcESaIcEEEEEEESC_EvT_SE_RSaIT0_E called 0 returned 0% blocks executed 0%
    #####:  203:    _Destroy(_ForwardIterator __first, _ForwardIterator __last,
        -:  204:	     allocator<_Tp>&)
        -:  205:    {
    #####:  206:      _Destroy(__first, __last);
    %%%%%:  206-block  0
call    0 never executed
    #####:  207:    }
------------------
_ZSt8_DestroyIPSt10unique_ptrINSt7__cxx1119basic_ostringstreamIcSt11char_traitsIcESaIcEEESt14default_deleteIS6_EES9_EvT_SB_RSaIT0_E:
function _ZSt8_DestroyIPSt10unique_ptrINSt7__cxx1119basic_ostringstreamIcSt11char_traitsIcESaIcEEESt14default_deleteIS6_EES9_EvT_SB_RSaIT0_E called 0 returned 0% blocks executed 0%
    #####:  203:    _Destroy(_ForwardIterator __first, _ForwardIterator __last,
        -:  204:	     allocator<_Tp>&)
        -:  205:    {
    #####:  206:      _Destroy(__first, __last);
    %%%%%:  206-block  0
call    0 never executed
    #####:  207:    }
------------------
_ZSt8_DestroyIPccEvT_S1_RSaIT0_E:
function _ZSt8_DestroyIPccEvT_S1_RSaIT0_E called 0 returned 0% blocks executed 0%
    #####:  203:    _Destroy(_ForwardIterator __first, _ForwardIterator __last,
        -:  204:	     allocator<_Tp>&)
        -:  205:    {
    #####:  206:      _Destroy(__first, __last);
    %%%%%:  206-block  0
call    0 never executed
    #####:  207:    }
------------------
_ZSt8_DestroyIPSt10unique_ptrIN5Catch6Detail8EnumInfoESt14default_deleteIS3_EES6_EvT_S8_RSaIT0_E:
function _ZSt8_DestroyIPSt10unique_ptrIN5Catch6Detail8EnumInfoESt14default_deleteIS3_EES6_EvT_S8_RSaIT0_E called 1 returned 100% blocks executed 100%
        1:  203:    _Destroy(_ForwardIterator __first, _ForwardIterator __last,
        -:  204:	     allocator<_Tp>&)
        -:  205:    {
        1:  206:      _Destroy(__first, __last);
        1:  206-block  0
call    0 returned 1
        1:  207:    }
------------------
_ZSt8_DestroyIPNSt15__exception_ptr13exception_ptrES1_EvT_S3_RSaIT0_E:
function _ZSt8_DestroyIPNSt15__exception_ptr13exception_ptrES1_EvT_S3_RSaIT0_E called 1 returned 100% blocks executed 100%
        1:  203:    _Destroy(_ForwardIterator __first, _ForwardIterator __last,
        -:  204:	     allocator<_Tp>&)
        -:  205:    {
        1:  206:      _Destroy(__first, __last);
        1:  206-block  0
call    0 returned 1
        1:  207:    }
------------------
_ZSt8_DestroyIPSt4pairINSt7__cxx1112basic_stringIcSt11char_traitsIcESaIcEEES6_ES7_EvT_S9_RSaIT0_E:
function _ZSt8_DestroyIPSt4pairINSt7__cxx1112basic_stringIcSt11char_traitsIcESaIcEEES6_ES7_EvT_S9_RSaIT0_E called 0 returned 0% blocks executed 0%
    #####:  203:    _Destroy(_ForwardIterator __first, _ForwardIterator __last,
        -:  204:	     allocator<_Tp>&)
        -:  205:    {
    #####:  206:      _Destroy(__first, __last);
    %%%%%:  206-block  0
call    0 never executed
    #####:  207:    }
------------------
_ZSt8_DestroyIPSt10shared_ptrIN5Catch22CumulativeReporterBaseINS1_13JunitReporterEE11SectionNodeEES6_EvT_S8_RSaIT0_E:
function _ZSt8_DestroyIPSt10shared_ptrIN5Catch22CumulativeReporterBaseINS1_13JunitReporterEE11SectionNodeEES6_EvT_S8_RSaIT0_E called 0 returned 0% blocks executed 0%
    #####:  203:    _Destroy(_ForwardIterator __first, _ForwardIterator __last,
        -:  204:	     allocator<_Tp>&)
        -:  205:    {
    #####:  206:      _Destroy(__first, __last);
    %%%%%:  206-block  0
call    0 never executed
    #####:  207:    }
------------------
_ZSt8_DestroyIPSt10shared_ptrIN5Catch22CumulativeReporterBaseINS1_13JunitReporterEE4NodeINS1_12TestRunStatsENS5_INS1_14TestGroupStatsENS5_INS1_13TestCaseStatsENS4_11SectionNodeEEEEEEEESD_EvT_SF_RSaIT0_E:
function _ZSt8_DestroyIPSt10shared_ptrIN5Catch22CumulativeReporterBaseINS1_13JunitReporterEE4NodeINS1_12TestRunStatsENS5_INS1_14TestGroupStatsENS5_INS1_13TestCaseStatsENS4_11SectionNodeEEEEEEEESD_EvT_SF_RSaIT0_E called 0 returned 0% blocks executed 0%
    #####:  203:    _Destroy(_ForwardIterator __first, _ForwardIterator __last,
        -:  204:	     allocator<_Tp>&)
        -:  205:    {
    #####:  206:      _Destroy(__first, __last);
    %%%%%:  206-block  0
call    0 never executed
    #####:  207:    }
------------------
_ZSt8_DestroyIPSt10shared_ptrIN5Catch22CumulativeReporterBaseINS1_13JunitReporterEE4NodeINS1_14TestGroupStatsENS5_INS1_13TestCaseStatsENS4_11SectionNodeEEEEEESB_EvT_SD_RSaIT0_E:
function _ZSt8_DestroyIPSt10shared_ptrIN5Catch22CumulativeReporterBaseINS1_13JunitReporterEE4NodeINS1_14TestGroupStatsENS5_INS1_13TestCaseStatsENS4_11SectionNodeEEEEEESB_EvT_SD_RSaIT0_E called 0 returned 0% blocks executed 0%
    #####:  203:    _Destroy(_ForwardIterator __first, _ForwardIterator __last,
        -:  204:	     allocator<_Tp>&)
        -:  205:    {
    #####:  206:      _Destroy(__first, __last);
    %%%%%:  206-block  0
call    0 never executed
    #####:  207:    }
------------------
_ZSt8_DestroyIPSt10shared_ptrIN5Catch22CumulativeReporterBaseINS1_13JunitReporterEE4NodeINS1_13TestCaseStatsENS4_11SectionNodeEEEES9_EvT_SB_RSaIT0_E:
function _ZSt8_DestroyIPSt10shared_ptrIN5Catch22CumulativeReporterBaseINS1_13JunitReporterEE4NodeINS1_13TestCaseStatsENS4_11SectionNodeEEEES9_EvT_SB_RSaIT0_E called 0 returned 0% blocks executed 0%
    #####:  203:    _Destroy(_ForwardIterator __first, _ForwardIterator __last,
        -:  204:	     allocator<_Tp>&)
        -:  205:    {
    #####:  206:      _Destroy(__first, __last);
    %%%%%:  206-block  0
call    0 never executed
    #####:  207:    }
------------------
_ZSt8_DestroyIPSt6vectorISt10shared_ptrIN5Catch22CumulativeReporterBaseINS2_13JunitReporterEE11SectionNodeEESaIS7_EES9_EvT_SB_RSaIT0_E:
function _ZSt8_DestroyIPSt6vectorISt10shared_ptrIN5Catch22CumulativeReporterBaseINS2_13JunitReporterEE11SectionNodeEESaIS7_EES9_EvT_SB_RSaIT0_E called 0 returned 0% blocks executed 0%
    #####:  203:    _Destroy(_ForwardIterator __first, _ForwardIterator __last,
        -:  204:	     allocator<_Tp>&)
        -:  205:    {
    #####:  206:      _Destroy(__first, __last);
    %%%%%:  206-block  0
call    0 never executed
    #####:  207:    }
------------------
_ZSt8_DestroyIPN5Catch14AssertionStatsES1_EvT_S3_RSaIT0_E:
function _ZSt8_DestroyIPN5Catch14AssertionStatsES1_EvT_S3_RSaIT0_E called 0 returned 0% blocks executed 0%
    #####:  203:    _Destroy(_ForwardIterator __first, _ForwardIterator __last,
        -:  204:	     allocator<_Tp>&)
        -:  205:    {
    #####:  206:      _Destroy(__first, __last);
    %%%%%:  206-block  0
call    0 never executed
    #####:  207:    }
------------------
_ZSt8_DestroyIPN5Catch13SummaryColumnES1_EvT_S3_RSaIT0_E:
function _ZSt8_DestroyIPN5Catch13SummaryColumnES1_EvT_S3_RSaIT0_E called 0 returned 0% blocks executed 0%
    #####:  203:    _Destroy(_ForwardIterator __first, _ForwardIterator __last,
        -:  204:	     allocator<_Tp>&)
        -:  205:    {
    #####:  206:      _Destroy(__first, __last);
    %%%%%:  206-block  0
call    0 never executed
    #####:  207:    }
------------------
_ZSt8_DestroyIPN5Catch12_GLOBAL__N_110ColumnInfoES2_EvT_S4_RSaIT0_E:
function _ZSt8_DestroyIPN5Catch12_GLOBAL__N_110ColumnInfoES2_EvT_S4_RSaIT0_E called 2 returned 100% blocks executed 100%
        2:  203:    _Destroy(_ForwardIterator __first, _ForwardIterator __last,
        -:  204:	     allocator<_Tp>&)
        -:  205:    {
        2:  206:      _Destroy(__first, __last);
        2:  206-block  0
call    0 returned 2
        2:  207:    }
------------------
_ZSt8_DestroyIPN5Catch11SectionInfoES1_EvT_S3_RSaIT0_E:
function _ZSt8_DestroyIPN5Catch11SectionInfoES1_EvT_S3_RSaIT0_E called 2 returned 100% blocks executed 100%
        2:  203:    _Destroy(_ForwardIterator __first, _ForwardIterator __last,
        -:  204:	     allocator<_Tp>&)
        -:  205:    {
        2:  206:      _Destroy(__first, __last);
        2:  206-block  0
call    0 returned 2
        2:  207:    }
------------------
_ZSt8_DestroyIPPKN5Catch8TestCaseES3_EvT_S5_RSaIT0_E:
function _ZSt8_DestroyIPPKN5Catch8TestCaseES3_EvT_S5_RSaIT0_E called 0 returned 0% blocks executed 0%
    #####:  203:    _Destroy(_ForwardIterator __first, _ForwardIterator __last,
        -:  204:	     allocator<_Tp>&)
        -:  205:    {
    #####:  206:      _Destroy(__first, __last);
    %%%%%:  206-block  0
call    0 never executed
    #####:  207:    }
------------------
_ZSt8_DestroyIPPN5Catch10ISingletonES2_EvT_S4_RSaIT0_E:
function _ZSt8_DestroyIPPN5Catch10ISingletonES2_EvT_S4_RSaIT0_E called 2 returned 100% blocks executed 100%
        2:  203:    _Destroy(_ForwardIterator __first, _ForwardIterator __last,
        -:  204:	     allocator<_Tp>&)
        -:  205:    {
        2:  206:      _Destroy(__first, __last);
        2:  206-block  0
call    0 returned 2
        2:  207:    }
------------------
        -:  208:
        -:  209:#if __cplusplus > 201402L
        -:  210:  template <typename _Tp>
        -:  211:    inline void
        -:  212:    destroy_at(_Tp* __location)
        -:  213:    {
        -:  214:      std::_Destroy(__location);
        -:  215:    }
        -:  216:
        -:  217:  template <typename _ForwardIterator>
        -:  218:    inline void
        -:  219:    destroy(_ForwardIterator __first, _ForwardIterator __last)
        -:  220:    {
        -:  221:      std::_Destroy(__first, __last);
        -:  222:    }
        -:  223:
        -:  224:  template <typename _ForwardIterator, typename _Size>
        -:  225:    inline _ForwardIterator
        -:  226:    destroy_n(_ForwardIterator __first, _Size __count)
        -:  227:    {
        -:  228:      return std::_Destroy_n(__first, __count);
        -:  229:    }
        -:  230:#endif
        -:  231:
        -:  232:_GLIBCXX_END_NAMESPACE_VERSION
        -:  233:} // namespace std
        -:  234:
        -:  235:#endif /* _STL_CONSTRUCT_H */
        -:  236:
